2024-11-06 09:29:29.709 [info] Log level: Info
2024-11-06 09:29:29.709 [info] Validating found git in: "git"
2024-11-06 09:29:29.710 [info] Using git "2.43.2" from "git"
2024-11-06 09:29:29.716 [info] > git rev-parse --show-toplevel [9ms]
2024-11-06 09:29:30.670 [info] > git rev-parse --git-dir --git-common-dir [834ms]
2024-11-06 09:29:30.700 [info] Open repository: /home/marion/visualisation
2024-11-06 09:29:30.770 [info] > git config --get commit.template [41ms]
2024-11-06 09:29:30.832 [info] > git for-each-ref --format=%(refname)%00%(upstream:short)%00%(objectname)%00%(upstream:track)%00%(upstream:remotename)%00%(upstream:remoteref) refs/heads/main refs/remotes/main [41ms]
2024-11-06 09:29:30.837 [info] > git rev-parse --show-toplevel [70ms]
2024-11-06 09:29:30.980 [info] > git rev-parse --git-dir --git-common-dir [94ms]
2024-11-06 09:29:31.088 [info] Open repository: /home/marion/visualisation/d3visualisation
2024-11-06 09:29:31.178 [info] > git status -z -uall [203ms]
2024-11-06 09:29:31.332 [info] > git rev-parse --show-toplevel [155ms]
2024-11-06 09:29:31.332 [info] > git config --get commit.template [205ms]
2024-11-06 09:29:31.489 [info] > git config --get commit.template [158ms]
2024-11-06 09:29:31.490 [info] > git fetch [789ms]
2024-11-06 09:29:31.557 [info] > git for-each-ref --format=%(refname)%00%(upstream:short)%00%(objectname)%00%(upstream:track)%00%(upstream:remotename)%00%(upstream:remoteref) refs/heads/main refs/remotes/main [49ms]
2024-11-06 09:29:31.557 [info] > git rev-parse --git-dir --git-common-dir [71ms]
2024-11-06 09:29:31.601 [info] Open repository: /home/marion/visualisation/d3trials
2024-11-06 09:29:31.737 [info] > git check-ignore -v -z --stdin [76ms]
2024-11-06 09:29:31.738 [info] > git for-each-ref --format=%(refname)%00%(upstream:short)%00%(objectname)%00%(upstream:track)%00%(upstream:remotename)%00%(upstream:remoteref) refs/heads/main refs/remotes/main [182ms]
2024-11-06 09:29:31.739 [info] > git fetch [651ms]
2024-11-06 09:29:31.739 [info] > git config --get commit.template [200ms]
2024-11-06 09:29:31.917 [info] > git config --get commit.template [219ms]
2024-11-06 09:29:31.984 [info] > git config --get commit.template [68ms]
2024-11-06 09:29:31.984 [info] > git for-each-ref --format=%(refname)%00%(upstream:short)%00%(objectname)%00%(upstream:track)%00%(upstream:remotename)%00%(upstream:remoteref) refs/heads/main refs/remotes/main [108ms]
2024-11-06 09:29:31.984 [info] > git rev-parse --show-toplevel [248ms]
2024-11-06 09:29:32.200 [info] > git for-each-ref --format=%(refname)%00%(upstream:short)%00%(objectname)%00%(upstream:track)%00%(upstream:remotename)%00%(upstream:remoteref) refs/heads/main refs/remotes/main [123ms]
2024-11-06 09:29:32.201 [info] > git config --get commit.template [29ms]
2024-11-06 09:29:32.201 [info] > git rev-parse --git-dir --git-common-dir [90ms]
2024-11-06 09:29:32.243 [info] Open repository: /home/marion/visualisation/d3visualisationgraph
2024-11-06 09:29:32.320 [info] > git for-each-ref --format=%(refname)%00%(upstream:short)%00%(objectname)%00%(upstream:track)%00%(upstream:remotename)%00%(upstream:remoteref) refs/heads/main refs/remotes/main [122ms]
2024-11-06 09:29:32.352 [info] > git config --get commit.template [56ms]
2024-11-06 09:29:32.373 [info] > git status -z -uall [114ms]
2024-11-06 09:29:32.390 [info] > git rev-parse --show-toplevel [79ms]
2024-11-06 09:29:32.487 [info] > git for-each-ref --format=%(refname)%00%(upstream:short)%00%(objectname)%00%(upstream:track)%00%(upstream:remotename)%00%(upstream:remoteref) refs/heads/main refs/remotes/main [142ms]
2024-11-06 09:29:32.487 [info] > git fetch [893ms]
2024-11-06 09:29:32.628 [info] > git status -z -uall [259ms] (cancelled)
2024-11-06 09:29:32.628 [info] > git check-ignore -v -z --stdin [82ms]
2024-11-06 09:29:32.629 [info] > git rev-parse --git-dir --git-common-dir [146ms]
2024-11-06 09:29:32.692 [info] Open repository: /home/marion/visualisation/d3visualisationgraph-1
2024-11-06 09:29:32.694 [info] > git for-each-ref --format=%(refname)%00%(upstream:short)%00%(objectname)%00%(upstream:track)%00%(upstream:remotename)%00%(upstream:remoteref) refs/heads/main refs/remotes/main [270ms]
2024-11-06 09:29:32.923 [warning] ENOENT: no such file or directory, open '/home/marion/visualisation/d3visualisationgraph/.git/refs/remotes/origin/main'
2024-11-06 09:29:32.929 [info] > git config --get commit.template [318ms]
2024-11-06 09:29:32.929 [info] > git config --get commit.template [358ms]
2024-11-06 09:29:32.978 [info] > git config --get commit.template [84ms]
2024-11-06 09:29:33.061 [info] > git status -z -uall [39ms]
2024-11-06 09:29:33.061 [info] > git rev-parse refs/remotes/origin/main [138ms]
2024-11-06 09:29:33.181 [info] > git status -z -uall [97ms]
2024-11-06 09:29:33.200 [info] > git for-each-ref --format=%(refname)%00%(upstream:short)%00%(objectname)%00%(upstream:track)%00%(upstream:remotename)%00%(upstream:remoteref) refs/heads/main refs/remotes/main [141ms]
2024-11-06 09:29:33.200 [info] > git for-each-ref --format=%(refname)%00%(upstream:short)%00%(objectname)%00%(upstream:track)%00%(upstream:remotename)%00%(upstream:remoteref) refs/heads/main refs/remotes/main [165ms]
2024-11-06 09:29:33.265 [info] > git for-each-ref --format=%(refname)%00%(upstream:short)%00%(objectname)%00%(upstream:track)%00%(upstream:remotename)%00%(upstream:remoteref) refs/heads/main refs/remotes/main [86ms]
2024-11-06 09:29:33.487 [warning] ENOENT: no such file or directory, open '/home/marion/visualisation/d3visualisationgraph-1/.git/refs/remotes/origin/main'
2024-11-06 09:29:33.488 [info] > git config --get commit.template [225ms]
2024-11-06 09:29:33.563 [info] > git rev-parse refs/remotes/origin/main [76ms]
2024-11-06 09:29:33.728 [info] > git status -z -uall [127ms]
2024-11-06 09:29:33.728 [info] > git check-ignore -v -z --stdin [97ms]
2024-11-06 09:29:33.815 [info] > git status -z -uall [89ms]
2024-11-06 09:29:33.858 [info] > git for-each-ref --format=%(refname)%00%(upstream:short)%00%(objectname)%00%(upstream:track)%00%(upstream:remotename)%00%(upstream:remoteref) refs/heads/main refs/remotes/main [189ms]
2024-11-06 09:29:33.913 [warning] ENOENT: no such file or directory, open '/home/marion/visualisation/d3visualisationgraph/.git/refs/remotes/origin/main'
2024-11-06 09:29:33.916 [info] > git config --get commit.template [120ms]
2024-11-06 09:29:33.921 [info] > git rev-parse refs/remotes/origin/main [7ms]
2024-11-06 09:29:34.010 [info] > git status -z -uall [49ms]
2024-11-06 09:29:34.024 [info] > git for-each-ref --format=%(refname)%00%(upstream:short)%00%(objectname)%00%(upstream:track)%00%(upstream:remotename)%00%(upstream:remoteref) refs/heads/main refs/remotes/main [37ms]
2024-11-06 09:29:34.122 [warning] ENOENT: no such file or directory, open '/home/marion/visualisation/d3visualisationgraph-1/.git/refs/remotes/origin/main'
2024-11-06 09:29:34.142 [info] > git rev-parse refs/remotes/origin/main [20ms]
2024-11-06 09:29:34.209 [info] > git status -z -uall [22ms]
2024-11-06 09:29:34.971 [info] > git fetch [2729ms]
2024-11-06 09:29:34.974 [info] Missing or invalid credentials.
Skip silent fetch commands
Missing or invalid credentials.
Skip silent fetch commands
remote: HTTP Basic: Access denied. If a password was provided for Git authentication, the password was incorrect or you're required to use a token instead of a password. If a token was provided, it was either incorrect, expired, or improperly scoped. See https://git.codeschaffer.de/help/topics/git/troubleshooting_git.md#error-on-git-fetch-http-basic-access-denied
fatal: Authentication failed for 'https://git.codeschaffer.de/marion/d3visualisationgraph.git/'
2024-11-06 09:29:35.177 [info] > git config --get commit.template [160ms]
2024-11-06 09:29:35.192 [info] > git fetch [2501ms]
2024-11-06 09:29:35.192 [info] Missing or invalid credentials.
Skip silent fetch commands
Missing or invalid credentials.
Skip silent fetch commands
remote: HTTP Basic: Access denied. If a password was provided for Git authentication, the password was incorrect or you're required to use a token instead of a password. If a token was provided, it was either incorrect, expired, or improperly scoped. See https://git.codeschaffer.de/help/topics/git/troubleshooting_git.md#error-on-git-fetch-http-basic-access-denied
fatal: Authentication failed for 'https://git.codeschaffer.de/marion/d3visualisationgraph.git/'
2024-11-06 09:29:35.205 [info] > git for-each-ref --format=%(refname)%00%(upstream:short)%00%(objectname)%00%(upstream:track)%00%(upstream:remotename)%00%(upstream:remoteref) refs/heads/main refs/remotes/main [125ms]
2024-11-06 09:29:35.425 [warning] ENOENT: no such file or directory, open '/home/marion/visualisation/d3visualisationgraph/.git/refs/remotes/origin/main'
2024-11-06 09:29:35.428 [info] > git rev-parse refs/remotes/origin/main [3ms]
2024-11-06 09:29:35.535 [info] > git config --get commit.template [162ms]
2024-11-06 09:29:35.579 [info] > git status -z -uall [44ms]
2024-11-06 09:29:35.582 [info] > git for-each-ref --format=%(refname)%00%(upstream:short)%00%(objectname)%00%(upstream:track)%00%(upstream:remotename)%00%(upstream:remoteref) refs/heads/main refs/remotes/main [4ms]
2024-11-06 09:29:35.618 [warning] ENOENT: no such file or directory, open '/home/marion/visualisation/d3visualisationgraph-1/.git/refs/remotes/origin/main'
2024-11-06 09:29:35.633 [info] > git rev-parse refs/remotes/origin/main [14ms]
2024-11-06 09:29:35.761 [info] > git status -z -uall [60ms]
2024-11-06 09:29:39.412 [info] > git config --get commit.template [20ms]
2024-11-06 09:29:39.412 [info] > git config --get commit.template [44ms]
2024-11-06 09:29:39.412 [info] > git config --get commit.template [54ms]
2024-11-06 09:29:39.412 [info] > git config --get commit.template [70ms]
2024-11-06 09:29:39.461 [info] > git config --get commit.template [61ms]
2024-11-06 09:29:39.947 [info] > git for-each-ref --format=%(refname)%00%(upstream:short)%00%(objectname)%00%(upstream:track)%00%(upstream:remotename)%00%(upstream:remoteref) refs/heads/main refs/remotes/main [362ms]
2024-11-06 09:29:39.948 [info] > git for-each-ref --format=%(refname)%00%(upstream:short)%00%(objectname)%00%(upstream:track)%00%(upstream:remotename)%00%(upstream:remoteref) refs/heads/main refs/remotes/main [380ms]
2024-11-06 09:29:39.948 [info] > git for-each-ref --format=%(refname)%00%(upstream:short)%00%(objectname)%00%(upstream:track)%00%(upstream:remotename)%00%(upstream:remoteref) refs/heads/main refs/remotes/main [409ms]
2024-11-06 09:29:39.949 [info] > git for-each-ref --format=%(refname)%00%(upstream:short)%00%(objectname)%00%(upstream:track)%00%(upstream:remotename)%00%(upstream:remoteref) refs/heads/main refs/remotes/main [426ms]
2024-11-06 09:29:39.949 [info] > git for-each-ref --format=%(refname)%00%(upstream:short)%00%(objectname)%00%(upstream:track)%00%(upstream:remotename)%00%(upstream:remoteref) refs/heads/main refs/remotes/main [448ms]
2024-11-06 09:29:40.027 [warning] ENOENT: no such file or directory, open '/home/marion/visualisation/d3visualisationgraph/.git/refs/remotes/origin/main'
2024-11-06 09:29:40.066 [warning] ENOENT: no such file or directory, open '/home/marion/visualisation/d3visualisationgraph-1/.git/refs/remotes/origin/main'
2024-11-06 09:29:40.069 [info] > git config --local branch.main.github-pr-owner-number [344ms]
2024-11-06 09:29:40.132 [info] > git check-ignore -v -z --stdin [163ms]
2024-11-06 09:29:40.135 [info] > git check-ignore -v -z --stdin [155ms]
2024-11-06 09:29:40.136 [info] > git rev-parse refs/remotes/origin/main [69ms]
2024-11-06 09:29:40.173 [info] > git rev-parse refs/remotes/origin/main [146ms]
2024-11-06 09:29:40.209 [info] > git config --local branch.main.github-pr-owner-number [203ms]
2024-11-06 09:29:40.280 [info] > git status -z -uall [107ms]
2024-11-06 09:29:40.280 [info] > git status -z -uall [71ms]
2024-11-06 09:29:40.438 [info] > git config --local branch.main.github-pr-owner-number [174ms]
2024-11-06 09:29:40.445 [info] > git status -z -uall [98ms]
2024-11-06 09:29:40.446 [info] > git status -z -uall [72ms]
2024-11-06 09:29:40.621 [info] > git status -z -uall [191ms]
2024-11-06 09:29:41.059 [info] > git show --textconv :src/app/newgraph/newgraph.component.ts [113ms]
2024-11-06 09:29:41.094 [info] > git ls-files --stage -- /home/marion/visualisation/d3visualisation/src/app/newgraph/newgraph.component.ts [106ms]
2024-11-06 09:29:41.143 [info] > git cat-file -s abecd5196609e98354ccbcfca703017b0107e229 [29ms]
2024-11-06 09:29:41.626 [info] > git config --local branch.main.github-pr-owner-number [314ms]
2024-11-06 09:29:41.643 [info] > git config --local branch.main.github-pr-owner-number [29ms]
2024-11-06 09:31:22.805 [info] > git merge-base refs/heads/main refs/remotes/origin/main [54ms]
2024-11-06 09:31:22.827 [info] > git merge-base refs/heads/main refs/remotes/origin/main [99ms]
2024-11-06 09:31:22.853 [info] > git merge-base refs/heads/main refs/remotes/origin/main [148ms]
2024-11-06 09:31:22.877 [info] > git merge-base refs/heads/main refs/remotes/origin/master [191ms]
2024-11-06 09:31:22.897 [info] > git rev-list --count --left-right refs/heads/main...refs/remotes/origin/master [5ms]
2024-11-06 09:31:22.899 [info] > git rev-list --count --left-right refs/heads/main...refs/remotes/origin/main [22ms]
2024-11-06 09:31:22.900 [info] > git rev-list --count --left-right refs/heads/main...refs/remotes/origin/main [49ms]
2024-11-06 09:31:22.908 [info] > git rev-list --count --left-right refs/heads/main...refs/remotes/origin/main [81ms]
2024-11-06 09:31:22.910 [info] > git merge-base refs/heads/main refs/remotes/origin/main [116ms]
2024-11-06 09:31:22.941 [info] > git rev-list --count --left-right refs/heads/main...refs/remotes/origin/main [15ms]
2024-11-06 09:31:46.314 [info] > git config --get commit.template [42ms]
2024-11-06 09:31:46.318 [info] > git config --get commit.template [9ms]
2024-11-06 09:31:46.378 [info] > git for-each-ref --format=%(refname)%00%(upstream:short)%00%(objectname)%00%(upstream:track)%00%(upstream:remotename)%00%(upstream:remoteref) refs/heads/main refs/remotes/main [19ms]
2024-11-06 09:31:46.380 [info] > git for-each-ref --format=%(refname)%00%(upstream:short)%00%(objectname)%00%(upstream:track)%00%(upstream:remotename)%00%(upstream:remoteref) refs/heads/main refs/remotes/main [4ms]
2024-11-06 09:31:46.415 [info] > git status -z -uall [20ms]
2024-11-06 09:31:46.425 [info] > git status -z -uall [11ms]
2024-11-06 09:32:01.686 [info] > git config --get commit.template [3ms]
2024-11-06 09:32:01.686 [info] > git config --get commit.template [26ms]
2024-11-06 09:32:01.708 [info] > git for-each-ref --format=%(refname)%00%(upstream:short)%00%(objectname)%00%(upstream:track)%00%(upstream:remotename)%00%(upstream:remoteref) refs/heads/main refs/remotes/main [16ms]
2024-11-06 09:32:01.709 [info] > git for-each-ref --format=%(refname)%00%(upstream:short)%00%(objectname)%00%(upstream:track)%00%(upstream:remotename)%00%(upstream:remoteref) refs/heads/main refs/remotes/main [3ms]
2024-11-06 09:32:01.735 [info] > git status -z -uall [13ms]
2024-11-06 09:32:01.750 [info] > git status -z -uall [19ms]
2024-11-06 09:32:32.792 [info] > git fetch [385ms]
2024-11-06 09:32:32.813 [info] > git config --get commit.template [11ms]
2024-11-06 09:32:32.814 [info] > git for-each-ref --format=%(refname)%00%(upstream:short)%00%(objectname)%00%(upstream:track)%00%(upstream:remotename)%00%(upstream:remoteref) refs/heads/main refs/remotes/main [1ms]
2024-11-06 09:32:32.833 [info] > git status -z -uall [9ms]
2024-11-06 09:32:32.944 [info] > git fetch [372ms]
2024-11-06 09:32:33.004 [info] > git config --get commit.template [19ms]
2024-11-06 09:32:33.006 [info] > git for-each-ref --format=%(refname)%00%(upstream:short)%00%(objectname)%00%(upstream:track)%00%(upstream:remotename)%00%(upstream:remoteref) refs/heads/main refs/remotes/main [4ms]
2024-11-06 09:32:33.039 [info] > git status -z -uall [7ms]
2024-11-06 09:32:33.948 [info] > git config --get commit.template [19ms]
2024-11-06 09:32:33.950 [info] > git for-each-ref --format=%(refname)%00%(upstream:short)%00%(objectname)%00%(upstream:track)%00%(upstream:remotename)%00%(upstream:remoteref) refs/heads/main refs/remotes/main [3ms]
2024-11-06 09:32:33.995 [info] > git status -z -uall [27ms]
2024-11-06 09:32:34.159 [info] > git fetch [419ms]
2024-11-06 09:32:34.180 [info] > git config --get commit.template [15ms]
2024-11-06 09:32:34.181 [info] > git for-each-ref --format=%(refname)%00%(upstream:short)%00%(objectname)%00%(upstream:track)%00%(upstream:remotename)%00%(upstream:remoteref) refs/heads/main refs/remotes/main [3ms]
2024-11-06 09:32:34.192 [info] > git status -z -uall [2ms]
2024-11-06 09:33:27.550 [info] > git config --get commit.template [18ms]
2024-11-06 09:33:27.587 [info] > git for-each-ref --format=%(refname)%00%(upstream:short)%00%(objectname)%00%(upstream:track)%00%(upstream:remotename)%00%(upstream:remoteref) refs/heads/main refs/remotes/main [19ms]
2024-11-06 09:33:27.587 [info] > git config --get commit.template [38ms]
2024-11-06 09:33:27.587 [info] > git for-each-ref --format=%(refname)%00%(upstream:short)%00%(objectname)%00%(upstream:track)%00%(upstream:remotename)%00%(upstream:remoteref) refs/heads/main refs/remotes/main [2ms]
2024-11-06 09:33:27.699 [info] > git status -z -uall [100ms]
2024-11-06 09:33:27.699 [info] > git status -z -uall [72ms]
2024-11-06 09:33:27.705 [info] > git ls-files --stage -- /home/marion/visualisation/d3visualisation/src/app/newgraph/newgraph.component.ts [6ms]
2024-11-06 09:33:27.734 [info] > git cat-file -s abecd5196609e98354ccbcfca703017b0107e229 [2ms]
2024-11-06 09:33:27.767 [info] > git show --textconv :src/app/newgraph/newgraph.component.ts [17ms]
2024-11-06 09:34:17.419 [info] > git log --oneline --cherry main...main@{upstream} -- [5ms]
2024-11-06 09:34:17.895 [info] > git pull --tags origin main [457ms]
2024-11-06 09:34:17.895 [info] From https://github.com/marionbahati/d3trials
 * branch            main       -> FETCH_HEAD
2024-11-06 09:34:17.950 [info] > git for-each-ref --format=%(refname)%00%(upstream:short)%00%(objectname)%00%(upstream:track)%00%(upstream:remotename)%00%(upstream:remoteref) refs/heads/main refs/remotes/main [6ms]
2024-11-06 09:34:17.952 [info] > git config --get commit.template [31ms]
2024-11-06 09:34:17.984 [info] > git status -z -uall [8ms]
2024-11-06 09:34:18.182 [info] > git config --local branch.main.github-pr-owner-number [14ms]
2024-11-06 09:34:18.230 [info] > git merge-base refs/heads/main refs/remotes/origin/main [13ms]
2024-11-06 09:34:18.257 [info] > git rev-list --count --left-right refs/heads/main...refs/remotes/origin/main [8ms]
2024-11-06 09:34:19.171 [info] > git config --get commit.template [31ms]
2024-11-06 09:34:19.173 [info] > git config --get commit.template [3ms]
2024-11-06 09:34:19.214 [info] > git for-each-ref --format=%(refname)%00%(upstream:short)%00%(objectname)%00%(upstream:track)%00%(upstream:remotename)%00%(upstream:remoteref) refs/heads/main refs/remotes/main [23ms]
2024-11-06 09:34:19.215 [info] > git for-each-ref --format=%(refname)%00%(upstream:short)%00%(objectname)%00%(upstream:track)%00%(upstream:remotename)%00%(upstream:remoteref) refs/heads/main refs/remotes/main [5ms]
2024-11-06 09:34:19.244 [info] > git status -z -uall [19ms]
2024-11-06 09:34:19.250 [info] > git status -z -uall [9ms]
2024-11-06 09:34:35.431 [info] > git log --oneline --cherry main...main@{upstream} -- [3ms]
2024-11-06 09:34:35.857 [info] > git pull --tags origin main [418ms]
2024-11-06 09:34:35.857 [info] From https://github.com/marionbahati/d3trials
 * branch            main       -> FETCH_HEAD
2024-11-06 09:34:37.439 [info] > git push origin main:main [1554ms]
2024-11-06 09:34:37.439 [info] To https://github.com/marionbahati/d3trials.git
   5454ae0..a81db76  main -> main
2024-11-06 09:34:37.479 [info] > git config --get commit.template [24ms]
2024-11-06 09:34:37.485 [info] > git for-each-ref --format=%(refname)%00%(upstream:short)%00%(objectname)%00%(upstream:track)%00%(upstream:remotename)%00%(upstream:remoteref) refs/heads/main refs/remotes/main [9ms]
2024-11-06 09:34:37.525 [info] > git status -z -uall [16ms]
2024-11-06 09:34:38.008 [info] > git config --local branch.main.github-pr-owner-number [47ms]
2024-11-06 09:34:38.026 [info] > git config --local branch.main.github-pr-owner-number [90ms]
2024-11-06 09:34:38.030 [info] > git config --local branch.main.github-pr-owner-number [138ms]
2024-11-06 09:34:38.034 [info] > git config --local branch.main.github-pr-owner-number [339ms]
2024-11-06 09:34:38.135 [info] > git merge-base refs/heads/main refs/remotes/origin/main [22ms]
2024-11-06 09:34:38.210 [info] > git config --local branch.main.github-pr-owner-number [187ms]
2024-11-06 09:34:38.250 [info] > git rev-list --count --left-right refs/heads/main...refs/remotes/origin/main [60ms]
2024-11-06 09:39:37.958 [info] > git config --local branch.main.github-pr-owner-number [1ms]
2024-11-06 09:39:38.087 [info] > git config --local branch.main.github-pr-owner-number [23ms]
2024-11-06 09:39:38.089 [info] > git config --local branch.main.github-pr-owner-number [45ms]
2024-11-06 09:39:38.091 [info] > git config --local branch.main.github-pr-owner-number [7ms]
2024-11-06 09:39:38.229 [info] > git config --local branch.main.github-pr-owner-number [1ms]
2024-11-06 09:44:37.978 [info] > git config --local branch.main.github-pr-owner-number [2ms]
2024-11-06 09:44:38.133 [info] > git config --local branch.main.github-pr-owner-number [22ms]
2024-11-06 09:44:38.157 [info] > git config --local branch.main.github-pr-owner-number [25ms]
2024-11-06 09:44:38.160 [info] > git config --local branch.main.github-pr-owner-number [6ms]
2024-11-06 09:44:38.257 [info] > git config --local branch.main.github-pr-owner-number [6ms]
2024-11-06 09:49:37.990 [info] > git config --local branch.main.github-pr-owner-number [1ms]
2024-11-06 09:49:38.153 [info] > git config --local branch.main.github-pr-owner-number [1ms]
2024-11-06 09:49:38.175 [info] > git config --local branch.main.github-pr-owner-number [9ms]
2024-11-06 09:49:38.176 [info] > git config --local branch.main.github-pr-owner-number [2ms]
2024-11-06 09:49:38.276 [info] > git config --local branch.main.github-pr-owner-number [1ms]
2024-11-06 09:54:38.003 [info] > git config --local branch.main.github-pr-owner-number [2ms]
2024-11-06 09:54:38.171 [info] > git config --local branch.main.github-pr-owner-number [1ms]
2024-11-06 09:54:38.190 [info] > git config --local branch.main.github-pr-owner-number [7ms]
2024-11-06 09:54:38.191 [info] > git config --local branch.main.github-pr-owner-number [1ms]
2024-11-06 09:54:38.307 [info] > git config --local branch.main.github-pr-owner-number [4ms]
2024-11-06 09:59:38.030 [info] > git config --local branch.main.github-pr-owner-number [5ms]
2024-11-06 09:59:38.246 [info] > git config --local branch.main.github-pr-owner-number [33ms]
2024-11-06 09:59:38.248 [info] > git config --local branch.main.github-pr-owner-number [57ms]
2024-11-06 09:59:38.250 [info] > git config --local branch.main.github-pr-owner-number [7ms]
2024-11-06 09:59:38.322 [info] > git config --local branch.main.github-pr-owner-number [2ms]
2024-11-06 10:04:38.048 [info] > git config --local branch.main.github-pr-owner-number [1ms]
2024-11-06 10:04:38.292 [info] > git config --local branch.main.github-pr-owner-number [22ms]
2024-11-06 10:04:38.325 [info] > git config --local branch.main.github-pr-owner-number [35ms]
2024-11-06 10:04:38.347 [info] > git config --local branch.main.github-pr-owner-number [25ms]
2024-11-06 10:04:38.351 [info] > git config --local branch.main.github-pr-owner-number [5ms]
2024-11-06 10:09:38.058 [info] > git config --local branch.main.github-pr-owner-number [1ms]
2024-11-06 10:09:38.310 [info] > git config --local branch.main.github-pr-owner-number [1ms]
2024-11-06 10:09:38.337 [info] > git config --local branch.main.github-pr-owner-number [2ms]
2024-11-06 10:09:38.370 [info] > git config --local branch.main.github-pr-owner-number [10ms]
2024-11-06 10:09:38.371 [info] > git config --local branch.main.github-pr-owner-number [2ms]
2024-11-06 10:14:38.070 [info] > git config --local branch.main.github-pr-owner-number [1ms]
2024-11-06 10:14:38.328 [info] > git config --local branch.main.github-pr-owner-number [1ms]
2024-11-06 10:14:38.346 [info] > git config --local branch.main.github-pr-owner-number [1ms]
2024-11-06 10:14:38.388 [info] > git config --local branch.main.github-pr-owner-number [6ms]
2024-11-06 10:14:38.389 [info] > git config --local branch.main.github-pr-owner-number [1ms]
2024-11-06 10:19:38.086 [info] > git config --local branch.main.github-pr-owner-number [1ms]
2024-11-06 10:19:38.344 [info] > git config --local branch.main.github-pr-owner-number [1ms]
2024-11-06 10:19:38.354 [info] > git config --local branch.main.github-pr-owner-number [1ms]
2024-11-06 10:19:38.405 [info] > git config --local branch.main.github-pr-owner-number [8ms]
2024-11-06 10:19:38.414 [info] > git config --local branch.main.github-pr-owner-number [9ms]
2024-11-06 10:24:38.099 [info] > git config --local branch.main.github-pr-owner-number [1ms]
2024-11-06 10:24:38.366 [info] > git config --local branch.main.github-pr-owner-number [6ms]
2024-11-06 10:24:38.367 [info] > git config --local branch.main.github-pr-owner-number [1ms]
2024-11-06 10:24:38.426 [info] > git config --local branch.main.github-pr-owner-number [7ms]
2024-11-06 10:24:38.427 [info] > git config --local branch.main.github-pr-owner-number [1ms]
2024-11-06 10:29:38.116 [info] > git config --local branch.main.github-pr-owner-number [1ms]
2024-11-06 10:29:38.389 [info] > git config --local branch.main.github-pr-owner-number [7ms]
2024-11-06 10:29:38.390 [info] > git config --local branch.main.github-pr-owner-number [2ms]
2024-11-06 10:29:38.442 [info] > git config --local branch.main.github-pr-owner-number [6ms]
2024-11-06 10:29:38.443 [info] > git config --local branch.main.github-pr-owner-number [1ms]
2024-11-06 10:34:38.133 [info] > git config --local branch.main.github-pr-owner-number [1ms]
2024-11-06 10:34:38.406 [info] > git config --local branch.main.github-pr-owner-number [6ms]
2024-11-06 10:34:38.406 [info] > git config --local branch.main.github-pr-owner-number [1ms]
2024-11-06 10:34:38.479 [info] > git config --local branch.main.github-pr-owner-number [20ms]
2024-11-06 10:34:38.482 [info] > git config --local branch.main.github-pr-owner-number [4ms]
2024-11-06 10:39:38.151 [info] > git config --local branch.main.github-pr-owner-number [1ms]
2024-11-06 10:39:38.422 [info] > git config --local branch.main.github-pr-owner-number [7ms]
2024-11-06 10:39:38.423 [info] > git config --local branch.main.github-pr-owner-number [2ms]
2024-11-06 10:39:38.515 [info] > git config --local branch.main.github-pr-owner-number [20ms]
2024-11-06 10:39:38.519 [info] > git config --local branch.main.github-pr-owner-number [8ms]
2024-11-06 10:44:38.162 [info] > git config --local branch.main.github-pr-owner-number [1ms]
2024-11-06 10:44:38.444 [info] > git config --local branch.main.github-pr-owner-number [7ms]
2024-11-06 10:44:38.445 [info] > git config --local branch.main.github-pr-owner-number [2ms]
2024-11-06 10:44:38.557 [info] > git config --local branch.main.github-pr-owner-number [17ms]
2024-11-06 10:44:38.558 [info] > git config --local branch.main.github-pr-owner-number [2ms]
2024-11-06 10:49:38.175 [info] > git config --local branch.main.github-pr-owner-number [1ms]
2024-11-06 10:49:38.466 [info] > git config --local branch.main.github-pr-owner-number [6ms]
2024-11-06 10:49:38.467 [info] > git config --local branch.main.github-pr-owner-number [2ms]
2024-11-06 10:49:38.578 [info] > git config --local branch.main.github-pr-owner-number [7ms]
2024-11-06 10:49:38.579 [info] > git config --local branch.main.github-pr-owner-number [2ms]
2024-11-06 10:54:38.187 [info] > git config --local branch.main.github-pr-owner-number [1ms]
2024-11-06 10:54:38.491 [info] > git config --local branch.main.github-pr-owner-number [8ms]
2024-11-06 10:54:38.492 [info] > git config --local branch.main.github-pr-owner-number [3ms]
2024-11-06 10:54:38.594 [info] > git config --local branch.main.github-pr-owner-number [6ms]
2024-11-06 10:54:38.595 [info] > git config --local branch.main.github-pr-owner-number [1ms]
2024-11-06 10:59:38.204 [info] > git config --local branch.main.github-pr-owner-number [1ms]
2024-11-06 10:59:38.511 [info] > git config --local branch.main.github-pr-owner-number [8ms]
2024-11-06 10:59:38.512 [info] > git config --local branch.main.github-pr-owner-number [1ms]
2024-11-06 10:59:38.610 [info] > git config --local branch.main.github-pr-owner-number [6ms]
2024-11-06 10:59:38.610 [info] > git config --local branch.main.github-pr-owner-number [1ms]
2024-11-06 11:04:38.216 [info] > git config --local branch.main.github-pr-owner-number [1ms]
2024-11-06 11:04:38.546 [info] > git config --local branch.main.github-pr-owner-number [10ms]
2024-11-06 11:04:38.547 [info] > git config --local branch.main.github-pr-owner-number [2ms]
2024-11-06 11:04:38.628 [info] > git config --local branch.main.github-pr-owner-number [7ms]
2024-11-06 11:04:38.629 [info] > git config --local branch.main.github-pr-owner-number [2ms]
2024-11-06 11:09:38.228 [info] > git config --local branch.main.github-pr-owner-number [1ms]
2024-11-06 11:09:38.560 [info] > git config --local branch.main.github-pr-owner-number [7ms]
2024-11-06 11:09:38.561 [info] > git config --local branch.main.github-pr-owner-number [1ms]
2024-11-06 11:09:38.666 [info] > git config --local branch.main.github-pr-owner-number [19ms]
2024-11-06 11:09:38.668 [info] > git config --local branch.main.github-pr-owner-number [4ms]
2024-11-06 11:14:38.240 [info] > git config --local branch.main.github-pr-owner-number [1ms]
2024-11-06 11:14:38.576 [info] > git config --local branch.main.github-pr-owner-number [7ms]
2024-11-06 11:14:38.577 [info] > git config --local branch.main.github-pr-owner-number [1ms]
2024-11-06 11:14:38.689 [info] > git config --local branch.main.github-pr-owner-number [7ms]
2024-11-06 11:14:38.690 [info] > git config --local branch.main.github-pr-owner-number [2ms]
2024-11-06 11:19:38.252 [info] > git config --local branch.main.github-pr-owner-number [1ms]
2024-11-06 11:19:38.593 [info] > git config --local branch.main.github-pr-owner-number [9ms]
2024-11-06 11:19:38.594 [info] > git config --local branch.main.github-pr-owner-number [2ms]
2024-11-06 11:19:38.728 [info] > git config --local branch.main.github-pr-owner-number [20ms]
2024-11-06 11:19:38.730 [info] > git config --local branch.main.github-pr-owner-number [4ms]
2024-11-06 11:24:38.262 [info] > git config --local branch.main.github-pr-owner-number [1ms]
2024-11-06 11:24:38.615 [info] > git config --local branch.main.github-pr-owner-number [6ms]
2024-11-06 11:24:38.616 [info] > git config --local branch.main.github-pr-owner-number [1ms]
2024-11-06 11:24:38.768 [info] > git config --local branch.main.github-pr-owner-number [20ms]
2024-11-06 11:24:38.771 [info] > git config --local branch.main.github-pr-owner-number [4ms]
2024-11-06 11:29:38.278 [info] > git config --local branch.main.github-pr-owner-number [1ms]
2024-11-06 11:29:38.638 [info] > git config --local branch.main.github-pr-owner-number [6ms]
2024-11-06 11:29:38.638 [info] > git config --local branch.main.github-pr-owner-number [1ms]
2024-11-06 11:29:38.811 [info] > git config --local branch.main.github-pr-owner-number [23ms]
2024-11-06 11:29:38.814 [info] > git config --local branch.main.github-pr-owner-number [7ms]
2024-11-06 11:34:38.290 [info] > git config --local branch.main.github-pr-owner-number [1ms]
2024-11-06 11:34:38.655 [info] > git config --local branch.main.github-pr-owner-number [8ms]
2024-11-06 11:34:38.656 [info] > git config --local branch.main.github-pr-owner-number [3ms]
2024-11-06 11:34:38.835 [info] > git config --local branch.main.github-pr-owner-number [6ms]
2024-11-06 11:34:38.835 [info] > git config --local branch.main.github-pr-owner-number [1ms]
2024-11-06 11:39:38.301 [info] > git config --local branch.main.github-pr-owner-number [1ms]
2024-11-06 11:39:38.677 [info] > git config --local branch.main.github-pr-owner-number [8ms]
2024-11-06 11:39:38.677 [info] > git config --local branch.main.github-pr-owner-number [2ms]
2024-11-06 11:39:38.857 [info] > git config --local branch.main.github-pr-owner-number [7ms]
2024-11-06 11:39:38.858 [info] > git config --local branch.main.github-pr-owner-number [2ms]
2024-11-06 11:44:38.313 [info] > git config --local branch.main.github-pr-owner-number [1ms]
2024-11-06 11:44:38.710 [info] > git config --local branch.main.github-pr-owner-number [22ms]
2024-11-06 11:44:38.713 [info] > git config --local branch.main.github-pr-owner-number [6ms]
2024-11-06 11:44:38.895 [info] > git config --local branch.main.github-pr-owner-number [20ms]
2024-11-06 11:44:38.897 [info] > git config --local branch.main.github-pr-owner-number [4ms]
2024-11-06 11:49:38.328 [info] > git config --local branch.main.github-pr-owner-number [1ms]
2024-11-06 11:49:38.728 [info] > git config --local branch.main.github-pr-owner-number [7ms]
2024-11-06 11:49:38.729 [info] > git config --local branch.main.github-pr-owner-number [1ms]
2024-11-06 11:49:38.922 [info] > git config --local branch.main.github-pr-owner-number [8ms]
2024-11-06 11:49:38.923 [info] > git config --local branch.main.github-pr-owner-number [3ms]
2024-11-06 11:54:38.340 [info] > git config --local branch.main.github-pr-owner-number [1ms]
2024-11-06 11:54:38.744 [info] > git config --local branch.main.github-pr-owner-number [7ms]
2024-11-06 11:54:38.745 [info] > git config --local branch.main.github-pr-owner-number [1ms]
2024-11-06 11:54:38.950 [info] > git config --local branch.main.github-pr-owner-number [9ms]
2024-11-06 11:54:38.951 [info] > git config --local branch.main.github-pr-owner-number [2ms]
2024-11-06 11:59:38.351 [info] > git config --local branch.main.github-pr-owner-number [1ms]
2024-11-06 11:59:38.767 [info] > git config --local branch.main.github-pr-owner-number [7ms]
2024-11-06 11:59:38.768 [info] > git config --local branch.main.github-pr-owner-number [2ms]
2024-11-06 11:59:38.967 [info] > git config --local branch.main.github-pr-owner-number [7ms]
2024-11-06 11:59:38.968 [info] > git config --local branch.main.github-pr-owner-number [2ms]
2024-11-06 12:03:56.346 [info] > git ls-files --stage -- /home/marion/visualisation/d3visualisation/src/app/newgraph/newgraph.component.ts [1ms]
2024-11-06 12:03:56.377 [info] > git cat-file -s abecd5196609e98354ccbcfca703017b0107e229 [4ms]
2024-11-06 12:03:56.415 [info] > git show --textconv :src/app/newgraph/newgraph.component.ts [14ms]
2024-11-06 12:03:56.712 [info] > git fetch [405ms]
2024-11-06 12:03:56.757 [info] > git config --get commit.template [22ms]
2024-11-06 12:03:56.759 [info] > git for-each-ref --format=%(refname)%00%(upstream:short)%00%(objectname)%00%(upstream:track)%00%(upstream:remotename)%00%(upstream:remoteref) refs/heads/main refs/remotes/main [5ms]
2024-11-06 12:03:56.803 [info] > git status -z -uall [15ms]
2024-11-06 12:03:56.854 [info] > git fetch [557ms]
2024-11-06 12:03:56.854 [info] From https://github.com/marionbahati/d3trials
   5454ae0..a81db76  main       -> origin/main
2024-11-06 12:03:56.867 [info] > git fetch [531ms]
2024-11-06 12:03:56.867 [info] From https://github.com/marionbahati/d3trials
   5454ae0..a81db76  main       -> origin/main
2024-11-06 12:03:56.879 [info] > git config --get commit.template [14ms]
2024-11-06 12:03:56.889 [info] > git config --get commit.template [11ms]
2024-11-06 12:03:56.899 [info] > git for-each-ref --format=%(refname)%00%(upstream:short)%00%(objectname)%00%(upstream:track)%00%(upstream:remotename)%00%(upstream:remoteref) refs/heads/main refs/remotes/main [11ms]
2024-11-06 12:03:56.910 [info] > git for-each-ref --format=%(refname)%00%(upstream:short)%00%(objectname)%00%(upstream:track)%00%(upstream:remotename)%00%(upstream:remoteref) refs/heads/main refs/remotes/main [11ms]
2024-11-06 12:03:56.922 [info] > git status -z -uall [12ms]
2024-11-06 12:03:56.925 [info] > git status -z -uall [5ms]
2024-11-06 12:03:57.014 [info] > git config --local branch.main.github-pr-owner-number [48ms]
2024-11-06 12:03:57.872 [info] > git config --get commit.template [23ms]
2024-11-06 12:03:57.874 [info] > git for-each-ref --format=%(refname)%00%(upstream:short)%00%(objectname)%00%(upstream:track)%00%(upstream:remotename)%00%(upstream:remoteref) refs/heads/main refs/remotes/main [5ms]
2024-11-06 12:03:57.910 [info] > git status -z -uall [15ms]
2024-11-06 12:03:58.060 [info] > git config --get commit.template [7ms]
2024-11-06 12:03:58.101 [info] > git config --get commit.template [21ms]
2024-11-06 12:03:58.114 [info] > git for-each-ref --format=%(refname)%00%(upstream:short)%00%(objectname)%00%(upstream:track)%00%(upstream:remotename)%00%(upstream:remoteref) refs/heads/main refs/remotes/main [15ms]
2024-11-06 12:03:58.115 [info] > git for-each-ref --format=%(refname)%00%(upstream:short)%00%(objectname)%00%(upstream:track)%00%(upstream:remotename)%00%(upstream:remoteref) refs/heads/main refs/remotes/main [3ms]
2024-11-06 12:03:58.135 [info] > git status -z -uall [11ms]
2024-11-06 12:03:58.142 [info] > git status -z -uall [8ms]
2024-11-06 12:03:58.167 [info] > git ls-files --stage -- /home/marion/visualisation/d3visualisation/src/app/newgraph/newgraph.component.ts [3ms]
2024-11-06 12:03:58.174 [info] > git cat-file -s abecd5196609e98354ccbcfca703017b0107e229 [1ms]
2024-11-06 12:03:58.183 [info] > git show --textconv :src/app/newgraph/newgraph.component.ts [1ms]
2024-11-06 12:04:38.363 [info] > git config --local branch.main.github-pr-owner-number [1ms]
2024-11-06 12:04:38.811 [info] > git config --local branch.main.github-pr-owner-number [22ms]
2024-11-06 12:04:38.814 [info] > git config --local branch.main.github-pr-owner-number [5ms]
2024-11-06 12:04:38.995 [info] > git config --local branch.main.github-pr-owner-number [6ms]
2024-11-06 12:04:39.025 [info] > git config --local branch.main.github-pr-owner-number [4ms]
2024-11-06 12:06:57.194 [info] > git fetch [372ms]
2024-11-06 12:06:57.241 [info] > git for-each-ref --format=%(refname)%00%(upstream:short)%00%(objectname)%00%(upstream:track)%00%(upstream:remotename)%00%(upstream:remoteref) refs/heads/main refs/remotes/main [6ms]
2024-11-06 12:06:57.242 [info] > git config --get commit.template [27ms]
2024-11-06 12:06:57.278 [info] > git status -z -uall [15ms]
2024-11-06 12:06:57.289 [info] > git fetch [349ms]
2024-11-06 12:06:57.311 [info] > git config --get commit.template [12ms]
2024-11-06 12:06:57.312 [info] > git for-each-ref --format=%(refname)%00%(upstream:short)%00%(objectname)%00%(upstream:track)%00%(upstream:remotename)%00%(upstream:remoteref) refs/heads/main refs/remotes/main [3ms]
2024-11-06 12:06:57.322 [info] > git fetch [390ms]
2024-11-06 12:06:57.333 [info] > git status -z -uall [12ms]
2024-11-06 12:06:57.337 [info] > git config --get commit.template [5ms]
2024-11-06 12:06:57.348 [info] > git for-each-ref --format=%(refname)%00%(upstream:short)%00%(objectname)%00%(upstream:track)%00%(upstream:remotename)%00%(upstream:remoteref) refs/heads/main refs/remotes/main [2ms]
2024-11-06 12:06:57.365 [info] > git status -z -uall [8ms]
2024-11-06 12:06:58.328 [info] > git config --get commit.template [7ms]
2024-11-06 12:06:58.328 [info] > git for-each-ref --format=%(refname)%00%(upstream:short)%00%(objectname)%00%(upstream:track)%00%(upstream:remotename)%00%(upstream:remoteref) refs/heads/main refs/remotes/main [1ms]
2024-11-06 12:06:58.339 [info] > git status -z -uall [4ms]
2024-11-06 12:06:58.490 [info] > git config --get commit.template [25ms]
2024-11-06 12:06:58.492 [info] > git config --get commit.template [7ms]
2024-11-06 12:06:58.534 [info] > git for-each-ref --format=%(refname)%00%(upstream:short)%00%(objectname)%00%(upstream:track)%00%(upstream:remotename)%00%(upstream:remoteref) refs/heads/main refs/remotes/main [21ms]
2024-11-06 12:06:58.547 [info] > git for-each-ref --format=%(refname)%00%(upstream:short)%00%(objectname)%00%(upstream:track)%00%(upstream:remotename)%00%(upstream:remoteref) refs/heads/main refs/remotes/main [15ms]
2024-11-06 12:06:58.558 [info] > git status -z -uall [12ms]
2024-11-06 12:06:58.569 [info] > git status -z -uall [12ms]
2024-11-06 12:06:58.572 [info] > git ls-files --stage -- /home/marion/visualisation/d3visualisation/src/app/newgraph/newgraph.component.ts [3ms]
2024-11-06 12:06:58.579 [info] > git cat-file -s abecd5196609e98354ccbcfca703017b0107e229 [1ms]
2024-11-06 12:06:58.588 [info] > git show --textconv :src/app/newgraph/newgraph.component.ts [2ms]
