2024-11-04 14:43:17.151 [warning] Via 'product.json#extensionEnabledApiProposals' extension 'ms-python.python' wants API proposal 'registerIssueDataProvider' but that proposal DOES NOT EXIST. Likely, the proposal has been finalized (check 'vscode.d.ts') or was abandoned.
2024-11-04 14:43:17.549 [info] Started local extension host with pid 20826.
2024-11-04 14:43:47.502 [info] [perf] Render performance baseline is 36ms
2024-11-04 15:02:24.743 [error] <semantic> TypeScript Server Error (5.3.2)
Debug Failure. Invalid cast. The supplied value [object Object] did not pass the test 'isPropertyAccessExpression'.
Error: Debug Failure. Invalid cast. The supplied value [object Object] did not pass the test 'isPropertyAccessExpression'.
    at cast (/usr/share/code/resources/app/extensions/node_modules/typescript/lib/tsserver.js:3481:16)
    at getPropertyAccessExpression (/usr/share/code/resources/app/extensions/node_modules/typescript/lib/tsserver.js:151627:10)
    at Object.getCodeActions (/usr/share/code/resources/app/extensions/node_modules/typescript/lib/tsserver.js:151611:22)
    at /usr/share/code/resources/app/extensions/node_modules/typescript/lib/tsserver.js:147102:46
    at flatMap (/usr/share/code/resources/app/extensions/node_modules/typescript/lib/tsserver.js:2597:17)
    at Object.getFixes (/usr/share/code/resources/app/extensions/node_modules/typescript/lib/tsserver.js:147102:10)
    at /usr/share/code/resources/app/extensions/node_modules/typescript/lib/tsserver.js:145387:33
    at flatMap (/usr/share/code/resources/app/extensions/node_modules/typescript/lib/tsserver.js:2597:17)
    at Object.getCodeFixesAtPosition (/usr/share/code/resources/app/extensions/node_modules/typescript/lib/tsserver.js:145385:12)
    at IpcIOSession.getCodeFixes (/usr/share/code/resources/app/extensions/node_modules/typescript/lib/tsserver.js:185073:50)
    at getCodeFixes (/usr/share/code/resources/app/extensions/node_modules/typescript/lib/tsserver.js:183185:43)
    at /usr/share/code/resources/app/extensions/node_modules/typescript/lib/tsserver.js:185377:69
    at IpcIOSession.executeWithRequestId (/usr/share/code/resources/app/extensions/node_modules/typescript/lib/tsserver.js:185369:14)
    at IpcIOSession.executeCommand (/usr/share/code/resources/app/extensions/node_modules/typescript/lib/tsserver.js:185377:29)
    at IpcIOSession.onMessage (/usr/share/code/resources/app/extensions/node_modules/typescript/lib/tsserver.js:185419:51)
    at process.<anonymous> (/usr/share/code/resources/app/extensions/node_modules/typescript/lib/tsserver.js:187001:14)
    at process.emit (node:events:513:28)
    at emit (node:internal/child_process:937:14)
    at process.processTicksAndRejections (node:internal/process/task_queues:83:21): Error: <semantic> TypeScript Server Error (5.3.2)
Debug Failure. Invalid cast. The supplied value [object Object] did not pass the test 'isPropertyAccessExpression'.
Error: Debug Failure. Invalid cast. The supplied value [object Object] did not pass the test 'isPropertyAccessExpression'.
    at cast (/usr/share/code/resources/app/extensions/node_modules/typescript/lib/tsserver.js:3481:16)
    at getPropertyAccessExpression (/usr/share/code/resources/app/extensions/node_modules/typescript/lib/tsserver.js:151627:10)
    at Object.getCodeActions (/usr/share/code/resources/app/extensions/node_modules/typescript/lib/tsserver.js:151611:22)
    at /usr/share/code/resources/app/extensions/node_modules/typescript/lib/tsserver.js:147102:46
    at flatMap (/usr/share/code/resources/app/extensions/node_modules/typescript/lib/tsserver.js:2597:17)
    at Object.getFixes (/usr/share/code/resources/app/extensions/node_modules/typescript/lib/tsserver.js:147102:10)
    at /usr/share/code/resources/app/extensions/node_modules/typescript/lib/tsserver.js:145387:33
    at flatMap (/usr/share/code/resources/app/extensions/node_modules/typescript/lib/tsserver.js:2597:17)
    at Object.getCodeFixesAtPosition (/usr/share/code/resources/app/extensions/node_modules/typescript/lib/tsserver.js:145385:12)
    at IpcIOSession.getCodeFixes (/usr/share/code/resources/app/extensions/node_modules/typescript/lib/tsserver.js:185073:50)
    at getCodeFixes (/usr/share/code/resources/app/extensions/node_modules/typescript/lib/tsserver.js:183185:43)
    at /usr/share/code/resources/app/extensions/node_modules/typescript/lib/tsserver.js:185377:69
    at IpcIOSession.executeWithRequestId (/usr/share/code/resources/app/extensions/node_modules/typescript/lib/tsserver.js:185369:14)
    at IpcIOSession.executeCommand (/usr/share/code/resources/app/extensions/node_modules/typescript/lib/tsserver.js:185377:29)
    at IpcIOSession.onMessage (/usr/share/code/resources/app/extensions/node_modules/typescript/lib/tsserver.js:185419:51)
    at process.<anonymous> (/usr/share/code/resources/app/extensions/node_modules/typescript/lib/tsserver.js:187001:14)
    at process.emit (node:events:513:28)
    at emit (node:internal/child_process:937:14)
    at process.processTicksAndRejections (node:internal/process/task_queues:83:21)
	at n.create (/usr/share/code/resources/app/extensions/typescript-language-features/dist/extension.js:2:474656)
	at v.w (/usr/share/code/resources/app/extensions/typescript-language-features/dist/extension.js:2:469981)
	at v.u (/usr/share/code/resources/app/extensions/typescript-language-features/dist/extension.js:2:469064)
	at ChildProcess.<anonymous> (/usr/share/code/resources/app/extensions/typescript-language-features/dist/extension.js:2:468696)
	at ChildProcess.emit (node:events:513:28)
	at emit (node:internal/child_process:937:14)
	at process.processTicksAndRejections (node:internal/process/task_queues:83:21)
2024-11-04 15:05:00.644 [error] <semantic> TypeScript Server Error (5.3.2)
Debug Failure. Invalid cast. The supplied value [object Object] did not pass the test 'isPropertyAccessExpression'.
Error: Debug Failure. Invalid cast. The supplied value [object Object] did not pass the test 'isPropertyAccessExpression'.
    at cast (/usr/share/code/resources/app/extensions/node_modules/typescript/lib/tsserver.js:3481:16)
    at getPropertyAccessExpression (/usr/share/code/resources/app/extensions/node_modules/typescript/lib/tsserver.js:151627:10)
    at Object.getCodeActions (/usr/share/code/resources/app/extensions/node_modules/typescript/lib/tsserver.js:151611:22)
    at /usr/share/code/resources/app/extensions/node_modules/typescript/lib/tsserver.js:147102:46
    at flatMap (/usr/share/code/resources/app/extensions/node_modules/typescript/lib/tsserver.js:2597:17)
    at Object.getFixes (/usr/share/code/resources/app/extensions/node_modules/typescript/lib/tsserver.js:147102:10)
    at /usr/share/code/resources/app/extensions/node_modules/typescript/lib/tsserver.js:145387:33
    at flatMap (/usr/share/code/resources/app/extensions/node_modules/typescript/lib/tsserver.js:2597:17)
    at Object.getCodeFixesAtPosition (/usr/share/code/resources/app/extensions/node_modules/typescript/lib/tsserver.js:145385:12)
    at IpcIOSession.getCodeFixes (/usr/share/code/resources/app/extensions/node_modules/typescript/lib/tsserver.js:185073:50)
    at getCodeFixes (/usr/share/code/resources/app/extensions/node_modules/typescript/lib/tsserver.js:183185:43)
    at /usr/share/code/resources/app/extensions/node_modules/typescript/lib/tsserver.js:185377:69
    at IpcIOSession.executeWithRequestId (/usr/share/code/resources/app/extensions/node_modules/typescript/lib/tsserver.js:185369:14)
    at IpcIOSession.executeCommand (/usr/share/code/resources/app/extensions/node_modules/typescript/lib/tsserver.js:185377:29)
    at IpcIOSession.onMessage (/usr/share/code/resources/app/extensions/node_modules/typescript/lib/tsserver.js:185419:51)
    at process.<anonymous> (/usr/share/code/resources/app/extensions/node_modules/typescript/lib/tsserver.js:187001:14)
    at process.emit (node:events:513:28)
    at emit (node:internal/child_process:937:14)
    at process.processTicksAndRejections (node:internal/process/task_queues:83:21): Error: <semantic> TypeScript Server Error (5.3.2)
Debug Failure. Invalid cast. The supplied value [object Object] did not pass the test 'isPropertyAccessExpression'.
Error: Debug Failure. Invalid cast. The supplied value [object Object] did not pass the test 'isPropertyAccessExpression'.
    at cast (/usr/share/code/resources/app/extensions/node_modules/typescript/lib/tsserver.js:3481:16)
    at getPropertyAccessExpression (/usr/share/code/resources/app/extensions/node_modules/typescript/lib/tsserver.js:151627:10)
    at Object.getCodeActions (/usr/share/code/resources/app/extensions/node_modules/typescript/lib/tsserver.js:151611:22)
    at /usr/share/code/resources/app/extensions/node_modules/typescript/lib/tsserver.js:147102:46
    at flatMap (/usr/share/code/resources/app/extensions/node_modules/typescript/lib/tsserver.js:2597:17)
    at Object.getFixes (/usr/share/code/resources/app/extensions/node_modules/typescript/lib/tsserver.js:147102:10)
    at /usr/share/code/resources/app/extensions/node_modules/typescript/lib/tsserver.js:145387:33
    at flatMap (/usr/share/code/resources/app/extensions/node_modules/typescript/lib/tsserver.js:2597:17)
    at Object.getCodeFixesAtPosition (/usr/share/code/resources/app/extensions/node_modules/typescript/lib/tsserver.js:145385:12)
    at IpcIOSession.getCodeFixes (/usr/share/code/resources/app/extensions/node_modules/typescript/lib/tsserver.js:185073:50)
    at getCodeFixes (/usr/share/code/resources/app/extensions/node_modules/typescript/lib/tsserver.js:183185:43)
    at /usr/share/code/resources/app/extensions/node_modules/typescript/lib/tsserver.js:185377:69
    at IpcIOSession.executeWithRequestId (/usr/share/code/resources/app/extensions/node_modules/typescript/lib/tsserver.js:185369:14)
    at IpcIOSession.executeCommand (/usr/share/code/resources/app/extensions/node_modules/typescript/lib/tsserver.js:185377:29)
    at IpcIOSession.onMessage (/usr/share/code/resources/app/extensions/node_modules/typescript/lib/tsserver.js:185419:51)
    at process.<anonymous> (/usr/share/code/resources/app/extensions/node_modules/typescript/lib/tsserver.js:187001:14)
    at process.emit (node:events:513:28)
    at emit (node:internal/child_process:937:14)
    at process.processTicksAndRejections (node:internal/process/task_queues:83:21)
	at n.create (/usr/share/code/resources/app/extensions/typescript-language-features/dist/extension.js:2:474656)
	at v.w (/usr/share/code/resources/app/extensions/typescript-language-features/dist/extension.js:2:469981)
	at v.u (/usr/share/code/resources/app/extensions/typescript-language-features/dist/extension.js:2:469064)
	at ChildProcess.<anonymous> (/usr/share/code/resources/app/extensions/typescript-language-features/dist/extension.js:2:468696)
	at ChildProcess.emit (node:events:513:28)
	at emit (node:internal/child_process:937:14)
	at process.processTicksAndRejections (node:internal/process/task_queues:83:21)
2024-11-04 15:06:51.267 [error] <semantic> TypeScript Server Error (5.3.2)
Debug Failure. Invalid cast. The supplied value [object Object] did not pass the test 'isPropertyAccessExpression'.
Error: Debug Failure. Invalid cast. The supplied value [object Object] did not pass the test 'isPropertyAccessExpression'.
    at cast (/usr/share/code/resources/app/extensions/node_modules/typescript/lib/tsserver.js:3481:16)
    at getPropertyAccessExpression (/usr/share/code/resources/app/extensions/node_modules/typescript/lib/tsserver.js:151627:10)
    at Object.getCodeActions (/usr/share/code/resources/app/extensions/node_modules/typescript/lib/tsserver.js:151611:22)
    at /usr/share/code/resources/app/extensions/node_modules/typescript/lib/tsserver.js:147102:46
    at flatMap (/usr/share/code/resources/app/extensions/node_modules/typescript/lib/tsserver.js:2597:17)
    at Object.getFixes (/usr/share/code/resources/app/extensions/node_modules/typescript/lib/tsserver.js:147102:10)
    at /usr/share/code/resources/app/extensions/node_modules/typescript/lib/tsserver.js:145387:33
    at flatMap (/usr/share/code/resources/app/extensions/node_modules/typescript/lib/tsserver.js:2597:17)
    at Object.getCodeFixesAtPosition (/usr/share/code/resources/app/extensions/node_modules/typescript/lib/tsserver.js:145385:12)
    at IpcIOSession.getCodeFixes (/usr/share/code/resources/app/extensions/node_modules/typescript/lib/tsserver.js:185073:50)
    at getCodeFixes (/usr/share/code/resources/app/extensions/node_modules/typescript/lib/tsserver.js:183185:43)
    at /usr/share/code/resources/app/extensions/node_modules/typescript/lib/tsserver.js:185377:69
    at IpcIOSession.executeWithRequestId (/usr/share/code/resources/app/extensions/node_modules/typescript/lib/tsserver.js:185369:14)
    at IpcIOSession.executeCommand (/usr/share/code/resources/app/extensions/node_modules/typescript/lib/tsserver.js:185377:29)
    at IpcIOSession.onMessage (/usr/share/code/resources/app/extensions/node_modules/typescript/lib/tsserver.js:185419:51)
    at process.<anonymous> (/usr/share/code/resources/app/extensions/node_modules/typescript/lib/tsserver.js:187001:14)
    at process.emit (node:events:513:28)
    at emit (node:internal/child_process:937:14)
    at process.processTicksAndRejections (node:internal/process/task_queues:83:21): Error: <semantic> TypeScript Server Error (5.3.2)
Debug Failure. Invalid cast. The supplied value [object Object] did not pass the test 'isPropertyAccessExpression'.
Error: Debug Failure. Invalid cast. The supplied value [object Object] did not pass the test 'isPropertyAccessExpression'.
    at cast (/usr/share/code/resources/app/extensions/node_modules/typescript/lib/tsserver.js:3481:16)
    at getPropertyAccessExpression (/usr/share/code/resources/app/extensions/node_modules/typescript/lib/tsserver.js:151627:10)
    at Object.getCodeActions (/usr/share/code/resources/app/extensions/node_modules/typescript/lib/tsserver.js:151611:22)
    at /usr/share/code/resources/app/extensions/node_modules/typescript/lib/tsserver.js:147102:46
    at flatMap (/usr/share/code/resources/app/extensions/node_modules/typescript/lib/tsserver.js:2597:17)
    at Object.getFixes (/usr/share/code/resources/app/extensions/node_modules/typescript/lib/tsserver.js:147102:10)
    at /usr/share/code/resources/app/extensions/node_modules/typescript/lib/tsserver.js:145387:33
    at flatMap (/usr/share/code/resources/app/extensions/node_modules/typescript/lib/tsserver.js:2597:17)
    at Object.getCodeFixesAtPosition (/usr/share/code/resources/app/extensions/node_modules/typescript/lib/tsserver.js:145385:12)
    at IpcIOSession.getCodeFixes (/usr/share/code/resources/app/extensions/node_modules/typescript/lib/tsserver.js:185073:50)
    at getCodeFixes (/usr/share/code/resources/app/extensions/node_modules/typescript/lib/tsserver.js:183185:43)
    at /usr/share/code/resources/app/extensions/node_modules/typescript/lib/tsserver.js:185377:69
    at IpcIOSession.executeWithRequestId (/usr/share/code/resources/app/extensions/node_modules/typescript/lib/tsserver.js:185369:14)
    at IpcIOSession.executeCommand (/usr/share/code/resources/app/extensions/node_modules/typescript/lib/tsserver.js:185377:29)
    at IpcIOSession.onMessage (/usr/share/code/resources/app/extensions/node_modules/typescript/lib/tsserver.js:185419:51)
    at process.<anonymous> (/usr/share/code/resources/app/extensions/node_modules/typescript/lib/tsserver.js:187001:14)
    at process.emit (node:events:513:28)
    at emit (node:internal/child_process:937:14)
    at process.processTicksAndRejections (node:internal/process/task_queues:83:21)
	at n.create (/usr/share/code/resources/app/extensions/typescript-language-features/dist/extension.js:2:474656)
	at v.w (/usr/share/code/resources/app/extensions/typescript-language-features/dist/extension.js:2:469981)
	at v.u (/usr/share/code/resources/app/extensions/typescript-language-features/dist/extension.js:2:469064)
	at ChildProcess.<anonymous> (/usr/share/code/resources/app/extensions/typescript-language-features/dist/extension.js:2:468696)
	at ChildProcess.emit (node:events:513:28)
	at emit (node:internal/child_process:937:14)
	at process.processTicksAndRejections (node:internal/process/task_queues:83:21)
