2024-11-06 09:29:26.266 [info] Added views:workbench.panel.markers.view in workbench.panel.markers
2024-11-06 09:29:26.266 [info] Added views:workbench.panel.output in workbench.panel.output
2024-11-06 09:29:26.266 [info] Added views:terminal in terminal
2024-11-06 09:29:26.266 [info] Added views:outline in workbench.view.explorer
2024-11-06 09:29:26.266 [info] Added views:workbench.scm in workbench.view.scm
2024-11-06 09:29:26.266 [info] Added views:workbench.view.search in workbench.view.search
2024-11-06 09:29:26.266 [info] Added views:timeline in workbench.view.explorer
2024-11-06 09:29:26.266 [info] Added views:workbench.explorer.fileView in workbench.view.explorer
2024-11-06 09:29:26.683 [info] Added views:workbench.debug.welcome in workbench.view.debug
2024-11-06 09:29:27.029 [info] Added views:pr:github,issues:github in workbench.view.extension.github-pull-requests
2024-11-06 09:29:27.030 [info] Added views:issuesAndMrs in workbench.view.extension.gitlab-workflow
2024-11-06 09:29:27.030 [info] Added views:dockerContainers,dockerImages,dockerRegistries,dockerNetworks,dockerVolumes,vscode-docker.views.dockerContexts,vscode-docker.views.help in workbench.view.extension.dockerView
2024-11-06 09:29:27.031 [info] Added views:targetsContainers,devVolumes in workbench.view.remote
2024-11-06 09:29:27.581 [info] Added views:workbench.panel.repl.view in workbench.panel.repl
2024-11-06 09:29:39.339 [info] Added views:workbench.panel.comments in workbench.panel.comments
2024-11-06 09:29:40.073 [info] Added views:~remote.forwardedPorts in ~remote.forwardedPortsContainer
2024-11-06 09:29:41.205 [info] Added views:github:activePullRequest:welcome in workbench.view.extension.github-pull-request
2024-11-06 09:29:41.396 [info] Removed views:issues:github,pr:github from workbench.view.extension.github-pull-requests
2024-11-06 09:29:41.412 [info] Added views:github:login in workbench.view.extension.github-pull-requests
2024-11-06 09:29:41.678 [info] Removed views:github:activePullRequest:welcome from workbench.view.extension.github-pull-request
2024-11-06 09:34:18.195 [info] Removed views:github:login from workbench.view.extension.github-pull-requests
2024-11-06 09:34:18.200 [info] Added views:pr:github,issues:github in workbench.view.extension.github-pull-requests
