2024-11-08 13:15:33.580 [info] Added views:workbench.panel.markers.view in workbench.panel.markers
2024-11-08 13:15:33.580 [info] Added views:workbench.panel.output in workbench.panel.output
2024-11-08 13:15:33.580 [info] Added views:terminal in terminal
2024-11-08 13:15:33.580 [info] Added views:outline in workbench.view.explorer
2024-11-08 13:15:33.580 [info] Added views:workbench.scm in workbench.view.scm
2024-11-08 13:15:33.580 [info] Added views:workbench.view.search in workbench.view.search
2024-11-08 13:15:33.580 [info] Added views:timeline in workbench.view.explorer
2024-11-08 13:15:33.580 [info] Added views:workbench.explorer.fileView in workbench.view.explorer
2024-11-08 13:15:33.940 [info] Added views:workbench.debug.welcome in workbench.view.debug
2024-11-08 13:15:34.238 [info] Added views:pr:github,issues:github in workbench.view.extension.github-pull-requests
2024-11-08 13:15:34.239 [info] Added views:issuesAndMrs in workbench.view.extension.gitlab-workflow
2024-11-08 13:15:34.239 [info] Added views:dockerContainers,dockerImages,dockerRegistries,dockerNetworks,dockerVolumes,vscode-docker.views.dockerContexts,vscode-docker.views.help in workbench.view.extension.dockerView
2024-11-08 13:15:34.240 [info] Added views:targetsContainers,devVolumes in workbench.view.remote
2024-11-08 13:15:34.677 [info] Added views:workbench.panel.repl.view in workbench.panel.repl
2024-11-08 13:15:41.990 [info] Added views:~remote.forwardedPorts in ~remote.forwardedPortsContainer
2024-11-08 13:15:42.264 [info] Added views:workbench.panel.comments in workbench.panel.comments
2024-11-08 13:15:42.773 [info] Added views:github:activePullRequest:welcome in workbench.view.extension.github-pull-request
2024-11-08 13:15:44.432 [info] Removed views:github:activePullRequest:welcome from workbench.view.extension.github-pull-request
2024-11-08 13:15:44.634 [info] Removed views:issues:github,pr:github from workbench.view.extension.github-pull-requests
2024-11-08 13:15:44.639 [info] Added views:github:login in workbench.view.extension.github-pull-requests
