2024-11-04 14:43:21.315 [info] Log level: Info
2024-11-04 14:43:21.315 [info] Validating found git in: "git"
2024-11-04 14:43:21.315 [info] Using git "2.43.2" from "git"
2024-11-04 14:43:21.315 [info] > git rev-parse --show-toplevel [68ms]
2024-11-04 14:43:21.320 [info] > git rev-parse --git-dir --git-common-dir [6ms]
2024-11-04 14:43:21.425 [info] Open repository: /home/marion/visualisation
2024-11-04 14:43:21.475 [info] > git config --get commit.template [12ms]
2024-11-04 14:43:21.483 [info] > git rev-parse --show-toplevel [9ms]
2024-11-04 14:43:22.258 [info] > git rev-parse --git-dir --git-common-dir [739ms]
2024-11-04 14:43:22.305 [info] Open repository: /home/marion/visualisation/d3visualisation
2024-11-04 14:43:22.306 [info] > git for-each-ref --format=%(refname)%00%(upstream:short)%00%(objectname)%00%(upstream:track)%00%(upstream:remotename)%00%(upstream:remoteref) refs/heads/master refs/remotes/master [816ms]
2024-11-04 14:43:22.306 [info] > git fetch [882ms]
2024-11-04 14:43:22.873 [info] > git config --get commit.template [383ms]
2024-11-04 14:43:22.893 [info] > git rev-parse --show-toplevel [425ms]
2024-11-04 14:43:22.893 [info] > git config --get commit.template [444ms]
2024-11-04 14:43:22.893 [info] > git fetch [589ms]
2024-11-04 14:43:23.246 [info] > git check-ignore -v -z --stdin [376ms]
2024-11-04 14:43:23.510 [info] > git config --get commit.template [285ms]
2024-11-04 14:43:23.516 [info] > git rev-parse --git-dir --git-common-dir [308ms]
2024-11-04 14:43:23.559 [info] Open repository: /home/marion/visualisation/d3trials
2024-11-04 14:43:23.671 [info] > git for-each-ref --format=%(refname)%00%(upstream:short)%00%(objectname)%00%(upstream:track)%00%(upstream:remotename)%00%(upstream:remoteref) refs/heads/master refs/remotes/master [179ms]
2024-11-04 14:43:23.671 [info] > git for-each-ref --format=%(refname)%00%(upstream:short)%00%(objectname)%00%(upstream:track)%00%(upstream:remotename)%00%(upstream:remoteref) refs/heads/main refs/remotes/main [291ms]
2024-11-04 14:43:23.696 [info] > git config --get commit.template [95ms]
2024-11-04 14:43:23.703 [info] > git config --get commit.template [34ms]
2024-11-04 14:43:23.836 [info] > git for-each-ref --format=%(refname)%00%(upstream:short)%00%(objectname)%00%(upstream:track)%00%(upstream:remotename)%00%(upstream:remoteref) refs/heads/main refs/remotes/main [145ms]
2024-11-04 14:43:23.843 [info] > git for-each-ref --format=%(refname)%00%(upstream:short)%00%(objectname)%00%(upstream:track)%00%(upstream:remotename)%00%(upstream:remoteref) refs/heads/master refs/remotes/master [119ms]
2024-11-04 14:43:23.892 [info] > git for-each-ref --format=%(refname)%00%(upstream:short)%00%(objectname)%00%(upstream:track)%00%(upstream:remotename)%00%(upstream:remoteref) refs/heads/main refs/remotes/main [44ms]
2024-11-04 14:43:23.997 [info] > git config --get commit.template [127ms]
2024-11-04 14:43:24.015 [info] > git for-each-ref --format=%(refname)%00%(upstream:short)%00%(objectname)%00%(upstream:track)%00%(upstream:remotename)%00%(upstream:remoteref) refs/heads/main refs/remotes/main [59ms]
2024-11-04 14:43:24.136 [info] > git status -z -uall [140ms]
2024-11-04 14:43:24.137 [info] > git status -z -uall [85ms]
2024-11-04 14:43:24.179 [info] > git fetch [622ms]
2024-11-04 14:43:24.314 [info] > git status -z -uall [182ms]
2024-11-04 14:43:24.425 [info] > git config --get commit.template [112ms]
2024-11-04 14:43:24.426 [info] > git config --get commit.template [141ms]
2024-11-04 14:43:24.856 [info] > git check-ignore -v -z --stdin [46ms]
2024-11-04 14:43:24.868 [info] > git for-each-ref --format=%(refname)%00%(upstream:short)%00%(objectname)%00%(upstream:track)%00%(upstream:remotename)%00%(upstream:remoteref) refs/heads/main refs/remotes/main [376ms]
2024-11-04 14:43:24.868 [info] > git for-each-ref --format=%(refname)%00%(upstream:short)%00%(objectname)%00%(upstream:track)%00%(upstream:remotename)%00%(upstream:remoteref) refs/heads/main refs/remotes/main [407ms]
2024-11-04 14:43:25.033 [info] > git status -z -uall [42ms]
2024-11-04 14:43:25.610 [info] > git show --textconv :src/app/newgraph/newgraph.component.ts [150ms]
2024-11-04 14:43:25.616 [info] > git ls-files --stage -- /home/marion/visualisation/d3visualisation/src/app/newgraph/newgraph.component.ts [136ms]
2024-11-04 14:43:25.906 [info] > git cat-file -s a35fb825eaec5b9d18831669dde1b7b2fac14423 [214ms]
2024-11-04 14:43:26.619 [info] > git config --local branch.main.github-pr-owner-number [336ms]
2024-11-04 14:43:26.869 [info] > git config --local branch.master.github-pr-owner-number [101ms]
2024-11-04 14:43:26.893 [info] > git config --local branch.main.github-pr-owner-number [155ms]
2024-11-04 14:43:27.203 [info] > git config --get commit.template [38ms]
2024-11-04 14:43:27.204 [info] > git config --get commit.template [53ms]
2024-11-04 14:43:27.232 [info] > git config --get commit.template [60ms]
2024-11-04 14:43:27.321 [info] > git for-each-ref --format=%(refname)%00%(upstream:short)%00%(objectname)%00%(upstream:track)%00%(upstream:remotename)%00%(upstream:remoteref) refs/heads/main refs/remotes/main [27ms]
2024-11-04 14:43:27.324 [info] > git for-each-ref --format=%(refname)%00%(upstream:short)%00%(objectname)%00%(upstream:track)%00%(upstream:remotename)%00%(upstream:remoteref) refs/heads/main refs/remotes/main [58ms]
2024-11-04 14:43:27.329 [info] > git for-each-ref --format=%(refname)%00%(upstream:short)%00%(objectname)%00%(upstream:track)%00%(upstream:remotename)%00%(upstream:remoteref) refs/heads/master refs/remotes/master [22ms]
2024-11-04 14:43:27.375 [info] > git status -z -uall [29ms]
2024-11-04 14:43:27.386 [info] > git status -z -uall [11ms]
2024-11-04 14:43:27.394 [info] > git status -z -uall [31ms]
2024-11-04 14:44:09.706 [info] > git show --textconv :src/app/newgraph/newgraph.component.html [15ms]
2024-11-04 14:44:09.711 [info] > git ls-files --stage -- /home/marion/visualisation/d3visualisation/src/app/newgraph/newgraph.component.html [7ms]
2024-11-04 14:44:09.730 [info] > git cat-file -s 792f654fe1786a91f6d7d7efd23f4f40f7aa492a [1ms]
2024-11-04 14:44:11.209 [info] > git merge-base refs/heads/main refs/remotes/origin/main [26ms]
2024-11-04 14:44:11.234 [info] > git merge-base refs/heads/master refs/remotes/origin/master [73ms]
2024-11-04 14:44:11.250 [info] > git rev-list --count --left-right refs/heads/main...refs/remotes/origin/main [15ms]
2024-11-04 14:44:11.252 [info] > git merge-base refs/heads/main refs/remotes/origin/main [48ms]
2024-11-04 14:44:11.284 [info] > git rev-list --count --left-right refs/heads/master...refs/remotes/origin/master [37ms]
2024-11-04 14:44:11.286 [info] > git rev-list --count --left-right refs/heads/main...refs/remotes/origin/main [5ms]
2024-11-04 14:44:14.319 [info] > git add -A -- /home/marion/visualisation/d3visualisation/src/app/app.component.html [11ms]
2024-11-04 14:44:14.363 [info] > git config --get commit.template [18ms]
2024-11-04 14:44:14.364 [info] > git for-each-ref --format=%(refname)%00%(upstream:short)%00%(objectname)%00%(upstream:track)%00%(upstream:remotename)%00%(upstream:remoteref) refs/heads/main refs/remotes/main [3ms]
2024-11-04 14:44:14.391 [info] > git status -z -uall [10ms]
2024-11-04 14:44:15.455 [info] > git config --get commit.template [31ms]
2024-11-04 14:44:15.456 [info] > git for-each-ref --format=%(refname)%00%(upstream:short)%00%(objectname)%00%(upstream:track)%00%(upstream:remotename)%00%(upstream:remoteref) refs/heads/main refs/remotes/main [4ms]
2024-11-04 14:44:15.477 [info] > git status -z -uall [10ms]
2024-11-04 14:44:15.524 [info] > git ls-files --stage -- /home/marion/visualisation/d3visualisation/src/app/newgraph/newgraph.component.html [4ms]
2024-11-04 14:44:15.533 [info] > git cat-file -s 792f654fe1786a91f6d7d7efd23f4f40f7aa492a [2ms]
2024-11-04 14:44:15.566 [info] > git show --textconv :src/app/newgraph/newgraph.component.html [6ms]
2024-11-04 14:44:20.864 [info] > git -c user.useConfigOnly=true commit --quiet --allow-empty-message --file - [29ms]
2024-11-04 14:44:20.875 [info] > git config --get commit.template [1ms]
2024-11-04 14:44:20.906 [info] > git config --get commit.template [18ms]
2024-11-04 14:44:20.907 [info] > git for-each-ref --format=%(refname)%00%(upstream:short)%00%(objectname)%00%(upstream:track)%00%(upstream:remotename)%00%(upstream:remoteref) refs/heads/main refs/remotes/main [2ms]
2024-11-04 14:44:20.933 [info] > git status -z -uall [15ms]
2024-11-04 14:44:21.096 [info] > git config --local branch.main.github-pr-owner-number [42ms]
2024-11-04 14:44:21.256 [info] > git config --get commit.template [44ms]
2024-11-04 14:44:21.257 [info] > git merge-base refs/heads/main refs/remotes/origin/main [73ms]
2024-11-04 14:44:21.382 [info] > git for-each-ref --format=%(refname)%00%(upstream:short)%00%(objectname)%00%(upstream:track)%00%(upstream:remotename)%00%(upstream:remoteref) refs/heads/main refs/remotes/main [18ms]
2024-11-04 14:44:21.383 [info] > git rev-list --count --left-right refs/heads/main...refs/remotes/origin/main [45ms]
2024-11-04 14:44:21.419 [info] > git status -z -uall [17ms]
2024-11-04 14:44:22.132 [info] > git ls-files --stage -- /home/marion/visualisation/d3visualisation/src/app/newgraph/newgraph.component.html [4ms]
2024-11-04 14:44:22.163 [info] > git cat-file -s 792f654fe1786a91f6d7d7efd23f4f40f7aa492a [10ms]
2024-11-04 14:44:22.191 [info] > git show --textconv :src/app/newgraph/newgraph.component.html [2ms]
2024-11-04 14:44:23.626 [info] > git log --oneline --cherry main...main@{upstream} -- [4ms]
2024-11-04 14:44:24.052 [info] > git pull --tags origin main [416ms]
2024-11-04 14:44:24.052 [info] From https://github.com/marionbahati/d3trials
 * branch            main       -> FETCH_HEAD
2024-11-04 14:44:24.075 [info] > git config --get commit.template [7ms]
2024-11-04 14:44:24.076 [info] > git for-each-ref --format=%(refname)%00%(upstream:short)%00%(objectname)%00%(upstream:track)%00%(upstream:remotename)%00%(upstream:remoteref) refs/heads/main refs/remotes/main [2ms]
2024-11-04 14:44:24.117 [info] > git status -z -uall [10ms]
2024-11-04 14:44:24.250 [info] > git config --local branch.main.github-pr-owner-number [11ms]
2024-11-04 14:44:24.296 [info] > git merge-base refs/heads/main refs/remotes/origin/main [16ms]
2024-11-04 14:44:24.308 [info] > git rev-list --count --left-right refs/heads/main...refs/remotes/origin/main [2ms]
2024-11-04 14:44:25.278 [info] > git config --get commit.template [7ms]
2024-11-04 14:44:25.339 [info] > git for-each-ref --format=%(refname)%00%(upstream:short)%00%(objectname)%00%(upstream:track)%00%(upstream:remotename)%00%(upstream:remoteref) refs/heads/master refs/remotes/master [31ms]
2024-11-04 14:44:25.340 [info] > git config --get commit.template [64ms]
2024-11-04 14:44:25.340 [info] > git for-each-ref --format=%(refname)%00%(upstream:short)%00%(objectname)%00%(upstream:track)%00%(upstream:remotename)%00%(upstream:remoteref) refs/heads/main refs/remotes/main [1ms]
2024-11-04 14:44:25.372 [info] > git status -z -uall [16ms]
2024-11-04 14:44:25.402 [info] > git status -z -uall [31ms]
2024-11-04 14:44:51.686 [info] > git add -A -- . [20ms]
2024-11-04 14:44:51.708 [info] > git config --get commit.template [9ms]
2024-11-04 14:44:51.710 [info] > git for-each-ref --format=%(refname)%00%(upstream:short)%00%(objectname)%00%(upstream:track)%00%(upstream:remotename)%00%(upstream:remoteref) refs/heads/main refs/remotes/main [2ms]
2024-11-04 14:44:51.723 [info] > git status -z -uall [5ms]
2024-11-04 14:44:52.790 [info] > git config --get commit.template [58ms]
2024-11-04 14:44:52.792 [info] > git for-each-ref --format=%(refname)%00%(upstream:short)%00%(objectname)%00%(upstream:track)%00%(upstream:remotename)%00%(upstream:remoteref) refs/heads/master refs/remotes/master [10ms]
2024-11-04 14:44:52.828 [info] > git status -z -uall [12ms]
2024-11-04 14:44:53.364 [info] > git show --textconv :.git/COMMIT_EDITMSG [37ms]
2024-11-04 14:44:53.395 [info] > git ls-files --stage -- /home/marion/visualisation/d3visualisation/.git/COMMIT_EDITMSG [32ms]
2024-11-04 14:44:53.617 [info] > git check-ignore -v -z --stdin [16ms]
2024-11-04 14:44:56.977 [info] > git -c user.useConfigOnly=true commit --quiet [5237ms]
2024-11-04 14:44:56.977 [info] Aborting commit due to empty commit message.
2024-11-04 14:44:57.016 [info] > git config --get commit.template [30ms]
2024-11-04 14:44:57.034 [info] > git for-each-ref --format=%(refname)%00%(upstream:short)%00%(objectname)%00%(upstream:track)%00%(upstream:remotename)%00%(upstream:remoteref) refs/heads/main refs/remotes/main [25ms]
2024-11-04 14:44:57.142 [info] > git status -z -uall [23ms]
2024-11-04 14:44:57.646 [info] > git show --textconv :src/app/newgraph/newgraph.component.html [24ms]
2024-11-04 14:44:57.651 [info] > git ls-files --stage -- /home/marion/visualisation/d3visualisation/src/app/newgraph/newgraph.component.html [6ms]
2024-11-04 14:44:57.691 [info] > git cat-file -s 455d56babfa159a1e98fddd59a0c60a7def16bf0 [9ms]
2024-11-04 14:45:04.409 [info] > git show --textconv :src/app/newgraph/newgraph.component.ts [13ms]
2024-11-04 14:45:04.417 [info] > git ls-files --stage -- /home/marion/visualisation/d3visualisation/src/app/newgraph/newgraph.component.ts [12ms]
2024-11-04 14:45:04.428 [info] > git cat-file -s a22e0fafcc62e07272dca20d5d0d94911def18f0 [1ms]
2024-11-04 14:45:25.540 [info] > git -c user.useConfigOnly=true commit --quiet --allow-empty-message --file - [5ms]
2024-11-04 14:45:25.560 [info] > git config --get commit.template [4ms]
2024-11-04 14:45:25.581 [info] > git config --get commit.template [8ms]
2024-11-04 14:45:25.582 [info] > git for-each-ref --format=%(refname)%00%(upstream:short)%00%(objectname)%00%(upstream:track)%00%(upstream:remotename)%00%(upstream:remoteref) refs/heads/main refs/remotes/main [1ms]
2024-11-04 14:45:25.608 [info] > git status -z -uall [8ms]
2024-11-04 14:45:25.738 [info] > git config --local branch.main.github-pr-owner-number [12ms]
2024-11-04 14:45:25.792 [info] > git config --get commit.template [10ms]
2024-11-04 14:45:25.792 [info] > git merge-base refs/heads/main refs/remotes/origin/main [29ms]
2024-11-04 14:45:25.822 [info] > git rev-list --count --left-right refs/heads/main...refs/remotes/origin/main [12ms]
2024-11-04 14:45:25.823 [info] > git for-each-ref --format=%(refname)%00%(upstream:short)%00%(objectname)%00%(upstream:track)%00%(upstream:remotename)%00%(upstream:remoteref) refs/heads/main refs/remotes/main [2ms]
2024-11-04 14:45:25.845 [info] > git status -z -uall [6ms]
2024-11-04 14:45:29.502 [info] > git log --oneline --cherry main...main@{upstream} -- [6ms]
2024-11-04 14:45:29.953 [info] > git pull --tags origin main [428ms]
2024-11-04 14:45:29.954 [info] From https://github.com/marionbahati/d3trials
 * branch            main       -> FETCH_HEAD
2024-11-04 14:45:31.630 [info] > git push origin main:main [1651ms]
2024-11-04 14:45:31.630 [info] To https://github.com/marionbahati/d3trials.git
   39ff527..5454ae0  main -> main
2024-11-04 14:45:31.650 [info] > git config --get commit.template [2ms]
2024-11-04 14:45:31.663 [info] > git for-each-ref --format=%(refname)%00%(upstream:short)%00%(objectname)%00%(upstream:track)%00%(upstream:remotename)%00%(upstream:remoteref) refs/heads/main refs/remotes/main [2ms]
2024-11-04 14:45:31.691 [info] > git status -z -uall [6ms]
2024-11-04 14:45:31.823 [info] > git config --local branch.main.github-pr-owner-number [64ms]
2024-11-04 14:45:31.873 [info] > git merge-base refs/heads/main refs/remotes/origin/main [13ms]
2024-11-04 14:45:31.953 [info] > git rev-list --count --left-right refs/heads/main...refs/remotes/origin/main [68ms]
2024-11-04 14:45:45.724 [info] > git config --get commit.template [21ms]
2024-11-04 14:45:45.733 [info] > git for-each-ref --format=%(refname)%00%(upstream:short)%00%(objectname)%00%(upstream:track)%00%(upstream:remotename)%00%(upstream:remoteref) refs/heads/main refs/remotes/main [13ms]
2024-11-04 14:45:45.776 [info] > git status -z -uall [15ms]
2024-11-04 14:45:46.631 [info] > git check-ignore -v -z --stdin [6ms]
2024-11-04 14:45:49.464 [info] > git show --textconv :src/app/d3graph-kunden/d3graph-kunden.component.html [21ms]
2024-11-04 14:45:49.467 [info] > git ls-files --stage -- /home/marion/visualisation/d3visualisation/src/app/d3graph-kunden/d3graph-kunden.component.html [4ms]
2024-11-04 14:45:49.490 [info] > git cat-file -s c7b198e134b46623bacdddd5458e2c4fc92d005b [5ms]
2024-11-04 14:45:52.372 [info] > git check-ignore -v -z --stdin [4ms]
2024-11-04 14:45:56.327 [info] > git check-ignore -v -z --stdin [2ms]
2024-11-04 14:45:58.107 [info] > git show --textconv :src/app/newgraph/newgraph.component.ts [41ms]
2024-11-04 14:45:58.110 [info] > git ls-files --stage -- /home/marion/visualisation/d3visualisation/src/app/newgraph/newgraph.component.ts [6ms]
2024-11-04 14:45:58.151 [info] > git cat-file -s a22e0fafcc62e07272dca20d5d0d94911def18f0 [8ms]
2024-11-04 14:46:14.269 [info] > git show --textconv :src/app/newgraph/newgraph.component.html [25ms]
2024-11-04 14:46:14.277 [info] > git ls-files --stage -- /home/marion/visualisation/d3visualisation/src/app/newgraph/newgraph.component.html [11ms]
2024-11-04 14:46:14.326 [info] > git cat-file -s 455d56babfa159a1e98fddd59a0c60a7def16bf0 [5ms]
2024-11-04 14:46:24.262 [info] > git fetch [342ms]
2024-11-04 14:46:24.302 [info] > git config --get commit.template [21ms]
2024-11-04 14:46:24.304 [info] > git for-each-ref --format=%(refname)%00%(upstream:short)%00%(objectname)%00%(upstream:track)%00%(upstream:remotename)%00%(upstream:remoteref) refs/heads/main refs/remotes/main [3ms]
2024-11-04 14:46:24.336 [info] > git status -z -uall [13ms]
2024-11-04 14:46:24.427 [info] > git fetch [570ms]
2024-11-04 14:46:24.427 [info] From https://github.com/marionbahati/d3trials
   39ff527..5454ae0  main       -> origin/main
2024-11-04 14:46:24.465 [info] > git config --get commit.template [20ms]
2024-11-04 14:46:24.467 [info] > git for-each-ref --format=%(refname)%00%(upstream:short)%00%(objectname)%00%(upstream:track)%00%(upstream:remotename)%00%(upstream:remoteref) refs/heads/master refs/remotes/master [4ms]
2024-11-04 14:46:24.504 [info] > git status -z -uall [18ms]
2024-11-04 14:46:25.406 [info] > git config --get commit.template [10ms]
2024-11-04 14:46:25.407 [info] > git for-each-ref --format=%(refname)%00%(upstream:short)%00%(objectname)%00%(upstream:track)%00%(upstream:remotename)%00%(upstream:remoteref) refs/heads/main refs/remotes/main [2ms]
2024-11-04 14:46:25.418 [info] > git status -z -uall [4ms]
2024-11-04 14:46:25.512 [info] > git fetch [466ms]
2024-11-04 14:46:25.512 [info] From https://github.com/marionbahati/d3trials
   39ff527..5454ae0  main       -> origin/main
2024-11-04 14:46:25.553 [info] > git config --get commit.template [21ms]
2024-11-04 14:46:25.583 [info] > git for-each-ref --format=%(refname)%00%(upstream:short)%00%(objectname)%00%(upstream:track)%00%(upstream:remotename)%00%(upstream:remoteref) refs/heads/main refs/remotes/main [32ms]
2024-11-04 14:46:25.585 [info] > git config --get commit.template [4ms]
2024-11-04 14:46:25.610 [info] > git for-each-ref --format=%(refname)%00%(upstream:short)%00%(objectname)%00%(upstream:track)%00%(upstream:remotename)%00%(upstream:remoteref) refs/heads/master refs/remotes/master [12ms]
2024-11-04 14:46:25.623 [info] > git status -z -uall [14ms]
2024-11-04 14:46:25.631 [info] > git status -z -uall [10ms]
2024-11-04 14:46:25.705 [info] > git config --local branch.main.github-pr-owner-number [46ms]
2024-11-04 14:46:26.684 [info] > git config --get commit.template [24ms]
2024-11-04 14:46:26.687 [info] > git for-each-ref --format=%(refname)%00%(upstream:short)%00%(objectname)%00%(upstream:track)%00%(upstream:remotename)%00%(upstream:remoteref) refs/heads/main refs/remotes/main [6ms]
2024-11-04 14:46:26.714 [info] > git status -z -uall [6ms]
2024-11-04 14:46:26.752 [info] > git ls-files --stage -- /home/marion/visualisation/d3visualisation/src/app/newgraph/newgraph.component.html [2ms]
2024-11-04 14:46:26.764 [info] > git cat-file -s 455d56babfa159a1e98fddd59a0c60a7def16bf0 [2ms]
2024-11-04 14:46:26.779 [info] > git show --textconv :src/app/newgraph/newgraph.component.html [3ms]
2024-11-04 14:48:25.527 [info] > git config --local branch.main.github-pr-owner-number [8ms]
2024-11-04 14:48:25.535 [info] > git config --local branch.main.github-pr-owner-number [9ms]
2024-11-04 14:48:25.536 [info] > git config --local branch.master.github-pr-owner-number [1ms]
2024-11-04 14:49:39.731 [info] > git show --textconv :src/app/newgraph/newgraph.component.ts [15ms]
2024-11-04 14:49:39.735 [info] > git ls-files --stage -- /home/marion/visualisation/d3visualisation/src/app/newgraph/newgraph.component.ts [5ms]
2024-11-04 14:49:39.764 [info] > git cat-file -s a22e0fafcc62e07272dca20d5d0d94911def18f0 [3ms]
2024-11-04 14:53:25.575 [info] > git config --local branch.main.github-pr-owner-number [11ms]
2024-11-04 14:53:25.576 [info] > git config --local branch.main.github-pr-owner-number [22ms]
2024-11-04 14:53:25.576 [info] > git config --local branch.master.github-pr-owner-number [2ms]
2024-11-04 14:58:25.603 [info] > git config --local branch.main.github-pr-owner-number [8ms]
2024-11-04 14:58:25.604 [info] > git config --local branch.main.github-pr-owner-number [17ms]
2024-11-04 14:58:25.605 [info] > git config --local branch.master.github-pr-owner-number [2ms]
2024-11-04 15:03:25.671 [info] > git config --local branch.main.github-pr-owner-number [14ms]
2024-11-04 15:03:25.672 [info] > git config --local branch.main.github-pr-owner-number [44ms]
2024-11-04 15:03:25.674 [info] > git config --local branch.master.github-pr-owner-number [4ms]
2024-11-04 15:08:25.733 [info] > git config --local branch.master.github-pr-owner-number [5ms]
2024-11-04 15:08:25.735 [info] > git config --local branch.main.github-pr-owner-number [23ms]
2024-11-04 15:08:25.736 [info] > git config --local branch.main.github-pr-owner-number [41ms]
2024-11-04 15:09:32.249 [info] > git check-ignore -v -z --stdin [3ms]
2024-11-04 15:09:36.535 [info] > git show --textconv :src/app/d3graph-kunden/d3graph-kunden.component.html [13ms]
2024-11-04 15:09:36.538 [info] > git ls-files --stage -- /home/marion/visualisation/d3visualisation/src/app/d3graph-kunden/d3graph-kunden.component.html [3ms]
2024-11-04 15:09:36.551 [info] > git cat-file -s c7b198e134b46623bacdddd5458e2c4fc92d005b [5ms]
2024-11-04 15:09:38.292 [info] > git show --textconv :src/app/d3graph-kunden/d3graph-kunden.component.ts [34ms]
2024-11-04 15:09:38.304 [info] > git ls-files --stage -- /home/marion/visualisation/d3visualisation/src/app/d3graph-kunden/d3graph-kunden.component.ts [23ms]
2024-11-04 15:09:38.399 [info] > git cat-file -s e907f16333cf407894c145f80da2d837dcc5372e [37ms]
2024-11-04 15:10:07.918 [info] > git fetch [497ms]
2024-11-04 15:10:07.956 [info] > git fetch [569ms]
2024-11-04 15:10:07.964 [info] > git fetch [531ms]
2024-11-04 15:10:07.965 [info] > git config --get commit.template [12ms]
2024-11-04 15:10:08.028 [info] > git for-each-ref --format=%(refname)%00%(upstream:short)%00%(objectname)%00%(upstream:track)%00%(upstream:remotename)%00%(upstream:remoteref) refs/heads/master refs/remotes/master [28ms]
2024-11-04 15:10:08.028 [info] > git config --get commit.template [56ms]
2024-11-04 15:10:08.067 [info] > git show --textconv :src/app/newgraph/newgraph.component.ts [22ms]
2024-11-04 15:10:08.067 [info] > git config --get commit.template [47ms]
2024-11-04 15:10:08.098 [info] > git for-each-ref --format=%(refname)%00%(upstream:short)%00%(objectname)%00%(upstream:track)%00%(upstream:remotename)%00%(upstream:remoteref) refs/heads/main refs/remotes/main [32ms]
2024-11-04 15:10:08.101 [info] > git for-each-ref --format=%(refname)%00%(upstream:short)%00%(objectname)%00%(upstream:track)%00%(upstream:remotename)%00%(upstream:remoteref) refs/heads/main refs/remotes/main [5ms]
2024-11-04 15:10:08.101 [info] > git ls-files --stage -- /home/marion/visualisation/d3visualisation/src/app/newgraph/newgraph.component.ts [17ms]
2024-11-04 15:10:08.135 [info] > git cat-file -s a22e0fafcc62e07272dca20d5d0d94911def18f0 [19ms]
2024-11-04 15:10:08.170 [info] > git status -z -uall [37ms]
2024-11-04 15:10:08.170 [info] > git status -z -uall [10ms]
2024-11-04 15:10:08.178 [info] > git status -z -uall [8ms]
2024-11-04 15:10:09.228 [info] > git ls-files --stage -- /home/marion/visualisation/d3visualisation/src/app/newgraph/newgraph.component.ts [4ms]
2024-11-04 15:10:09.250 [info] > git cat-file -s a22e0fafcc62e07272dca20d5d0d94911def18f0 [4ms]
2024-11-04 15:10:09.277 [info] > git show --textconv :src/app/newgraph/newgraph.component.ts [3ms]
2024-11-04 15:12:05.433 [info] > git config --get commit.template [17ms]
2024-11-04 15:12:05.435 [info] > git config --get commit.template [3ms]
2024-11-04 15:12:05.466 [info] > git for-each-ref --format=%(refname)%00%(upstream:short)%00%(objectname)%00%(upstream:track)%00%(upstream:remotename)%00%(upstream:remoteref) refs/heads/master refs/remotes/master [17ms]
2024-11-04 15:12:05.467 [info] > git for-each-ref --format=%(refname)%00%(upstream:short)%00%(objectname)%00%(upstream:track)%00%(upstream:remotename)%00%(upstream:remoteref) refs/heads/main refs/remotes/main [3ms]
2024-11-04 15:12:05.497 [info] > git status -z -uall [15ms]
2024-11-04 15:12:05.504 [info] > git status -z -uall [8ms]
2024-11-04 15:12:24.296 [info] > git show --textconv :src/app/newgraph/newgraph.component.ts [20ms]
2024-11-04 15:12:24.299 [info] > git ls-files --stage -- /home/marion/visualisation/d3visualisation/src/app/newgraph/newgraph.component.ts [4ms]
2024-11-04 15:12:24.331 [info] > git cat-file -s a22e0fafcc62e07272dca20d5d0d94911def18f0 [12ms]
2024-11-04 15:13:08.531 [info] > git fetch [348ms]
2024-11-04 15:13:08.555 [info] > git fetch [355ms]
2024-11-04 15:13:08.579 [info] > git config --get commit.template [26ms]
2024-11-04 15:13:08.601 [info] > git fetch [410ms]
2024-11-04 15:13:08.618 [info] > git for-each-ref --format=%(refname)%00%(upstream:short)%00%(objectname)%00%(upstream:track)%00%(upstream:remotename)%00%(upstream:remoteref) refs/heads/master refs/remotes/master [19ms]
2024-11-04 15:13:08.618 [info] > git config --get commit.template [41ms]
2024-11-04 15:13:08.633 [info] > git config --get commit.template [16ms]
2024-11-04 15:13:08.644 [info] > git for-each-ref --format=%(refname)%00%(upstream:short)%00%(objectname)%00%(upstream:track)%00%(upstream:remotename)%00%(upstream:remoteref) refs/heads/main refs/remotes/main [13ms]
2024-11-04 15:13:08.653 [info] > git for-each-ref --format=%(refname)%00%(upstream:short)%00%(objectname)%00%(upstream:track)%00%(upstream:remotename)%00%(upstream:remoteref) refs/heads/main refs/remotes/main [10ms]
2024-11-04 15:13:08.660 [info] > git status -z -uall [9ms]
2024-11-04 15:13:08.671 [info] > git status -z -uall [11ms]
2024-11-04 15:13:08.673 [info] > git status -z -uall [3ms]
2024-11-04 15:13:09.714 [info] > git config --get commit.template [9ms]
2024-11-04 15:13:09.714 [info] > git config --get commit.template [16ms]
2024-11-04 15:13:09.715 [info] > git config --get commit.template [2ms]
2024-11-04 15:13:09.738 [info] > git for-each-ref --format=%(refname)%00%(upstream:short)%00%(objectname)%00%(upstream:track)%00%(upstream:remotename)%00%(upstream:remoteref) refs/heads/main refs/remotes/main [8ms]
2024-11-04 15:13:09.738 [info] > git for-each-ref --format=%(refname)%00%(upstream:short)%00%(objectname)%00%(upstream:track)%00%(upstream:remotename)%00%(upstream:remoteref) refs/heads/master refs/remotes/master [15ms]
2024-11-04 15:13:09.739 [info] > git for-each-ref --format=%(refname)%00%(upstream:short)%00%(objectname)%00%(upstream:track)%00%(upstream:remotename)%00%(upstream:remoteref) refs/heads/main refs/remotes/main [2ms]
2024-11-04 15:13:09.755 [info] > git status -z -uall [8ms]
2024-11-04 15:13:09.765 [info] > git status -z -uall [11ms]
2024-11-04 15:13:09.768 [info] > git status -z -uall [3ms]
2024-11-04 15:13:09.820 [info] > git ls-files --stage -- /home/marion/visualisation/d3visualisation/src/app/newgraph/newgraph.component.ts [2ms]
2024-11-04 15:13:09.827 [info] > git cat-file -s a22e0fafcc62e07272dca20d5d0d94911def18f0 [1ms]
2024-11-04 15:13:09.836 [info] > git show --textconv :src/app/newgraph/newgraph.component.ts [1ms]
2024-11-04 15:13:25.762 [info] > git config --local branch.master.github-pr-owner-number [7ms]
2024-11-04 15:13:25.769 [info] > git config --local branch.main.github-pr-owner-number [8ms]
2024-11-04 15:13:25.770 [info] > git config --local branch.main.github-pr-owner-number [1ms]
2024-11-04 15:17:06.763 [info] > git fetch [518ms]
2024-11-04 15:17:06.790 [info] > git fetch [528ms]
2024-11-04 15:17:06.818 [info] > git config --get commit.template [30ms]
2024-11-04 15:17:06.818 [info] > git fetch [600ms]
2024-11-04 15:17:06.842 [info] > git config --get commit.template [26ms]
2024-11-04 15:17:06.891 [info] > git config --get commit.template [50ms]
2024-11-04 15:17:06.917 [info] > git for-each-ref --format=%(refname)%00%(upstream:short)%00%(objectname)%00%(upstream:track)%00%(upstream:remotename)%00%(upstream:remoteref) refs/heads/main refs/remotes/main [28ms]
2024-11-04 15:17:06.918 [info] > git for-each-ref --format=%(refname)%00%(upstream:short)%00%(objectname)%00%(upstream:track)%00%(upstream:remotename)%00%(upstream:remoteref) refs/heads/main refs/remotes/main [49ms]
2024-11-04 15:17:06.919 [info] > git for-each-ref --format=%(refname)%00%(upstream:short)%00%(objectname)%00%(upstream:track)%00%(upstream:remotename)%00%(upstream:remoteref) refs/heads/master refs/remotes/master [7ms]
2024-11-04 15:17:06.973 [info] > git status -z -uall [34ms]
2024-11-04 15:17:06.973 [info] > git status -z -uall [17ms]
2024-11-04 15:17:06.991 [info] > git status -z -uall [19ms]
2024-11-04 15:17:08.025 [info] > git ls-files --stage -- /home/marion/visualisation/d3visualisation/src/app/newgraph/newgraph.component.ts [5ms]
2024-11-04 15:17:08.050 [info] > git cat-file -s a22e0fafcc62e07272dca20d5d0d94911def18f0 [4ms]
2024-11-04 15:17:08.079 [info] > git show --textconv :src/app/newgraph/newgraph.component.ts [5ms]
2024-11-04 15:18:25.790 [info] > git config --local branch.main.github-pr-owner-number [8ms]
2024-11-04 15:18:25.790 [info] > git config --local branch.master.github-pr-owner-number [16ms]
2024-11-04 15:18:25.791 [info] > git config --local branch.main.github-pr-owner-number [2ms]
2024-11-04 15:20:30.806 [info] > git merge-base refs/heads/main refs/remotes/origin/main [5ms]
2024-11-04 15:20:30.826 [info] > git rev-list --count --left-right refs/heads/main...refs/remotes/origin/main [4ms]
2024-11-04 15:20:38.104 [info] > git add -A -- /home/marion/visualisation/d3visualisation/src/app/d3graph-kunden/d3graph-kunden.component.ts /home/marion/visualisation/d3visualisation/src/app/newgraph/newgraph.component.ts [2ms]
2024-11-04 15:20:38.152 [info] > git for-each-ref --format=%(refname)%00%(upstream:short)%00%(objectname)%00%(upstream:track)%00%(upstream:remotename)%00%(upstream:remoteref) refs/heads/main refs/remotes/main [6ms]
2024-11-04 15:20:38.152 [info] > git config --get commit.template [24ms]
2024-11-04 15:20:38.172 [info] > git status -z -uall [4ms]
2024-11-04 15:20:46.742 [info] > git -c user.useConfigOnly=true commit --quiet --allow-empty-message --file - [14ms]
2024-11-04 15:20:46.753 [info] > git config --get commit.template [3ms]
2024-11-04 15:20:46.786 [info] > git config --get commit.template [22ms]
2024-11-04 15:20:46.787 [info] > git for-each-ref --format=%(refname)%00%(upstream:short)%00%(objectname)%00%(upstream:track)%00%(upstream:remotename)%00%(upstream:remoteref) refs/heads/main refs/remotes/main [5ms]
2024-11-04 15:20:46.816 [info] > git status -z -uall [14ms]
2024-11-04 15:20:46.942 [info] > git config --local branch.main.github-pr-owner-number [11ms]
2024-11-04 15:20:47.007 [info] > git merge-base refs/heads/main refs/remotes/origin/main [18ms]
2024-11-04 15:20:47.028 [info] > git config --get commit.template [24ms]
2024-11-04 15:20:47.059 [info] > git rev-list --count --left-right refs/heads/main...refs/remotes/origin/main [36ms]
2024-11-04 15:20:47.062 [info] > git for-each-ref --format=%(refname)%00%(upstream:short)%00%(objectname)%00%(upstream:track)%00%(upstream:remotename)%00%(upstream:remoteref) refs/heads/main refs/remotes/main [4ms]
2024-11-04 15:20:47.103 [info] > git status -z -uall [9ms]
