2024-11-06T12:12:50:519 [warning]: There is no GitLab account available with access to suggestions
2024-11-06T12:12:50:563 [info]: Extracted urls: []
2024-11-06T12:12:50:588 [info]: Found 0 projects for urls: []
2024-11-06T12:12:50:589 [warning]: There is no GitLab account available with access to suggestions
2024-11-06T12:13:08:764 [warning]: GitExtensionWrapper is missing repository for file:///home/marion
2024-11-06T12:13:09:766 [warning]: GitExtensionWrapper is missing repository for file:///home/marion
2024-11-06T12:13:10:775 [warning]: GitExtensionWrapper is missing repository for file:///home/marion
2024-11-06T12:13:11:775 [warning]: GitExtensionWrapper is missing repository for file:///home/marion
2024-11-06T12:13:12:780 [warning]: GitExtensionWrapper is missing repository for file:///home/marion
2024-11-06T12:13:13:781 [warning]: GitExtensionWrapper is missing repository for file:///home/marion
2024-11-06T12:13:14:782 [warning]: GitExtensionWrapper is missing repository for file:///home/marion
2024-11-06T12:13:15:782 [warning]: GitExtensionWrapper is missing repository for file:///home/marion
2024-11-06T12:13:16:782 [warning]: GitExtensionWrapper is missing repository for file:///home/marion
2024-11-06T12:13:17:782 [warning]: GitExtensionWrapper is missing repository for file:///home/marion
2024-11-06T12:13:18:782 [warning]: GitExtensionWrapper is missing repository for file:///home/marion
2024-11-06T12:13:19:497 [warning]: GitExtensionWrapper is missing repository for file:///home/marion
2024-11-06T12:13:19:782 [warning]: GitExtensionWrapper is missing repository for file:///home/marion
2024-11-06T12:13:20:782 [warning]: GitExtensionWrapper is missing repository for file:///home/marion
2024-11-06T12:13:21:782 [warning]: GitExtensionWrapper is missing repository for file:///home/marion
2024-11-06T12:13:22:783 [warning]: GitExtensionWrapper is missing repository for file:///home/marion
2024-11-06T12:13:23:783 [warning]: GitExtensionWrapper is missing repository for file:///home/marion
2024-11-06T12:13:24:783 [warning]: GitExtensionWrapper is missing repository for file:///home/marion
2024-11-06T12:13:25:783 [warning]: GitExtensionWrapper is missing repository for file:///home/marion
2024-11-06T12:13:26:784 [warning]: GitExtensionWrapper is missing repository for file:///home/marion
2024-11-06T12:13:27:784 [warning]: GitExtensionWrapper is missing repository for file:///home/marion
2024-11-06T12:13:28:785 [warning]: GitExtensionWrapper is missing repository for file:///home/marion
2024-11-06T12:13:29:786 [warning]: GitExtensionWrapper is missing repository for file:///home/marion
2024-11-06T12:13:30:787 [warning]: GitExtensionWrapper is missing repository for file:///home/marion
2024-11-06T12:13:31:788 [warning]: GitExtensionWrapper is missing repository for file:///home/marion
2024-11-06T12:13:32:788 [warning]: GitExtensionWrapper is missing repository for file:///home/marion
2024-11-06T12:13:33:789 [warning]: GitExtensionWrapper is missing repository for file:///home/marion
2024-11-06T12:13:34:789 [warning]: GitExtensionWrapper is missing repository for file:///home/marion
2024-11-06T12:13:35:790 [warning]: GitExtensionWrapper is missing repository for file:///home/marion
2024-11-06T12:13:36:790 [warning]: GitExtensionWrapper is missing repository for file:///home/marion
2024-11-06T12:13:37:790 [warning]: GitExtensionWrapper is missing repository for file:///home/marion
2024-11-06T12:13:38:790 [warning]: GitExtensionWrapper is missing repository for file:///home/marion
2024-11-06T12:13:39:790 [warning]: GitExtensionWrapper is missing repository for file:///home/marion
2024-11-06T12:13:40:790 [warning]: GitExtensionWrapper is missing repository for file:///home/marion
2024-11-06T12:13:41:791 [warning]: GitExtensionWrapper is missing repository for file:///home/marion
2024-11-06T12:13:42:792 [warning]: GitExtensionWrapper is missing repository for file:///home/marion
2024-11-06T12:13:43:794 [warning]: GitExtensionWrapper is missing repository for file:///home/marion
2024-11-06T12:13:44:795 [warning]: GitExtensionWrapper is missing repository for file:///home/marion
2024-11-06T12:13:45:795 [warning]: GitExtensionWrapper is missing repository for file:///home/marion
2024-11-06T12:13:46:796 [warning]: GitExtensionWrapper is missing repository for file:///home/marion
2024-11-06T12:13:47:797 [warning]: GitExtensionWrapper is missing repository for file:///home/marion
2024-11-06T12:13:48:797 [warning]: GitExtensionWrapper is missing repository for file:///home/marion
2024-11-06T12:13:49:497 [warning]: GitExtensionWrapper is missing repository for file:///home/marion
2024-11-06T12:13:49:798 [warning]: GitExtensionWrapper is missing repository for file:///home/marion
2024-11-06T12:13:50:799 [warning]: GitExtensionWrapper is missing repository for file:///home/marion
2024-11-06T12:13:51:801 [warning]: GitExtensionWrapper is missing repository for file:///home/marion
2024-11-06T12:13:52:802 [warning]: GitExtensionWrapper is missing repository for file:///home/marion
2024-11-06T12:13:53:803 [warning]: GitExtensionWrapper is missing repository for file:///home/marion
2024-11-06T12:13:54:804 [warning]: GitExtensionWrapper is missing repository for file:///home/marion
2024-11-06T12:13:55:804 [warning]: GitExtensionWrapper is missing repository for file:///home/marion
2024-11-06T12:13:56:805 [warning]: GitExtensionWrapper is missing repository for file:///home/marion
2024-11-06T12:13:57:805 [warning]: GitExtensionWrapper is missing repository for file:///home/marion
2024-11-06T12:13:58:805 [warning]: GitExtensionWrapper is missing repository for file:///home/marion
2024-11-06T12:13:59:806 [warning]: GitExtensionWrapper is missing repository for file:///home/marion
2024-11-06T12:14:00:807 [warning]: GitExtensionWrapper is missing repository for file:///home/marion
2024-11-06T12:14:01:807 [warning]: GitExtensionWrapper is missing repository for file:///home/marion
2024-11-06T12:14:02:808 [warning]: GitExtensionWrapper is missing repository for file:///home/marion
2024-11-06T12:14:03:808 [warning]: GitExtensionWrapper is missing repository for file:///home/marion
2024-11-06T12:14:04:809 [warning]: GitExtensionWrapper is missing repository for file:///home/marion
2024-11-06T12:14:05:809 [warning]: GitExtensionWrapper is missing repository for file:///home/marion
2024-11-06T12:14:06:810 [warning]: GitExtensionWrapper is missing repository for file:///home/marion
2024-11-06T12:14:07:810 [warning]: GitExtensionWrapper is missing repository for file:///home/marion
2024-11-06T12:14:08:811 [warning]: GitExtensionWrapper is missing repository for file:///home/marion
2024-11-06T12:14:09:811 [warning]: GitExtensionWrapper is missing repository for file:///home/marion
2024-11-06T12:14:10:812 [warning]: GitExtensionWrapper is missing repository for file:///home/marion
2024-11-06T12:14:11:812 [warning]: GitExtensionWrapper is missing repository for file:///home/marion
2024-11-06T12:14:12:813 [warning]: GitExtensionWrapper is missing repository for file:///home/marion
2024-11-06T12:14:13:815 [warning]: GitExtensionWrapper is missing repository for file:///home/marion
2024-11-06T12:14:14:815 [warning]: GitExtensionWrapper is missing repository for file:///home/marion
2024-11-06T12:14:15:816 [warning]: GitExtensionWrapper is missing repository for file:///home/marion
2024-11-06T12:14:16:816 [warning]: GitExtensionWrapper is missing repository for file:///home/marion
2024-11-06T12:14:17:817 [warning]: GitExtensionWrapper is missing repository for file:///home/marion
2024-11-06T12:14:18:817 [warning]: GitExtensionWrapper is missing repository for file:///home/marion
2024-11-06T12:14:19:497 [warning]: GitExtensionWrapper is missing repository for file:///home/marion
2024-11-06T12:14:19:818 [warning]: GitExtensionWrapper is missing repository for file:///home/marion
2024-11-06T12:14:20:819 [warning]: GitExtensionWrapper is missing repository for file:///home/marion
2024-11-06T12:14:21:820 [warning]: GitExtensionWrapper is missing repository for file:///home/marion
2024-11-06T12:14:22:821 [warning]: GitExtensionWrapper is missing repository for file:///home/marion
2024-11-06T12:14:23:822 [warning]: GitExtensionWrapper is missing repository for file:///home/marion
2024-11-06T12:14:24:825 [warning]: GitExtensionWrapper is missing repository for file:///home/marion
2024-11-06T12:14:25:826 [warning]: GitExtensionWrapper is missing repository for file:///home/marion
2024-11-06T12:14:26:827 [warning]: GitExtensionWrapper is missing repository for file:///home/marion
2024-11-06T12:14:27:829 [warning]: GitExtensionWrapper is missing repository for file:///home/marion
2024-11-06T12:14:28:831 [warning]: GitExtensionWrapper is missing repository for file:///home/marion
2024-11-06T12:14:29:832 [warning]: GitExtensionWrapper is missing repository for file:///home/marion
2024-11-06T12:14:30:832 [warning]: GitExtensionWrapper is missing repository for file:///home/marion
2024-11-06T12:14:31:833 [warning]: GitExtensionWrapper is missing repository for file:///home/marion
2024-11-06T12:14:32:833 [warning]: GitExtensionWrapper is missing repository for file:///home/marion
2024-11-06T12:14:33:834 [warning]: GitExtensionWrapper is missing repository for file:///home/marion
2024-11-06T12:14:34:836 [warning]: GitExtensionWrapper is missing repository for file:///home/marion
2024-11-06T12:14:35:837 [warning]: GitExtensionWrapper is missing repository for file:///home/marion
2024-11-06T12:14:36:837 [warning]: GitExtensionWrapper is missing repository for file:///home/marion
2024-11-06T12:14:37:839 [warning]: GitExtensionWrapper is missing repository for file:///home/marion
2024-11-06T12:14:38:839 [warning]: GitExtensionWrapper is missing repository for file:///home/marion
2024-11-06T12:14:39:840 [warning]: GitExtensionWrapper is missing repository for file:///home/marion
2024-11-06T12:14:40:841 [warning]: GitExtensionWrapper is missing repository for file:///home/marion
2024-11-06T12:14:41:842 [warning]: GitExtensionWrapper is missing repository for file:///home/marion
2024-11-06T12:14:42:843 [warning]: GitExtensionWrapper is missing repository for file:///home/marion
2024-11-06T12:14:43:844 [warning]: GitExtensionWrapper is missing repository for file:///home/marion
2024-11-06T12:14:44:844 [warning]: GitExtensionWrapper is missing repository for file:///home/marion
2024-11-06T12:14:45:845 [warning]: GitExtensionWrapper is missing repository for file:///home/marion
2024-11-06T12:14:46:846 [warning]: GitExtensionWrapper is missing repository for file:///home/marion
2024-11-06T12:14:47:847 [warning]: GitExtensionWrapper is missing repository for file:///home/marion
2024-11-06T12:14:48:847 [warning]: GitExtensionWrapper is missing repository for file:///home/marion
2024-11-06T12:14:49:497 [warning]: GitExtensionWrapper is missing repository for file:///home/marion
2024-11-06T12:14:49:847 [warning]: GitExtensionWrapper is missing repository for file:///home/marion
2024-11-06T12:14:50:847 [warning]: GitExtensionWrapper is missing repository for file:///home/marion
2024-11-06T12:14:51:849 [warning]: GitExtensionWrapper is missing repository for file:///home/marion
2024-11-06T12:14:52:851 [warning]: GitExtensionWrapper is missing repository for file:///home/marion
2024-11-06T12:14:53:852 [warning]: GitExtensionWrapper is missing repository for file:///home/marion
2024-11-06T12:14:54:855 [warning]: GitExtensionWrapper is missing repository for file:///home/marion
2024-11-06T12:14:55:855 [warning]: GitExtensionWrapper is missing repository for file:///home/marion
2024-11-06T12:14:56:855 [warning]: GitExtensionWrapper is missing repository for file:///home/marion
2024-11-06T12:14:57:855 [warning]: GitExtensionWrapper is missing repository for file:///home/marion
2024-11-06T12:14:58:856 [warning]: GitExtensionWrapper is missing repository for file:///home/marion
2024-11-06T12:14:59:857 [warning]: GitExtensionWrapper is missing repository for file:///home/marion
2024-11-06T12:15:00:858 [warning]: GitExtensionWrapper is missing repository for file:///home/marion
2024-11-06T12:15:01:858 [warning]: GitExtensionWrapper is missing repository for file:///home/marion
2024-11-06T12:15:02:859 [warning]: GitExtensionWrapper is missing repository for file:///home/marion
2024-11-06T12:15:03:860 [warning]: GitExtensionWrapper is missing repository for file:///home/marion
2024-11-06T12:15:04:868 [warning]: GitExtensionWrapper is missing repository for file:///home/marion
2024-11-06T12:15:05:869 [warning]: GitExtensionWrapper is missing repository for file:///home/marion
2024-11-06T12:15:06:870 [warning]: GitExtensionWrapper is missing repository for file:///home/marion
2024-11-06T12:15:07:870 [warning]: GitExtensionWrapper is missing repository for file:///home/marion
2024-11-06T12:15:08:871 [warning]: GitExtensionWrapper is missing repository for file:///home/marion
2024-11-06T12:15:09:872 [warning]: GitExtensionWrapper is missing repository for file:///home/marion
2024-11-06T12:15:10:872 [warning]: GitExtensionWrapper is missing repository for file:///home/marion
2024-11-06T12:15:11:873 [warning]: GitExtensionWrapper is missing repository for file:///home/marion
2024-11-06T12:15:12:874 [warning]: GitExtensionWrapper is missing repository for file:///home/marion
2024-11-06T12:15:13:876 [warning]: GitExtensionWrapper is missing repository for file:///home/marion
2024-11-06T12:15:14:877 [warning]: GitExtensionWrapper is missing repository for file:///home/marion
2024-11-06T12:15:15:877 [warning]: GitExtensionWrapper is missing repository for file:///home/marion
2024-11-06T12:15:16:879 [warning]: GitExtensionWrapper is missing repository for file:///home/marion
2024-11-06T12:15:17:880 [warning]: GitExtensionWrapper is missing repository for file:///home/marion
2024-11-06T12:15:18:880 [warning]: GitExtensionWrapper is missing repository for file:///home/marion
2024-11-06T12:15:19:498 [warning]: GitExtensionWrapper is missing repository for file:///home/marion
2024-11-06T12:15:19:881 [warning]: GitExtensionWrapper is missing repository for file:///home/marion
2024-11-06T12:15:20:883 [warning]: GitExtensionWrapper is missing repository for file:///home/marion
2024-11-06T12:15:21:885 [warning]: GitExtensionWrapper is missing repository for file:///home/marion
2024-11-06T12:15:22:886 [warning]: GitExtensionWrapper is missing repository for file:///home/marion
2024-11-06T12:15:23:887 [warning]: GitExtensionWrapper is missing repository for file:///home/marion
2024-11-06T12:15:24:888 [warning]: GitExtensionWrapper is missing repository for file:///home/marion
2024-11-06T12:15:25:889 [warning]: GitExtensionWrapper is missing repository for file:///home/marion
2024-11-06T12:15:26:890 [warning]: GitExtensionWrapper is missing repository for file:///home/marion
2024-11-06T12:15:27:892 [warning]: GitExtensionWrapper is missing repository for file:///home/marion
2024-11-06T12:15:28:892 [warning]: GitExtensionWrapper is missing repository for file:///home/marion
2024-11-06T12:15:29:893 [warning]: GitExtensionWrapper is missing repository for file:///home/marion
2024-11-06T12:15:30:894 [warning]: GitExtensionWrapper is missing repository for file:///home/marion
2024-11-06T12:15:31:894 [warning]: GitExtensionWrapper is missing repository for file:///home/marion
2024-11-06T12:15:32:895 [warning]: GitExtensionWrapper is missing repository for file:///home/marion
2024-11-06T12:15:33:896 [warning]: GitExtensionWrapper is missing repository for file:///home/marion
2024-11-06T12:15:34:897 [warning]: GitExtensionWrapper is missing repository for file:///home/marion
2024-11-06T12:15:35:897 [warning]: GitExtensionWrapper is missing repository for file:///home/marion
2024-11-06T12:15:36:898 [warning]: GitExtensionWrapper is missing repository for file:///home/marion
2024-11-06T12:15:37:899 [warning]: GitExtensionWrapper is missing repository for file:///home/marion
2024-11-06T12:15:38:900 [warning]: GitExtensionWrapper is missing repository for file:///home/marion
2024-11-06T12:15:39:901 [warning]: GitExtensionWrapper is missing repository for file:///home/marion
2024-11-06T12:15:40:902 [warning]: GitExtensionWrapper is missing repository for file:///home/marion
2024-11-06T12:15:41:902 [warning]: GitExtensionWrapper is missing repository for file:///home/marion
2024-11-06T12:15:42:902 [warning]: GitExtensionWrapper is missing repository for file:///home/marion
2024-11-06T12:15:43:903 [warning]: GitExtensionWrapper is missing repository for file:///home/marion
2024-11-06T12:15:44:904 [warning]: GitExtensionWrapper is missing repository for file:///home/marion
2024-11-06T12:15:45:905 [warning]: GitExtensionWrapper is missing repository for file:///home/marion
2024-11-06T12:15:46:905 [warning]: GitExtensionWrapper is missing repository for file:///home/marion
2024-11-06T12:15:47:905 [warning]: GitExtensionWrapper is missing repository for file:///home/marion
2024-11-06T12:15:48:905 [warning]: GitExtensionWrapper is missing repository for file:///home/marion
2024-11-06T12:15:49:499 [warning]: GitExtensionWrapper is missing repository for file:///home/marion
2024-11-06T12:15:49:905 [warning]: GitExtensionWrapper is missing repository for file:///home/marion
2024-11-06T12:15:50:905 [warning]: GitExtensionWrapper is missing repository for file:///home/marion
2024-11-06T12:15:51:906 [warning]: GitExtensionWrapper is missing repository for file:///home/marion
2024-11-06T12:15:52:907 [warning]: GitExtensionWrapper is missing repository for file:///home/marion
2024-11-06T12:15:53:908 [warning]: GitExtensionWrapper is missing repository for file:///home/marion
2024-11-06T12:15:54:909 [warning]: GitExtensionWrapper is missing repository for file:///home/marion
2024-11-06T12:15:55:910 [warning]: GitExtensionWrapper is missing repository for file:///home/marion
2024-11-06T12:15:56:911 [warning]: GitExtensionWrapper is missing repository for file:///home/marion
2024-11-06T12:15:57:911 [warning]: GitExtensionWrapper is missing repository for file:///home/marion
2024-11-06T12:15:58:913 [warning]: GitExtensionWrapper is missing repository for file:///home/marion
2024-11-06T12:15:59:914 [warning]: GitExtensionWrapper is missing repository for file:///home/marion
2024-11-06T12:16:00:915 [warning]: GitExtensionWrapper is missing repository for file:///home/marion
2024-11-06T12:16:01:917 [warning]: GitExtensionWrapper is missing repository for file:///home/marion
2024-11-06T12:16:02:919 [warning]: GitExtensionWrapper is missing repository for file:///home/marion
2024-11-06T12:16:03:921 [warning]: GitExtensionWrapper is missing repository for file:///home/marion
2024-11-06T12:16:04:923 [warning]: GitExtensionWrapper is missing repository for file:///home/marion
2024-11-06T12:16:05:924 [warning]: GitExtensionWrapper is missing repository for file:///home/marion
2024-11-06T12:16:06:925 [warning]: GitExtensionWrapper is missing repository for file:///home/marion
2024-11-06T12:16:07:927 [warning]: GitExtensionWrapper is missing repository for file:///home/marion
2024-11-06T12:16:08:927 [warning]: GitExtensionWrapper is missing repository for file:///home/marion
2024-11-06T12:16:09:928 [warning]: GitExtensionWrapper is missing repository for file:///home/marion
2024-11-06T12:16:10:929 [warning]: GitExtensionWrapper is missing repository for file:///home/marion
2024-11-06T12:16:11:929 [warning]: GitExtensionWrapper is missing repository for file:///home/marion
2024-11-06T12:16:12:930 [warning]: GitExtensionWrapper is missing repository for file:///home/marion
2024-11-06T12:16:13:930 [warning]: GitExtensionWrapper is missing repository for file:///home/marion
2024-11-06T12:16:14:931 [warning]: GitExtensionWrapper is missing repository for file:///home/marion
2024-11-06T12:16:15:932 [warning]: GitExtensionWrapper is missing repository for file:///home/marion
2024-11-06T12:16:16:933 [warning]: GitExtensionWrapper is missing repository for file:///home/marion
2024-11-06T12:16:17:933 [warning]: GitExtensionWrapper is missing repository for file:///home/marion
2024-11-06T12:16:18:934 [warning]: GitExtensionWrapper is missing repository for file:///home/marion
2024-11-06T12:16:19:501 [warning]: GitExtensionWrapper is missing repository for file:///home/marion
2024-11-06T12:16:19:935 [warning]: GitExtensionWrapper is missing repository for file:///home/marion
2024-11-06T12:16:20:935 [warning]: GitExtensionWrapper is missing repository for file:///home/marion
2024-11-06T12:16:21:934 [warning]: GitExtensionWrapper is missing repository for file:///home/marion
2024-11-06T12:16:22:935 [warning]: GitExtensionWrapper is missing repository for file:///home/marion
2024-11-06T12:16:23:936 [warning]: GitExtensionWrapper is missing repository for file:///home/marion
2024-11-06T12:16:24:936 [warning]: GitExtensionWrapper is missing repository for file:///home/marion
2024-11-06T12:16:25:937 [warning]: GitExtensionWrapper is missing repository for file:///home/marion
2024-11-06T12:16:26:937 [warning]: GitExtensionWrapper is missing repository for file:///home/marion
2024-11-06T12:16:27:937 [warning]: GitExtensionWrapper is missing repository for file:///home/marion
2024-11-06T12:16:28:938 [warning]: GitExtensionWrapper is missing repository for file:///home/marion
2024-11-06T12:16:29:939 [warning]: GitExtensionWrapper is missing repository for file:///home/marion
2024-11-06T12:16:30:939 [warning]: GitExtensionWrapper is missing repository for file:///home/marion
2024-11-06T12:16:31:940 [warning]: GitExtensionWrapper is missing repository for file:///home/marion
2024-11-06T12:16:32:941 [warning]: GitExtensionWrapper is missing repository for file:///home/marion
2024-11-06T12:16:33:942 [warning]: GitExtensionWrapper is missing repository for file:///home/marion
2024-11-06T12:16:34:942 [warning]: GitExtensionWrapper is missing repository for file:///home/marion
2024-11-06T12:16:35:943 [warning]: GitExtensionWrapper is missing repository for file:///home/marion
2024-11-06T12:16:36:943 [warning]: GitExtensionWrapper is missing repository for file:///home/marion
2024-11-06T12:16:37:944 [warning]: GitExtensionWrapper is missing repository for file:///home/marion
2024-11-06T12:16:38:944 [warning]: GitExtensionWrapper is missing repository for file:///home/marion
2024-11-06T12:16:39:945 [warning]: GitExtensionWrapper is missing repository for file:///home/marion
2024-11-06T12:16:40:945 [warning]: GitExtensionWrapper is missing repository for file:///home/marion
2024-11-06T12:16:41:947 [warning]: GitExtensionWrapper is missing repository for file:///home/marion
2024-11-06T12:16:42:947 [warning]: GitExtensionWrapper is missing repository for file:///home/marion
2024-11-06T12:16:43:948 [warning]: GitExtensionWrapper is missing repository for file:///home/marion
2024-11-06T12:16:44:948 [warning]: GitExtensionWrapper is missing repository for file:///home/marion
2024-11-06T12:16:45:949 [warning]: GitExtensionWrapper is missing repository for file:///home/marion
2024-11-06T12:16:46:950 [warning]: GitExtensionWrapper is missing repository for file:///home/marion
2024-11-06T12:16:47:952 [warning]: GitExtensionWrapper is missing repository for file:///home/marion
2024-11-06T12:16:48:953 [warning]: GitExtensionWrapper is missing repository for file:///home/marion
2024-11-06T12:16:49:500 [warning]: GitExtensionWrapper is missing repository for file:///home/marion
2024-11-06T12:16:49:953 [warning]: GitExtensionWrapper is missing repository for file:///home/marion
2024-11-06T12:16:50:954 [warning]: GitExtensionWrapper is missing repository for file:///home/marion
2024-11-06T12:16:51:955 [warning]: GitExtensionWrapper is missing repository for file:///home/marion
2024-11-06T12:16:52:956 [warning]: GitExtensionWrapper is missing repository for file:///home/marion
2024-11-06T12:16:53:958 [warning]: GitExtensionWrapper is missing repository for file:///home/marion
2024-11-06T12:16:54:960 [warning]: GitExtensionWrapper is missing repository for file:///home/marion
2024-11-06T12:16:55:960 [warning]: GitExtensionWrapper is missing repository for file:///home/marion
2024-11-06T12:16:56:959 [warning]: GitExtensionWrapper is missing repository for file:///home/marion
2024-11-06T12:16:57:960 [warning]: GitExtensionWrapper is missing repository for file:///home/marion
2024-11-06T12:16:58:960 [warning]: GitExtensionWrapper is missing repository for file:///home/marion
2024-11-06T12:16:59:961 [warning]: GitExtensionWrapper is missing repository for file:///home/marion
2024-11-06T12:17:00:961 [warning]: GitExtensionWrapper is missing repository for file:///home/marion
2024-11-06T12:17:01:962 [warning]: GitExtensionWrapper is missing repository for file:///home/marion
2024-11-06T12:17:02:964 [warning]: GitExtensionWrapper is missing repository for file:///home/marion
2024-11-06T12:17:03:965 [warning]: GitExtensionWrapper is missing repository for file:///home/marion
2024-11-06T12:17:04:965 [warning]: GitExtensionWrapper is missing repository for file:///home/marion
2024-11-06T12:17:05:965 [warning]: GitExtensionWrapper is missing repository for file:///home/marion
2024-11-06T12:17:06:966 [warning]: GitExtensionWrapper is missing repository for file:///home/marion
2024-11-06T12:17:07:967 [warning]: GitExtensionWrapper is missing repository for file:///home/marion
2024-11-06T12:17:08:969 [warning]: GitExtensionWrapper is missing repository for file:///home/marion
2024-11-06T12:17:09:971 [warning]: GitExtensionWrapper is missing repository for file:///home/marion
2024-11-06T12:17:10:972 [warning]: GitExtensionWrapper is missing repository for file:///home/marion
2024-11-06T12:17:11:973 [warning]: GitExtensionWrapper is missing repository for file:///home/marion
2024-11-06T12:17:12:974 [warning]: GitExtensionWrapper is missing repository for file:///home/marion
2024-11-06T12:17:13:976 [warning]: GitExtensionWrapper is missing repository for file:///home/marion
2024-11-06T12:17:14:977 [warning]: GitExtensionWrapper is missing repository for file:///home/marion
2024-11-06T12:17:15:978 [warning]: GitExtensionWrapper is missing repository for file:///home/marion
2024-11-06T12:17:16:979 [warning]: GitExtensionWrapper is missing repository for file:///home/marion
2024-11-06T12:17:17:979 [warning]: GitExtensionWrapper is missing repository for file:///home/marion
2024-11-06T12:17:18:980 [warning]: GitExtensionWrapper is missing repository for file:///home/marion
2024-11-06T12:17:19:501 [warning]: GitExtensionWrapper is missing repository for file:///home/marion
2024-11-06T12:17:19:980 [warning]: GitExtensionWrapper is missing repository for file:///home/marion
2024-11-06T12:17:20:981 [warning]: GitExtensionWrapper is missing repository for file:///home/marion
2024-11-06T12:17:21:981 [warning]: GitExtensionWrapper is missing repository for file:///home/marion
2024-11-06T12:17:22:982 [warning]: GitExtensionWrapper is missing repository for file:///home/marion
2024-11-06T12:17:23:984 [warning]: GitExtensionWrapper is missing repository for file:///home/marion
2024-11-06T12:17:24:985 [warning]: GitExtensionWrapper is missing repository for file:///home/marion
2024-11-06T12:17:25:986 [warning]: GitExtensionWrapper is missing repository for file:///home/marion
2024-11-06T12:17:26:987 [warning]: GitExtensionWrapper is missing repository for file:///home/marion
2024-11-06T12:17:27:989 [warning]: GitExtensionWrapper is missing repository for file:///home/marion
2024-11-06T12:17:28:990 [warning]: GitExtensionWrapper is missing repository for file:///home/marion
2024-11-06T12:17:29:992 [warning]: GitExtensionWrapper is missing repository for file:///home/marion
2024-11-06T12:17:30:993 [warning]: GitExtensionWrapper is missing repository for file:///home/marion
2024-11-06T12:17:31:994 [warning]: GitExtensionWrapper is missing repository for file:///home/marion
2024-11-06T12:17:32:996 [warning]: GitExtensionWrapper is missing repository for file:///home/marion
2024-11-06T12:17:33:997 [warning]: GitExtensionWrapper is missing repository for file:///home/marion
2024-11-06T12:17:34:999 [warning]: GitExtensionWrapper is missing repository for file:///home/marion
2024-11-06T12:17:36:000 [warning]: GitExtensionWrapper is missing repository for file:///home/marion
2024-11-06T12:17:37:001 [warning]: GitExtensionWrapper is missing repository for file:///home/marion
2024-11-06T12:17:38:003 [warning]: GitExtensionWrapper is missing repository for file:///home/marion
2024-11-06T12:17:39:004 [warning]: GitExtensionWrapper is missing repository for file:///home/marion
2024-11-06T12:17:40:005 [warning]: GitExtensionWrapper is missing repository for file:///home/marion
2024-11-06T12:17:41:005 [warning]: GitExtensionWrapper is missing repository for file:///home/marion
2024-11-06T12:17:42:006 [warning]: GitExtensionWrapper is missing repository for file:///home/marion
2024-11-06T12:17:43:008 [warning]: GitExtensionWrapper is missing repository for file:///home/marion
2024-11-06T12:17:44:009 [warning]: GitExtensionWrapper is missing repository for file:///home/marion
2024-11-06T12:17:45:010 [warning]: GitExtensionWrapper is missing repository for file:///home/marion
2024-11-06T12:17:46:012 [warning]: GitExtensionWrapper is missing repository for file:///home/marion
2024-11-06T12:17:47:012 [warning]: GitExtensionWrapper is missing repository for file:///home/marion
2024-11-06T12:17:48:013 [warning]: GitExtensionWrapper is missing repository for file:///home/marion
2024-11-06T12:17:49:014 [warning]: GitExtensionWrapper is missing repository for file:///home/marion
2024-11-06T12:17:53:017 [warning]: GitExtensionWrapper is missing repository for file:///home/marion
2024-11-06T12:17:54:018 [warning]: GitExtensionWrapper is missing repository for file:///home/marion
2024-11-06T12:17:55:019 [warning]: GitExtensionWrapper is missing repository for file:///home/marion
2024-11-06T12:17:56:020 [warning]: GitExtensionWrapper is missing repository for file:///home/marion
2024-11-06T12:17:57:020 [warning]: GitExtensionWrapper is missing repository for file:///home/marion
2024-11-06T12:17:58:021 [warning]: GitExtensionWrapper is missing repository for file:///home/marion
2024-11-06T12:17:59:022 [warning]: GitExtensionWrapper is missing repository for file:///home/marion
2024-11-06T12:18:00:023 [warning]: GitExtensionWrapper is missing repository for file:///home/marion
2024-11-06T12:18:01:024 [warning]: GitExtensionWrapper is missing repository for file:///home/marion
2024-11-06T12:18:02:025 [warning]: GitExtensionWrapper is missing repository for file:///home/marion
2024-11-06T12:18:03:026 [warning]: GitExtensionWrapper is missing repository for file:///home/marion
2024-11-06T12:18:04:027 [warning]: GitExtensionWrapper is missing repository for file:///home/marion
2024-11-06T12:18:05:028 [warning]: GitExtensionWrapper is missing repository for file:///home/marion
2024-11-06T12:18:06:028 [warning]: GitExtensionWrapper is missing repository for file:///home/marion
2024-11-06T12:18:07:029 [warning]: GitExtensionWrapper is missing repository for file:///home/marion
2024-11-06T12:18:08:030 [warning]: GitExtensionWrapper is missing repository for file:///home/marion
2024-11-06T12:18:09:031 [warning]: GitExtensionWrapper is missing repository for file:///home/marion
2024-11-06T12:18:10:033 [warning]: GitExtensionWrapper is missing repository for file:///home/marion
2024-11-06T12:18:11:034 [warning]: GitExtensionWrapper is missing repository for file:///home/marion
2024-11-06T12:18:12:035 [warning]: GitExtensionWrapper is missing repository for file:///home/marion
2024-11-06T12:18:13:037 [warning]: GitExtensionWrapper is missing repository for file:///home/marion
2024-11-06T12:18:14:037 [warning]: GitExtensionWrapper is missing repository for file:///home/marion
2024-11-06T12:18:15:038 [warning]: GitExtensionWrapper is missing repository for file:///home/marion
2024-11-06T12:18:16:039 [warning]: GitExtensionWrapper is missing repository for file:///home/marion
2024-11-06T12:18:17:040 [warning]: GitExtensionWrapper is missing repository for file:///home/marion
2024-11-06T12:18:18:041 [warning]: GitExtensionWrapper is missing repository for file:///home/marion
2024-11-06T12:18:19:042 [warning]: GitExtensionWrapper is missing repository for file:///home/marion
2024-11-06T12:18:19:502 [warning]: GitExtensionWrapper is missing repository for file:///home/marion
2024-11-06T12:18:20:043 [warning]: GitExtensionWrapper is missing repository for file:///home/marion
2024-11-06T12:18:21:042 [warning]: GitExtensionWrapper is missing repository for file:///home/marion
2024-11-06T12:18:22:043 [warning]: GitExtensionWrapper is missing repository for file:///home/marion
2024-11-06T12:18:23:044 [warning]: GitExtensionWrapper is missing repository for file:///home/marion
2024-11-06T12:18:24:045 [warning]: GitExtensionWrapper is missing repository for file:///home/marion
2024-11-06T12:18:25:046 [warning]: GitExtensionWrapper is missing repository for file:///home/marion
2024-11-06T12:18:26:047 [warning]: GitExtensionWrapper is missing repository for file:///home/marion
2024-11-06T12:18:27:047 [warning]: GitExtensionWrapper is missing repository for file:///home/marion
2024-11-06T12:18:28:048 [warning]: GitExtensionWrapper is missing repository for file:///home/marion
2024-11-06T12:18:29:049 [warning]: GitExtensionWrapper is missing repository for file:///home/marion
2024-11-06T12:18:30:050 [warning]: GitExtensionWrapper is missing repository for file:///home/marion
2024-11-06T12:18:31:051 [warning]: GitExtensionWrapper is missing repository for file:///home/marion
2024-11-06T12:18:32:053 [warning]: GitExtensionWrapper is missing repository for file:///home/marion
2024-11-06T12:18:33:053 [warning]: GitExtensionWrapper is missing repository for file:///home/marion
2024-11-06T12:18:34:054 [warning]: GitExtensionWrapper is missing repository for file:///home/marion
2024-11-06T12:18:35:056 [warning]: GitExtensionWrapper is missing repository for file:///home/marion
2024-11-06T12:18:36:057 [warning]: GitExtensionWrapper is missing repository for file:///home/marion
2024-11-06T12:18:37:057 [warning]: GitExtensionWrapper is missing repository for file:///home/marion
2024-11-06T12:18:38:059 [warning]: GitExtensionWrapper is missing repository for file:///home/marion
2024-11-06T12:18:39:059 [warning]: GitExtensionWrapper is missing repository for file:///home/marion
2024-11-06T12:18:40:060 [warning]: GitExtensionWrapper is missing repository for file:///home/marion
2024-11-06T12:18:41:061 [warning]: GitExtensionWrapper is missing repository for file:///home/marion
2024-11-06T12:18:42:062 [warning]: GitExtensionWrapper is missing repository for file:///home/marion
2024-11-06T12:18:43:063 [warning]: GitExtensionWrapper is missing repository for file:///home/marion
2024-11-06T12:18:44:065 [warning]: GitExtensionWrapper is missing repository for file:///home/marion
2024-11-06T12:18:45:066 [warning]: GitExtensionWrapper is missing repository for file:///home/marion
2024-11-06T12:18:46:067 [warning]: GitExtensionWrapper is missing repository for file:///home/marion
2024-11-06T12:18:47:067 [warning]: GitExtensionWrapper is missing repository for file:///home/marion
2024-11-06T12:18:48:069 [warning]: GitExtensionWrapper is missing repository for file:///home/marion
2024-11-06T12:18:49:069 [warning]: GitExtensionWrapper is missing repository for file:///home/marion
2024-11-06T12:18:49:503 [warning]: GitExtensionWrapper is missing repository for file:///home/marion
2024-11-06T12:18:50:070 [warning]: GitExtensionWrapper is missing repository for file:///home/marion
2024-11-06T12:18:51:071 [warning]: GitExtensionWrapper is missing repository for file:///home/marion
2024-11-06T12:18:52:071 [warning]: GitExtensionWrapper is missing repository for file:///home/marion
2024-11-06T12:18:53:072 [warning]: GitExtensionWrapper is missing repository for file:///home/marion
2024-11-06T12:18:54:073 [warning]: GitExtensionWrapper is missing repository for file:///home/marion
2024-11-06T12:18:55:074 [warning]: GitExtensionWrapper is missing repository for file:///home/marion
2024-11-06T12:18:56:075 [warning]: GitExtensionWrapper is missing repository for file:///home/marion
2024-11-06T12:18:57:076 [warning]: GitExtensionWrapper is missing repository for file:///home/marion
2024-11-06T12:18:58:077 [warning]: GitExtensionWrapper is missing repository for file:///home/marion
2024-11-06T12:18:59:079 [warning]: GitExtensionWrapper is missing repository for file:///home/marion
2024-11-06T12:19:00:080 [warning]: GitExtensionWrapper is missing repository for file:///home/marion
2024-11-06T12:19:01:081 [warning]: GitExtensionWrapper is missing repository for file:///home/marion
2024-11-06T12:19:02:082 [warning]: GitExtensionWrapper is missing repository for file:///home/marion
2024-11-06T12:19:03:084 [warning]: GitExtensionWrapper is missing repository for file:///home/marion
2024-11-06T12:19:04:085 [warning]: GitExtensionWrapper is missing repository for file:///home/marion
2024-11-06T12:19:05:087 [warning]: GitExtensionWrapper is missing repository for file:///home/marion
2024-11-06T12:19:06:087 [warning]: GitExtensionWrapper is missing repository for file:///home/marion
2024-11-06T12:19:07:088 [warning]: GitExtensionWrapper is missing repository for file:///home/marion
2024-11-06T12:19:08:089 [warning]: GitExtensionWrapper is missing repository for file:///home/marion
2024-11-06T12:19:09:089 [warning]: GitExtensionWrapper is missing repository for file:///home/marion
2024-11-06T12:19:10:089 [warning]: GitExtensionWrapper is missing repository for file:///home/marion
2024-11-06T12:19:11:091 [warning]: GitExtensionWrapper is missing repository for file:///home/marion
2024-11-06T12:19:12:091 [warning]: GitExtensionWrapper is missing repository for file:///home/marion
2024-11-06T12:19:13:092 [warning]: GitExtensionWrapper is missing repository for file:///home/marion
2024-11-06T12:19:14:093 [warning]: GitExtensionWrapper is missing repository for file:///home/marion
2024-11-06T12:19:15:097 [warning]: GitExtensionWrapper is missing repository for file:///home/marion
2024-11-06T12:19:16:095 [warning]: GitExtensionWrapper is missing repository for file:///home/marion
2024-11-06T12:19:17:096 [warning]: GitExtensionWrapper is missing repository for file:///home/marion
2024-11-06T12:19:18:098 [warning]: GitExtensionWrapper is missing repository for file:///home/marion
2024-11-06T12:19:19:100 [warning]: GitExtensionWrapper is missing repository for file:///home/marion
2024-11-06T12:19:20:099 [warning]: GitExtensionWrapper is missing repository for file:///home/marion
2024-11-06T12:19:21:100 [warning]: GitExtensionWrapper is missing repository for file:///home/marion
2024-11-06T12:19:22:100 [warning]: GitExtensionWrapper is missing repository for file:///home/marion
2024-11-06T12:19:23:101 [warning]: GitExtensionWrapper is missing repository for file:///home/marion
2024-11-06T12:19:24:102 [warning]: GitExtensionWrapper is missing repository for file:///home/marion
2024-11-06T12:19:25:102 [warning]: GitExtensionWrapper is missing repository for file:///home/marion
2024-11-06T12:19:26:103 [warning]: GitExtensionWrapper is missing repository for file:///home/marion
2024-11-06T12:19:27:104 [warning]: GitExtensionWrapper is missing repository for file:///home/marion
2024-11-06T12:19:28:105 [warning]: GitExtensionWrapper is missing repository for file:///home/marion
2024-11-06T12:19:29:106 [warning]: GitExtensionWrapper is missing repository for file:///home/marion
2024-11-06T12:19:30:106 [warning]: GitExtensionWrapper is missing repository for file:///home/marion
2024-11-06T12:19:31:107 [warning]: GitExtensionWrapper is missing repository for file:///home/marion
2024-11-06T12:19:32:108 [warning]: GitExtensionWrapper is missing repository for file:///home/marion
2024-11-06T12:19:33:109 [warning]: GitExtensionWrapper is missing repository for file:///home/marion
2024-11-06T12:19:34:110 [warning]: GitExtensionWrapper is missing repository for file:///home/marion
2024-11-06T12:19:35:111 [warning]: GitExtensionWrapper is missing repository for file:///home/marion
2024-11-06T12:19:36:112 [warning]: GitExtensionWrapper is missing repository for file:///home/marion
2024-11-06T12:19:37:113 [warning]: GitExtensionWrapper is missing repository for file:///home/marion
2024-11-06T12:19:38:113 [warning]: GitExtensionWrapper is missing repository for file:///home/marion
2024-11-06T12:19:39:114 [warning]: GitExtensionWrapper is missing repository for file:///home/marion
2024-11-06T12:19:40:116 [warning]: GitExtensionWrapper is missing repository for file:///home/marion
2024-11-06T12:19:41:119 [warning]: GitExtensionWrapper is missing repository for file:///home/marion
2024-11-06T12:19:42:120 [warning]: GitExtensionWrapper is missing repository for file:///home/marion
2024-11-06T12:19:43:121 [warning]: GitExtensionWrapper is missing repository for file:///home/marion
2024-11-06T12:19:44:123 [warning]: GitExtensionWrapper is missing repository for file:///home/marion
2024-11-06T12:19:45:123 [warning]: GitExtensionWrapper is missing repository for file:///home/marion
2024-11-06T12:19:46:124 [warning]: GitExtensionWrapper is missing repository for file:///home/marion
2024-11-06T12:19:47:130 [warning]: GitExtensionWrapper is missing repository for file:///home/marion
2024-11-06T12:19:48:130 [warning]: GitExtensionWrapper is missing repository for file:///home/marion
2024-11-06T12:19:49:131 [warning]: GitExtensionWrapper is missing repository for file:///home/marion
2024-11-06T12:19:50:132 [warning]: GitExtensionWrapper is missing repository for file:///home/marion
2024-11-06T12:19:51:133 [warning]: GitExtensionWrapper is missing repository for file:///home/marion
2024-11-06T12:19:52:134 [warning]: GitExtensionWrapper is missing repository for file:///home/marion
2024-11-06T12:19:53:134 [warning]: GitExtensionWrapper is missing repository for file:///home/marion
2024-11-06T12:19:53:480 [warning]: GitExtensionWrapper is missing repository for file:///home/marion
2024-11-06T12:19:54:135 [warning]: GitExtensionWrapper is missing repository for file:///home/marion
2024-11-06T12:19:55:136 [warning]: GitExtensionWrapper is missing repository for file:///home/marion
2024-11-06T12:19:56:137 [warning]: GitExtensionWrapper is missing repository for file:///home/marion
2024-11-06T12:19:57:138 [warning]: GitExtensionWrapper is missing repository for file:///home/marion
2024-11-06T12:19:58:140 [warning]: GitExtensionWrapper is missing repository for file:///home/marion
2024-11-06T12:19:59:141 [warning]: GitExtensionWrapper is missing repository for file:///home/marion
2024-11-06T12:20:00:143 [warning]: GitExtensionWrapper is missing repository for file:///home/marion
2024-11-06T12:20:01:143 [warning]: GitExtensionWrapper is missing repository for file:///home/marion
2024-11-06T12:20:02:145 [warning]: GitExtensionWrapper is missing repository for file:///home/marion
2024-11-06T12:20:03:146 [warning]: GitExtensionWrapper is missing repository for file:///home/marion
2024-11-06T12:20:04:148 [warning]: GitExtensionWrapper is missing repository for file:///home/marion
2024-11-06T12:20:05:149 [warning]: GitExtensionWrapper is missing repository for file:///home/marion
2024-11-06T12:20:06:151 [warning]: GitExtensionWrapper is missing repository for file:///home/marion
2024-11-06T12:20:07:152 [warning]: GitExtensionWrapper is missing repository for file:///home/marion
2024-11-06T12:20:08:153 [warning]: GitExtensionWrapper is missing repository for file:///home/marion
2024-11-06T12:20:09:154 [warning]: GitExtensionWrapper is missing repository for file:///home/marion
2024-11-06T12:20:10:154 [warning]: GitExtensionWrapper is missing repository for file:///home/marion
2024-11-06T12:20:11:155 [warning]: GitExtensionWrapper is missing repository for file:///home/marion
2024-11-06T12:20:12:156 [warning]: GitExtensionWrapper is missing repository for file:///home/marion
2024-11-06T12:20:13:157 [warning]: GitExtensionWrapper is missing repository for file:///home/marion
2024-11-06T12:20:14:158 [warning]: GitExtensionWrapper is missing repository for file:///home/marion
2024-11-06T12:20:15:159 [warning]: GitExtensionWrapper is missing repository for file:///home/marion
2024-11-06T12:20:16:159 [warning]: GitExtensionWrapper is missing repository for file:///home/marion
2024-11-06T12:20:17:160 [warning]: GitExtensionWrapper is missing repository for file:///home/marion
2024-11-06T12:20:18:161 [warning]: GitExtensionWrapper is missing repository for file:///home/marion
2024-11-06T12:20:19:162 [warning]: GitExtensionWrapper is missing repository for file:///home/marion
2024-11-06T12:20:20:162 [warning]: GitExtensionWrapper is missing repository for file:///home/marion
2024-11-06T12:20:21:162 [warning]: GitExtensionWrapper is missing repository for file:///home/marion
2024-11-06T12:20:22:162 [warning]: GitExtensionWrapper is missing repository for file:///home/marion
2024-11-06T12:20:23:164 [warning]: GitExtensionWrapper is missing repository for file:///home/marion
2024-11-06T12:20:24:165 [warning]: GitExtensionWrapper is missing repository for file:///home/marion
2024-11-06T12:20:25:165 [warning]: GitExtensionWrapper is missing repository for file:///home/marion
2024-11-06T12:20:26:166 [warning]: GitExtensionWrapper is missing repository for file:///home/marion
2024-11-06T12:20:27:167 [warning]: GitExtensionWrapper is missing repository for file:///home/marion
2024-11-06T12:20:28:168 [warning]: GitExtensionWrapper is missing repository for file:///home/marion
2024-11-06T12:20:29:169 [warning]: GitExtensionWrapper is missing repository for file:///home/marion
2024-11-06T12:20:30:170 [warning]: GitExtensionWrapper is missing repository for file:///home/marion
2024-11-06T12:20:31:171 [warning]: GitExtensionWrapper is missing repository for file:///home/marion
2024-11-06T12:20:32:172 [warning]: GitExtensionWrapper is missing repository for file:///home/marion
2024-11-06T12:20:33:172 [warning]: GitExtensionWrapper is missing repository for file:///home/marion
2024-11-06T12:20:34:173 [warning]: GitExtensionWrapper is missing repository for file:///home/marion
2024-11-06T12:20:35:174 [warning]: GitExtensionWrapper is missing repository for file:///home/marion
2024-11-06T12:20:36:175 [warning]: GitExtensionWrapper is missing repository for file:///home/marion
2024-11-06T12:20:37:176 [warning]: GitExtensionWrapper is missing repository for file:///home/marion
2024-11-06T12:20:38:177 [warning]: GitExtensionWrapper is missing repository for file:///home/marion
2024-11-06T12:20:39:177 [warning]: GitExtensionWrapper is missing repository for file:///home/marion
2024-11-06T12:20:40:087 [warning]: GitExtensionWrapper is missing repository for file:///home/marion
2024-11-06T12:20:40:177 [warning]: GitExtensionWrapper is missing repository for file:///home/marion
2024-11-06T12:20:41:179 [warning]: GitExtensionWrapper is missing repository for file:///home/marion
2024-11-06T12:20:42:178 [warning]: GitExtensionWrapper is missing repository for file:///home/marion
2024-11-06T12:20:43:179 [warning]: GitExtensionWrapper is missing repository for file:///home/marion
2024-11-06T12:20:44:180 [warning]: GitExtensionWrapper is missing repository for file:///home/marion
2024-11-06T12:20:45:181 [warning]: GitExtensionWrapper is missing repository for file:///home/marion
2024-11-06T12:20:46:182 [warning]: GitExtensionWrapper is missing repository for file:///home/marion
2024-11-06T12:20:47:183 [warning]: GitExtensionWrapper is missing repository for file:///home/marion
2024-11-06T12:20:48:183 [warning]: GitExtensionWrapper is missing repository for file:///home/marion
2024-11-06T12:20:49:184 [warning]: GitExtensionWrapper is missing repository for file:///home/marion
2024-11-06T12:20:50:189 [warning]: GitExtensionWrapper is missing repository for file:///home/marion
2024-11-06T12:20:51:190 [warning]: GitExtensionWrapper is missing repository for file:///home/marion
2024-11-06T12:20:52:192 [warning]: GitExtensionWrapper is missing repository for file:///home/marion
2024-11-06T12:20:53:193 [warning]: GitExtensionWrapper is missing repository for file:///home/marion
2024-11-06T12:20:54:194 [warning]: GitExtensionWrapper is missing repository for file:///home/marion
2024-11-06T12:20:55:195 [warning]: GitExtensionWrapper is missing repository for file:///home/marion
2024-11-06T12:20:56:196 [warning]: GitExtensionWrapper is missing repository for file:///home/marion
2024-11-06T12:20:57:197 [warning]: GitExtensionWrapper is missing repository for file:///home/marion
2024-11-06T12:20:58:199 [warning]: GitExtensionWrapper is missing repository for file:///home/marion
2024-11-06T12:20:59:200 [warning]: GitExtensionWrapper is missing repository for file:///home/marion
2024-11-06T12:21:00:201 [warning]: GitExtensionWrapper is missing repository for file:///home/marion
2024-11-06T12:21:01:202 [warning]: GitExtensionWrapper is missing repository for file:///home/marion
2024-11-06T12:21:02:203 [warning]: GitExtensionWrapper is missing repository for file:///home/marion
2024-11-06T12:21:03:204 [warning]: GitExtensionWrapper is missing repository for file:///home/marion
2024-11-06T12:21:04:206 [warning]: GitExtensionWrapper is missing repository for file:///home/marion
2024-11-06T12:21:05:207 [warning]: GitExtensionWrapper is missing repository for file:///home/marion
2024-11-06T12:21:06:208 [warning]: GitExtensionWrapper is missing repository for file:///home/marion
2024-11-06T12:21:07:209 [warning]: GitExtensionWrapper is missing repository for file:///home/marion
2024-11-06T12:21:08:211 [warning]: GitExtensionWrapper is missing repository for file:///home/marion
2024-11-06T12:21:09:213 [warning]: GitExtensionWrapper is missing repository for file:///home/marion
2024-11-06T12:21:10:087 [warning]: GitExtensionWrapper is missing repository for file:///home/marion
2024-11-06T12:21:10:213 [warning]: GitExtensionWrapper is missing repository for file:///home/marion
2024-11-06T12:21:11:214 [warning]: GitExtensionWrapper is missing repository for file:///home/marion
2024-11-06T12:21:12:216 [warning]: GitExtensionWrapper is missing repository for file:///home/marion
2024-11-06T12:21:13:218 [warning]: GitExtensionWrapper is missing repository for file:///home/marion
2024-11-06T12:21:14:219 [warning]: GitExtensionWrapper is missing repository for file:///home/marion
2024-11-06T12:21:15:220 [warning]: GitExtensionWrapper is missing repository for file:///home/marion
2024-11-06T12:21:16:221 [warning]: GitExtensionWrapper is missing repository for file:///home/marion
2024-11-06T12:21:17:221 [warning]: GitExtensionWrapper is missing repository for file:///home/marion
2024-11-06T12:21:18:221 [warning]: GitExtensionWrapper is missing repository for file:///home/marion
2024-11-06T12:21:19:221 [warning]: GitExtensionWrapper is missing repository for file:///home/marion
2024-11-06T12:21:20:221 [warning]: GitExtensionWrapper is missing repository for file:///home/marion
2024-11-06T12:21:21:221 [warning]: GitExtensionWrapper is missing repository for file:///home/marion
2024-11-06T12:21:22:222 [warning]: GitExtensionWrapper is missing repository for file:///home/marion
2024-11-06T12:21:23:223 [warning]: GitExtensionWrapper is missing repository for file:///home/marion
2024-11-06T12:21:24:234 [warning]: GitExtensionWrapper is missing repository for file:///home/marion
2024-11-06T12:21:25:234 [warning]: GitExtensionWrapper is missing repository for file:///home/marion
2024-11-06T12:21:26:235 [warning]: GitExtensionWrapper is missing repository for file:///home/marion
2024-11-06T12:21:30:237 [warning]: GitExtensionWrapper is missing repository for file:///home/marion
2024-11-06T12:21:31:237 [warning]: GitExtensionWrapper is missing repository for file:///home/marion
2024-11-06T12:21:32:238 [warning]: GitExtensionWrapper is missing repository for file:///home/marion
2024-11-06T12:21:33:239 [warning]: GitExtensionWrapper is missing repository for file:///home/marion
2024-11-06T12:21:34:240 [warning]: GitExtensionWrapper is missing repository for file:///home/marion
2024-11-06T12:21:35:241 [warning]: GitExtensionWrapper is missing repository for file:///home/marion
2024-11-06T12:21:36:241 [warning]: GitExtensionWrapper is missing repository for file:///home/marion
2024-11-06T12:21:37:242 [warning]: GitExtensionWrapper is missing repository for file:///home/marion
2024-11-06T12:21:38:244 [warning]: GitExtensionWrapper is missing repository for file:///home/marion
2024-11-06T12:21:39:245 [warning]: GitExtensionWrapper is missing repository for file:///home/marion
2024-11-06T12:21:40:088 [warning]: GitExtensionWrapper is missing repository for file:///home/marion
2024-11-06T12:21:40:245 [warning]: GitExtensionWrapper is missing repository for file:///home/marion
2024-11-06T12:21:41:246 [warning]: GitExtensionWrapper is missing repository for file:///home/marion
2024-11-06T12:21:42:248 [warning]: GitExtensionWrapper is missing repository for file:///home/marion
2024-11-06T12:21:43:249 [warning]: GitExtensionWrapper is missing repository for file:///home/marion
2024-11-06T12:21:44:250 [warning]: GitExtensionWrapper is missing repository for file:///home/marion
2024-11-06T12:21:45:251 [warning]: GitExtensionWrapper is missing repository for file:///home/marion
2024-11-06T12:21:46:252 [warning]: GitExtensionWrapper is missing repository for file:///home/marion
2024-11-06T12:21:47:252 [warning]: GitExtensionWrapper is missing repository for file:///home/marion
2024-11-06T12:21:48:253 [warning]: GitExtensionWrapper is missing repository for file:///home/marion
2024-11-06T12:21:49:254 [warning]: GitExtensionWrapper is missing repository for file:///home/marion
2024-11-06T12:21:50:255 [warning]: GitExtensionWrapper is missing repository for file:///home/marion
2024-11-06T12:21:51:256 [warning]: GitExtensionWrapper is missing repository for file:///home/marion
2024-11-06T12:21:52:257 [warning]: GitExtensionWrapper is missing repository for file:///home/marion
2024-11-06T12:21:53:258 [warning]: GitExtensionWrapper is missing repository for file:///home/marion
2024-11-06T12:21:54:260 [warning]: GitExtensionWrapper is missing repository for file:///home/marion
2024-11-06T12:21:55:262 [warning]: GitExtensionWrapper is missing repository for file:///home/marion
2024-11-06T12:21:56:263 [warning]: GitExtensionWrapper is missing repository for file:///home/marion
2024-11-06T12:21:57:264 [warning]: GitExtensionWrapper is missing repository for file:///home/marion
2024-11-06T12:21:58:265 [warning]: GitExtensionWrapper is missing repository for file:///home/marion
2024-11-06T12:21:59:266 [warning]: GitExtensionWrapper is missing repository for file:///home/marion
2024-11-06T12:22:00:267 [warning]: GitExtensionWrapper is missing repository for file:///home/marion
2024-11-06T12:22:01:267 [warning]: GitExtensionWrapper is missing repository for file:///home/marion
2024-11-06T12:22:02:268 [warning]: GitExtensionWrapper is missing repository for file:///home/marion
2024-11-06T12:22:03:268 [warning]: GitExtensionWrapper is missing repository for file:///home/marion
2024-11-06T12:22:04:269 [warning]: GitExtensionWrapper is missing repository for file:///home/marion
2024-11-06T12:22:05:269 [warning]: GitExtensionWrapper is missing repository for file:///home/marion
2024-11-06T12:22:06:270 [warning]: GitExtensionWrapper is missing repository for file:///home/marion
2024-11-06T12:22:07:271 [warning]: GitExtensionWrapper is missing repository for file:///home/marion
2024-11-06T12:22:08:272 [warning]: GitExtensionWrapper is missing repository for file:///home/marion
2024-11-06T12:22:09:272 [warning]: GitExtensionWrapper is missing repository for file:///home/marion
2024-11-06T12:22:10:088 [warning]: GitExtensionWrapper is missing repository for file:///home/marion
2024-11-06T12:22:10:273 [warning]: GitExtensionWrapper is missing repository for file:///home/marion
2024-11-06T12:22:11:273 [warning]: GitExtensionWrapper is missing repository for file:///home/marion
2024-11-06T12:22:12:274 [warning]: GitExtensionWrapper is missing repository for file:///home/marion
2024-11-06T12:22:13:275 [warning]: GitExtensionWrapper is missing repository for file:///home/marion
2024-11-06T12:22:14:276 [warning]: GitExtensionWrapper is missing repository for file:///home/marion
2024-11-06T12:22:15:276 [warning]: GitExtensionWrapper is missing repository for file:///home/marion
2024-11-06T12:22:16:278 [warning]: GitExtensionWrapper is missing repository for file:///home/marion
2024-11-06T12:22:17:278 [warning]: GitExtensionWrapper is missing repository for file:///home/marion
2024-11-06T12:22:18:278 [warning]: GitExtensionWrapper is missing repository for file:///home/marion
2024-11-06T12:22:19:278 [warning]: GitExtensionWrapper is missing repository for file:///home/marion
2024-11-06T12:22:20:279 [warning]: GitExtensionWrapper is missing repository for file:///home/marion
2024-11-06T12:22:21:279 [warning]: GitExtensionWrapper is missing repository for file:///home/marion
2024-11-06T12:22:22:280 [warning]: GitExtensionWrapper is missing repository for file:///home/marion
2024-11-06T12:22:23:281 [warning]: GitExtensionWrapper is missing repository for file:///home/marion
2024-11-06T12:22:24:282 [warning]: GitExtensionWrapper is missing repository for file:///home/marion
2024-11-06T12:22:25:284 [warning]: GitExtensionWrapper is missing repository for file:///home/marion
2024-11-06T12:22:26:283 [warning]: GitExtensionWrapper is missing repository for file:///home/marion
2024-11-06T12:22:27:284 [warning]: GitExtensionWrapper is missing repository for file:///home/marion
2024-11-06T12:22:28:285 [warning]: GitExtensionWrapper is missing repository for file:///home/marion
2024-11-06T12:22:29:287 [warning]: GitExtensionWrapper is missing repository for file:///home/marion
2024-11-06T12:22:30:288 [warning]: GitExtensionWrapper is missing repository for file:///home/marion
2024-11-06T12:22:31:288 [warning]: GitExtensionWrapper is missing repository for file:///home/marion
2024-11-06T12:22:32:289 [warning]: GitExtensionWrapper is missing repository for file:///home/marion
2024-11-06T12:22:33:291 [warning]: GitExtensionWrapper is missing repository for file:///home/marion
2024-11-06T12:22:34:291 [warning]: GitExtensionWrapper is missing repository for file:///home/marion
2024-11-06T12:22:35:292 [warning]: GitExtensionWrapper is missing repository for file:///home/marion
2024-11-06T12:22:36:293 [warning]: GitExtensionWrapper is missing repository for file:///home/marion
2024-11-06T12:22:37:294 [warning]: GitExtensionWrapper is missing repository for file:///home/marion
2024-11-06T12:22:38:296 [warning]: GitExtensionWrapper is missing repository for file:///home/marion
2024-11-06T12:22:39:297 [warning]: GitExtensionWrapper is missing repository for file:///home/marion
2024-11-06T12:22:40:089 [warning]: GitExtensionWrapper is missing repository for file:///home/marion
2024-11-06T12:22:40:298 [warning]: GitExtensionWrapper is missing repository for file:///home/marion
2024-11-06T12:22:41:298 [warning]: GitExtensionWrapper is missing repository for file:///home/marion
2024-11-06T12:22:42:300 [warning]: GitExtensionWrapper is missing repository for file:///home/marion
2024-11-06T12:22:43:302 [warning]: GitExtensionWrapper is missing repository for file:///home/marion
2024-11-06T12:22:44:304 [warning]: GitExtensionWrapper is missing repository for file:///home/marion
2024-11-06T12:22:45:305 [warning]: GitExtensionWrapper is missing repository for file:///home/marion
2024-11-06T12:22:46:306 [warning]: GitExtensionWrapper is missing repository for file:///home/marion
2024-11-06T12:22:47:306 [warning]: GitExtensionWrapper is missing repository for file:///home/marion
2024-11-06T12:22:48:306 [warning]: GitExtensionWrapper is missing repository for file:///home/marion
2024-11-06T12:22:49:306 [warning]: GitExtensionWrapper is missing repository for file:///home/marion
2024-11-06T12:22:50:307 [warning]: GitExtensionWrapper is missing repository for file:///home/marion
2024-11-06T12:22:51:308 [warning]: GitExtensionWrapper is missing repository for file:///home/marion
2024-11-06T12:22:52:309 [warning]: GitExtensionWrapper is missing repository for file:///home/marion
2024-11-06T12:22:53:310 [warning]: GitExtensionWrapper is missing repository for file:///home/marion
2024-11-06T12:22:54:311 [warning]: GitExtensionWrapper is missing repository for file:///home/marion
2024-11-06T12:22:55:311 [warning]: GitExtensionWrapper is missing repository for file:///home/marion
2024-11-06T12:22:56:312 [warning]: GitExtensionWrapper is missing repository for file:///home/marion
2024-11-06T12:22:57:313 [warning]: GitExtensionWrapper is missing repository for file:///home/marion
2024-11-06T12:22:58:313 [warning]: GitExtensionWrapper is missing repository for file:///home/marion
2024-11-06T12:22:59:315 [warning]: GitExtensionWrapper is missing repository for file:///home/marion
2024-11-06T12:23:00:317 [warning]: GitExtensionWrapper is missing repository for file:///home/marion
2024-11-06T12:23:01:318 [warning]: GitExtensionWrapper is missing repository for file:///home/marion
2024-11-06T12:23:02:320 [warning]: GitExtensionWrapper is missing repository for file:///home/marion
2024-11-06T12:23:03:321 [warning]: GitExtensionWrapper is missing repository for file:///home/marion
2024-11-06T12:23:04:322 [warning]: GitExtensionWrapper is missing repository for file:///home/marion
2024-11-06T12:23:05:323 [warning]: GitExtensionWrapper is missing repository for file:///home/marion
2024-11-06T12:23:06:324 [warning]: GitExtensionWrapper is missing repository for file:///home/marion
2024-11-06T12:23:07:324 [warning]: GitExtensionWrapper is missing repository for file:///home/marion
2024-11-06T12:23:08:324 [warning]: GitExtensionWrapper is missing repository for file:///home/marion
2024-11-06T12:23:09:325 [warning]: GitExtensionWrapper is missing repository for file:///home/marion
2024-11-06T12:23:10:090 [warning]: GitExtensionWrapper is missing repository for file:///home/marion
2024-11-06T12:23:10:326 [warning]: GitExtensionWrapper is missing repository for file:///home/marion
2024-11-06T12:23:11:326 [warning]: GitExtensionWrapper is missing repository for file:///home/marion
2024-11-06T12:23:12:326 [warning]: GitExtensionWrapper is missing repository for file:///home/marion
2024-11-06T12:23:13:327 [warning]: GitExtensionWrapper is missing repository for file:///home/marion
2024-11-06T12:23:14:328 [warning]: GitExtensionWrapper is missing repository for file:///home/marion
2024-11-06T12:23:15:329 [warning]: GitExtensionWrapper is missing repository for file:///home/marion
2024-11-06T12:23:16:330 [warning]: GitExtensionWrapper is missing repository for file:///home/marion
2024-11-06T12:23:17:331 [warning]: GitExtensionWrapper is missing repository for file:///home/marion
2024-11-06T12:23:18:332 [warning]: GitExtensionWrapper is missing repository for file:///home/marion
2024-11-06T12:23:19:332 [warning]: GitExtensionWrapper is missing repository for file:///home/marion
2024-11-06T12:23:20:333 [warning]: GitExtensionWrapper is missing repository for file:///home/marion
2024-11-06T12:23:21:334 [warning]: GitExtensionWrapper is missing repository for file:///home/marion
2024-11-06T12:23:22:335 [warning]: GitExtensionWrapper is missing repository for file:///home/marion
2024-11-06T12:23:23:335 [warning]: GitExtensionWrapper is missing repository for file:///home/marion
2024-11-06T12:23:24:336 [warning]: GitExtensionWrapper is missing repository for file:///home/marion
2024-11-06T12:23:25:337 [warning]: GitExtensionWrapper is missing repository for file:///home/marion
2024-11-06T12:23:26:338 [warning]: GitExtensionWrapper is missing repository for file:///home/marion
2024-11-06T12:23:27:339 [warning]: GitExtensionWrapper is missing repository for file:///home/marion
2024-11-06T12:23:28:340 [warning]: GitExtensionWrapper is missing repository for file:///home/marion
2024-11-06T12:23:29:342 [warning]: GitExtensionWrapper is missing repository for file:///home/marion
2024-11-06T12:23:30:344 [warning]: GitExtensionWrapper is missing repository for file:///home/marion
2024-11-06T12:23:31:345 [warning]: GitExtensionWrapper is missing repository for file:///home/marion
2024-11-06T12:23:32:346 [warning]: GitExtensionWrapper is missing repository for file:///home/marion
2024-11-06T12:23:33:347 [warning]: GitExtensionWrapper is missing repository for file:///home/marion
2024-11-06T12:23:34:348 [warning]: GitExtensionWrapper is missing repository for file:///home/marion
2024-11-06T12:23:35:349 [warning]: GitExtensionWrapper is missing repository for file:///home/marion
2024-11-06T12:23:36:349 [warning]: GitExtensionWrapper is missing repository for file:///home/marion
2024-11-06T12:23:37:351 [warning]: GitExtensionWrapper is missing repository for file:///home/marion
2024-11-06T12:23:38:352 [warning]: GitExtensionWrapper is missing repository for file:///home/marion
2024-11-06T12:23:39:353 [warning]: GitExtensionWrapper is missing repository for file:///home/marion
2024-11-06T12:23:40:353 [warning]: GitExtensionWrapper is missing repository for file:///home/marion
2024-11-06T12:23:41:354 [warning]: GitExtensionWrapper is missing repository for file:///home/marion
2024-11-06T12:23:42:355 [warning]: GitExtensionWrapper is missing repository for file:///home/marion
2024-11-06T12:23:43:356 [warning]: GitExtensionWrapper is missing repository for file:///home/marion
2024-11-06T12:23:44:357 [warning]: GitExtensionWrapper is missing repository for file:///home/marion
2024-11-06T12:23:45:359 [warning]: GitExtensionWrapper is missing repository for file:///home/marion
2024-11-06T12:23:46:360 [warning]: GitExtensionWrapper is missing repository for file:///home/marion
2024-11-06T12:23:47:361 [warning]: GitExtensionWrapper is missing repository for file:///home/marion
2024-11-06T12:23:48:363 [warning]: GitExtensionWrapper is missing repository for file:///home/marion
2024-11-06T12:23:49:364 [warning]: GitExtensionWrapper is missing repository for file:///home/marion
2024-11-06T12:23:50:365 [warning]: GitExtensionWrapper is missing repository for file:///home/marion
2024-11-06T12:23:51:366 [warning]: GitExtensionWrapper is missing repository for file:///home/marion
2024-11-06T12:23:52:368 [warning]: GitExtensionWrapper is missing repository for file:///home/marion
2024-11-06T12:23:53:296 [warning]: GitExtensionWrapper is missing repository for file:///home/marion
2024-11-06T12:23:53:369 [warning]: GitExtensionWrapper is missing repository for file:///home/marion
2024-11-06T12:23:54:370 [warning]: GitExtensionWrapper is missing repository for file:///home/marion
2024-11-06T12:23:55:371 [warning]: GitExtensionWrapper is missing repository for file:///home/marion
2024-11-06T12:23:56:372 [warning]: GitExtensionWrapper is missing repository for file:///home/marion
2024-11-06T12:23:57:373 [warning]: GitExtensionWrapper is missing repository for file:///home/marion
2024-11-06T12:23:58:374 [warning]: GitExtensionWrapper is missing repository for file:///home/marion
2024-11-06T12:23:59:375 [warning]: GitExtensionWrapper is missing repository for file:///home/marion
2024-11-06T12:24:00:377 [warning]: GitExtensionWrapper is missing repository for file:///home/marion
2024-11-06T12:24:01:378 [warning]: GitExtensionWrapper is missing repository for file:///home/marion
2024-11-06T12:24:02:380 [warning]: GitExtensionWrapper is missing repository for file:///home/marion
2024-11-06T12:24:03:381 [warning]: GitExtensionWrapper is missing repository for file:///home/marion
2024-11-06T12:24:04:382 [warning]: GitExtensionWrapper is missing repository for file:///home/marion
2024-11-06T12:24:05:384 [warning]: GitExtensionWrapper is missing repository for file:///home/marion
2024-11-06T12:24:06:385 [warning]: GitExtensionWrapper is missing repository for file:///home/marion
2024-11-06T12:24:07:386 [warning]: GitExtensionWrapper is missing repository for file:///home/marion
2024-11-06T12:24:08:388 [warning]: GitExtensionWrapper is missing repository for file:///home/marion
2024-11-06T12:24:09:389 [warning]: GitExtensionWrapper is missing repository for file:///home/marion
2024-11-06T12:24:10:390 [warning]: GitExtensionWrapper is missing repository for file:///home/marion
2024-11-06T12:24:11:391 [warning]: GitExtensionWrapper is missing repository for file:///home/marion
2024-11-06T12:24:12:393 [warning]: GitExtensionWrapper is missing repository for file:///home/marion
2024-11-06T12:24:13:394 [warning]: GitExtensionWrapper is missing repository for file:///home/marion
2024-11-06T12:24:14:395 [warning]: GitExtensionWrapper is missing repository for file:///home/marion
2024-11-06T12:24:15:396 [warning]: GitExtensionWrapper is missing repository for file:///home/marion
2024-11-06T12:24:31:411 [warning]: GitExtensionWrapper is missing repository for file:///home/marion
2024-11-06T12:24:32:412 [warning]: GitExtensionWrapper is missing repository for file:///home/marion
2024-11-06T12:24:33:413 [warning]: GitExtensionWrapper is missing repository for file:///home/marion
2024-11-06T12:24:34:413 [warning]: GitExtensionWrapper is missing repository for file:///home/marion
2024-11-06T12:24:35:414 [warning]: GitExtensionWrapper is missing repository for file:///home/marion
2024-11-06T12:24:36:415 [warning]: GitExtensionWrapper is missing repository for file:///home/marion
2024-11-06T12:24:37:416 [warning]: GitExtensionWrapper is missing repository for file:///home/marion
2024-11-06T12:24:38:417 [warning]: GitExtensionWrapper is missing repository for file:///home/marion
2024-11-06T12:24:39:418 [warning]: GitExtensionWrapper is missing repository for file:///home/marion
2024-11-06T12:24:40:419 [warning]: GitExtensionWrapper is missing repository for file:///home/marion
2024-11-06T12:24:41:420 [warning]: GitExtensionWrapper is missing repository for file:///home/marion
2024-11-06T12:24:42:421 [warning]: GitExtensionWrapper is missing repository for file:///home/marion
2024-11-06T12:24:43:421 [warning]: GitExtensionWrapper is missing repository for file:///home/marion
2024-11-06T12:24:44:421 [warning]: GitExtensionWrapper is missing repository for file:///home/marion
2024-11-06T12:24:45:423 [warning]: GitExtensionWrapper is missing repository for file:///home/marion
2024-11-06T12:24:46:423 [warning]: GitExtensionWrapper is missing repository for file:///home/marion
2024-11-06T12:24:47:424 [warning]: GitExtensionWrapper is missing repository for file:///home/marion
2024-11-06T12:24:48:425 [warning]: GitExtensionWrapper is missing repository for file:///home/marion
2024-11-06T12:24:49:425 [warning]: GitExtensionWrapper is missing repository for file:///home/marion
2024-11-06T12:24:50:426 [warning]: GitExtensionWrapper is missing repository for file:///home/marion
2024-11-06T12:24:51:427 [warning]: GitExtensionWrapper is missing repository for file:///home/marion
2024-11-06T12:24:52:428 [warning]: GitExtensionWrapper is missing repository for file:///home/marion
2024-11-06T12:24:53:299 [warning]: GitExtensionWrapper is missing repository for file:///home/marion
2024-11-06T12:24:53:429 [warning]: GitExtensionWrapper is missing repository for file:///home/marion
2024-11-06T12:24:54:431 [warning]: GitExtensionWrapper is missing repository for file:///home/marion
2024-11-06T12:24:55:433 [warning]: GitExtensionWrapper is missing repository for file:///home/marion
2024-11-06T12:24:56:435 [warning]: GitExtensionWrapper is missing repository for file:///home/marion
2024-11-06T12:24:57:435 [warning]: GitExtensionWrapper is missing repository for file:///home/marion
2024-11-06T12:24:58:437 [warning]: GitExtensionWrapper is missing repository for file:///home/marion
2024-11-06T12:24:59:437 [warning]: GitExtensionWrapper is missing repository for file:///home/marion
2024-11-06T12:25:00:438 [warning]: GitExtensionWrapper is missing repository for file:///home/marion
2024-11-06T12:25:01:438 [warning]: GitExtensionWrapper is missing repository for file:///home/marion
2024-11-06T12:25:02:439 [warning]: GitExtensionWrapper is missing repository for file:///home/marion
2024-11-06T12:25:03:439 [warning]: GitExtensionWrapper is missing repository for file:///home/marion
2024-11-06T12:25:04:440 [warning]: GitExtensionWrapper is missing repository for file:///home/marion
2024-11-06T12:25:05:442 [warning]: GitExtensionWrapper is missing repository for file:///home/marion
2024-11-06T12:25:06:443 [warning]: GitExtensionWrapper is missing repository for file:///home/marion
2024-11-06T12:25:07:444 [warning]: GitExtensionWrapper is missing repository for file:///home/marion
2024-11-06T12:25:08:445 [warning]: GitExtensionWrapper is missing repository for file:///home/marion
2024-11-06T12:25:09:447 [warning]: GitExtensionWrapper is missing repository for file:///home/marion
2024-11-06T12:25:10:448 [warning]: GitExtensionWrapper is missing repository for file:///home/marion
2024-11-06T12:25:11:449 [warning]: GitExtensionWrapper is missing repository for file:///home/marion
2024-11-06T12:25:12:451 [warning]: GitExtensionWrapper is missing repository for file:///home/marion
2024-11-06T12:25:13:453 [warning]: GitExtensionWrapper is missing repository for file:///home/marion
2024-11-06T12:25:14:455 [warning]: GitExtensionWrapper is missing repository for file:///home/marion
2024-11-06T12:25:15:457 [warning]: GitExtensionWrapper is missing repository for file:///home/marion
2024-11-06T12:25:16:458 [warning]: GitExtensionWrapper is missing repository for file:///home/marion
2024-11-06T12:25:17:459 [warning]: GitExtensionWrapper is missing repository for file:///home/marion
2024-11-06T12:25:18:461 [warning]: GitExtensionWrapper is missing repository for file:///home/marion
2024-11-06T12:25:19:460 [warning]: GitExtensionWrapper is missing repository for file:///home/marion
2024-11-06T12:25:20:461 [warning]: GitExtensionWrapper is missing repository for file:///home/marion
2024-11-06T12:25:21:462 [warning]: GitExtensionWrapper is missing repository for file:///home/marion
2024-11-06T12:25:22:463 [warning]: GitExtensionWrapper is missing repository for file:///home/marion
2024-11-06T12:25:23:465 [warning]: GitExtensionWrapper is missing repository for file:///home/marion
2024-11-06T12:25:23:471 [info]: Extracted urls: []
2024-11-06T12:25:23:560 [info]: Found 0 projects for urls: []
