2024-11-06 09:17:06.312 [info] Log level: Info
2024-11-06 09:17:06.312 [info] Validating found git in: "git"
2024-11-06 09:17:06.312 [info] Using git "2.43.2" from "git"
2024-11-06 09:17:06.312 [info] > git rev-parse --show-toplevel [7ms]
2024-11-06 09:17:06.330 [info] > git rev-parse --git-dir --git-common-dir [34ms]
2024-11-06 09:17:06.394 [info] Open repository: /home/marion/visualisation
2024-11-06 09:17:06.458 [info] > git config --get commit.template [44ms]
2024-11-06 09:17:07.184 [info] > git rev-parse --show-toplevel [733ms]
2024-11-06 09:17:07.247 [info] > git fetch [855ms]
2024-11-06 09:17:07.283 [info] > git rev-parse --git-dir --git-common-dir [37ms]
2024-11-06 09:17:07.349 [info] Open repository: /home/marion/visualisation/d3visualisation
2024-11-06 09:17:07.352 [info] > git for-each-ref --format=%(refname)%00%(upstream:short)%00%(objectname)%00%(upstream:track)%00%(upstream:remotename)%00%(upstream:remoteref) refs/heads/master refs/remotes/master [114ms]
2024-11-06 09:17:07.488 [info] > git config --get commit.template [206ms]
2024-11-06 09:17:07.497 [info] > git config --get commit.template [54ms]
2024-11-06 09:17:07.552 [info] > git rev-parse --show-toplevel [66ms]
2024-11-06 09:17:07.657 [info] > git rev-parse --git-dir --git-common-dir [57ms]
2024-11-06 09:17:07.682 [info] Open repository: /home/marion/visualisation/d3trials
2024-11-06 09:17:07.693 [info] > git for-each-ref --format=%(refname)%00%(upstream:short)%00%(objectname)%00%(upstream:track)%00%(upstream:remotename)%00%(upstream:remoteref) refs/heads/main refs/remotes/main [127ms]
2024-11-06 09:17:07.694 [info] > git for-each-ref --format=%(refname)%00%(upstream:short)%00%(objectname)%00%(upstream:track)%00%(upstream:remotename)%00%(upstream:remoteref) refs/heads/master refs/remotes/master [143ms]
2024-11-06 09:17:07.914 [info] > git config --get commit.template [257ms]
2024-11-06 09:17:07.928 [info] > git check-ignore -v -z --stdin [152ms]
2024-11-06 09:17:08.325 [info] > git fetch [643ms]
2024-11-06 09:17:08.326 [info] > git fetch [978ms]
2024-11-06 09:17:08.327 [info] > git config --get commit.template [414ms]
2024-11-06 09:17:08.381 [info] > git for-each-ref --format=%(refname)%00%(upstream:short)%00%(objectname)%00%(upstream:track)%00%(upstream:remotename)%00%(upstream:remoteref) refs/heads/master refs/remotes/master [58ms]
2024-11-06 09:17:08.526 [info] > git config --get commit.template [154ms]
2024-11-06 09:17:08.526 [info] > git for-each-ref --format=%(refname)%00%(upstream:short)%00%(objectname)%00%(upstream:track)%00%(upstream:remotename)%00%(upstream:remoteref) refs/heads/main refs/remotes/main [175ms]
2024-11-06 09:17:08.679 [info] > git config --get commit.template [208ms]
2024-11-06 09:17:08.683 [info] > git config --get commit.template [298ms]
2024-11-06 09:17:09.456 [info] > git check-ignore -v -z --stdin [197ms]
2024-11-06 09:17:09.459 [info] > git for-each-ref --format=%(refname)%00%(upstream:short)%00%(objectname)%00%(upstream:track)%00%(upstream:remotename)%00%(upstream:remoteref) refs/heads/main refs/remotes/main [540ms]
2024-11-06 09:17:09.459 [info] > git for-each-ref --format=%(refname)%00%(upstream:short)%00%(objectname)%00%(upstream:track)%00%(upstream:remotename)%00%(upstream:remoteref) refs/heads/main refs/remotes/main [615ms]
2024-11-06 09:17:09.566 [info] > git status -z -uall [114ms]
2024-11-06 09:17:09.603 [info] > git for-each-ref --format=%(refname)%00%(upstream:short)%00%(objectname)%00%(upstream:track)%00%(upstream:remotename)%00%(upstream:remoteref) refs/heads/main refs/remotes/main [209ms]
2024-11-06 09:17:09.864 [info] > git config --get commit.template [72ms]
2024-11-06 09:17:10.020 [info] > git for-each-ref --format=%(refname)%00%(upstream:short)%00%(objectname)%00%(upstream:track)%00%(upstream:remotename)%00%(upstream:remoteref) refs/heads/main refs/remotes/main [48ms]
2024-11-06 09:17:10.044 [info] > git status -z -uall [44ms]
2024-11-06 09:17:10.283 [info] > git status -z -uall [56ms]
2024-11-06 09:17:12.279 [info] > git config --local branch.main.github-pr-owner-number [359ms]
2024-11-06 09:17:12.409 [info] > git config --local branch.master.github-pr-owner-number [135ms]
2024-11-06 09:17:12.603 [info] > git config --local branch.main.github-pr-owner-number [195ms]
2024-11-06 09:17:12.847 [info] > git show --textconv :src/app/newgraph/newgraph.component.ts [115ms]
2024-11-06 09:17:12.853 [info] > git ls-files --stage -- /home/marion/visualisation/d3visualisation/src/app/newgraph/newgraph.component.ts [99ms]
2024-11-06 09:17:12.930 [info] > git cat-file -s abecd5196609e98354ccbcfca703017b0107e229 [47ms]
2024-11-06 09:17:13.283 [info] > git config --get commit.template [35ms]
2024-11-06 09:17:13.283 [info] > git config --get commit.template [47ms]
2024-11-06 09:17:13.501 [info] > git for-each-ref --format=%(refname)%00%(upstream:short)%00%(objectname)%00%(upstream:track)%00%(upstream:remotename)%00%(upstream:remoteref) refs/heads/master refs/remotes/master [77ms]
2024-11-06 09:17:13.503 [info] > git for-each-ref --format=%(refname)%00%(upstream:short)%00%(objectname)%00%(upstream:track)%00%(upstream:remotename)%00%(upstream:remoteref) refs/heads/main refs/remotes/main [108ms]
2024-11-06 09:17:13.504 [info] > git for-each-ref --format=%(refname)%00%(upstream:short)%00%(objectname)%00%(upstream:track)%00%(upstream:remotename)%00%(upstream:remoteref) refs/heads/main refs/remotes/main [159ms]
2024-11-06 09:17:13.504 [info] > git config --get commit.template [227ms]
2024-11-06 09:17:13.657 [info] > git status -z -uall [104ms]
2024-11-06 09:17:13.657 [info] > git status -z -uall [73ms]
2024-11-06 09:17:13.657 [info] > git status -z -uall [54ms]
