2024-11-08 13:16:10.689 [info] Extension host with pid 3454 started
2024-11-08 13:16:10.689 [info] Skipping acquiring lock for /home/marion/.config/Code/User/workspaceStorage/c4f70ef94bd327dc9af641c51028476c.
2024-11-08 13:16:10.989 [info] ExtensionService#_doActivateExtension vscode.emmet, startup: false, activationEvent: 'onLanguage'
2024-11-08 13:16:10.995 [info] ExtensionService#_doActivateExtension vscode.html-language-features, startup: false, activationEvent: 'onLanguage:html'
2024-11-08 13:16:11.031 [info] ExtensionService#_doActivateExtension Angular.ng-template, startup: false, activationEvent: 'onLanguage:html'
2024-11-08 13:16:11.902 [info] ExtensionService#_doActivateExtension vscode.git-base, startup: true, activationEvent: '*', root cause: vscode.git
2024-11-08 13:16:11.907 [info] ExtensionService#_doActivateExtension vscode.npm, startup: true, activationEvent: 'workspaceContains:package.json'
2024-11-08 13:16:12.122 [info] ExtensionService#_doActivateExtension vscode.git, startup: true, activationEvent: '*'
2024-11-08 13:16:12.153 [info] ExtensionService#_doActivateExtension vscode.github, startup: true, activationEvent: '*'
2024-11-08 13:16:12.465 [info] Eager extensions activated
2024-11-08 13:16:12.576 [info] ExtensionService#_doActivateExtension vscode.debug-auto-launch, startup: false, activationEvent: 'onStartupFinished'
2024-11-08 13:16:12.580 [info] ExtensionService#_doActivateExtension vscode.merge-conflict, startup: false, activationEvent: 'onStartupFinished'
2024-11-08 13:16:12.604 [info] ExtensionService#_doActivateExtension vscode.github-authentication, startup: false, activationEvent: 'onStartupFinished', root cause: GitHub.vscode-pull-request-github
2024-11-08 13:16:12.702 [info] ExtensionService#_doActivateExtension GitLab.gitlab-workflow, startup: false, activationEvent: 'onStartupFinished'
2024-11-08 13:16:12.946 [info] ExtensionService#_doActivateExtension ms-vscode-remote.remote-containers, startup: false, activationEvent: 'onStartupFinished'
2024-11-08 13:16:12.984 [info] ExtensionService#_doActivateExtension ritwickdey.LiveServer, startup: false, activationEvent: 'onStartupFinished'
2024-11-08 13:16:13.131 [info] ExtensionService#_doActivateExtension GitHub.vscode-pull-request-github, startup: false, activationEvent: 'onStartupFinished'
2024-11-08 13:16:30.321 [warning] [Decorations] CAPPING events from decorations provider vscode.git 10001
2024-11-08 13:16:32.337 [warning] [Decorations] CAPPING events from decorations provider vscode.git 10001
2024-11-08 13:16:44.370 [info] ExtensionService#_doActivateExtension vscode.typescript-language-features, startup: false, activationEvent: 'onLanguage:typescript'
2024-11-08 13:20:59.940 [info] ExtensionService#_doActivateExtension vscode.json-language-features, startup: false, activationEvent: 'onLanguage:jsonc'
2024-11-08 13:23:14.760 [warning] [Decorations] CAPPING events from decorations provider vscode.git 11372
2024-11-08 13:31:55.284 [warning] [Decorations] CAPPING events from decorations provider vscode.git 12685
2024-11-08 13:36:38.975 [warning] [Decorations] CAPPING events from decorations provider vscode.git 11778
2024-11-08 13:37:24.589 [warning] [Decorations] CAPPING events from decorations provider vscode.git 11382
2024-11-08 13:37:47.450 [warning] [Decorations] CAPPING events from decorations provider vscode.git 10000
2024-11-08 13:39:44.414 [warning] [Decorations] CAPPING events from decorations provider vscode.git 10545
2024-11-08 13:39:48.301 [warning] [Decorations] CAPPING events from decorations provider vscode.git 10348
2024-11-08 13:42:26.974 [warning] [Decorations] CAPPING events from decorations provider vscode.git 10676
2024-11-08 13:42:31.180 [warning] [Decorations] CAPPING events from decorations provider vscode.git 19986
2024-11-08 13:42:34.725 [warning] [Decorations] CAPPING events from decorations provider vscode.git 10183
2024-11-08 13:43:07.038 [warning] [Decorations] CAPPING events from decorations provider vscode.git 10183
2024-11-08 13:43:09.475 [warning] [Decorations] CAPPING events from decorations provider vscode.git 20000
2024-11-08 13:43:13.017 [warning] [Decorations] CAPPING events from decorations provider vscode.git 10000
