2024-11-06 12:12:45.388 [info] Added views:workbench.panel.markers.view in workbench.panel.markers
2024-11-06 12:12:45.388 [info] Added views:workbench.panel.output in workbench.panel.output
2024-11-06 12:12:45.388 [info] Added views:terminal in terminal
2024-11-06 12:12:45.388 [info] Added views:outline in workbench.view.explorer
2024-11-06 12:12:45.388 [info] Added views:workbench.scm in workbench.view.scm
2024-11-06 12:12:45.388 [info] Added views:workbench.view.search in workbench.view.search
2024-11-06 12:12:45.388 [info] Added views:timeline in workbench.view.explorer
2024-11-06 12:12:45.388 [info] Added views:workbench.explorer.fileView in workbench.view.explorer
2024-11-06 12:12:45.768 [info] Added views:pr:github,issues:github in workbench.view.extension.github-pull-requests
2024-11-06 12:12:45.768 [info] Added views:dockerContainers,dockerImages,dockerRegistries,dockerNetworks,dockerVolumes,vscode-docker.views.dockerContexts,vscode-docker.views.help in workbench.view.extension.dockerView
2024-11-06 12:12:45.771 [info] Added views:targetsContainers,devVolumes in workbench.view.remote
2024-11-06 12:12:46.038 [info] Added views:workbench.debug.variablesView,workbench.debug.watchExpressionsView,workbench.debug.callStackView,workbench.debug.breakPointsView in workbench.view.debug
2024-11-06 12:12:46.071 [info] Added views:workbench.panel.repl.view in workbench.panel.repl
2024-11-06 12:12:46.073 [info] Removed views:workbench.debug.breakPointsView,workbench.debug.callStackView,workbench.debug.watchExpressionsView,workbench.debug.variablesView from workbench.view.debug
2024-11-06 12:12:46.073 [info] Added views:workbench.debug.welcome in workbench.view.debug
2024-11-06 12:12:46.317 [info] Added views:~remote.forwardedPorts in ~remote.forwardedPortsContainer
2024-11-06 12:12:49.087 [info] Added views:issuesAndMrs in workbench.view.extension.gitlab-workflow
2024-11-06 12:12:49.606 [info] Added views:workbench.panel.comments in workbench.panel.comments
2024-11-06 12:23:53.410 [info] Added views:workbench.views.extensions.installed,workbench.views.extensions.popular,extensions.recommendedList in workbench.view.extensions
2024-11-06 12:23:53.414 [info] Removed views:workbench.views.extensions.popular from workbench.view.extensions
2024-11-06 12:23:56.474 [info] Removed views:extensions.recommendedList,workbench.views.extensions.installed from workbench.view.extensions
2024-11-06 12:23:56.495 [info] Added views:workbench.views.extensions.marketplace in workbench.view.extensions
