2024-11-06 12:08:29.587 [info] Added views:workbench.panel.markers.view in workbench.panel.markers
2024-11-06 12:08:29.588 [info] Added views:workbench.panel.output in workbench.panel.output
2024-11-06 12:08:29.588 [info] Added views:terminal in terminal
2024-11-06 12:08:29.588 [info] Added views:outline in workbench.view.explorer
2024-11-06 12:08:29.588 [info] Added views:workbench.scm in workbench.view.scm
2024-11-06 12:08:29.588 [info] Added views:workbench.view.search in workbench.view.search
2024-11-06 12:08:29.588 [info] Added views:timeline in workbench.view.explorer
2024-11-06 12:08:29.588 [info] Added views:workbench.explorer.fileView in workbench.view.explorer
2024-11-06 12:08:30.026 [info] Added views:workbench.debug.welcome in workbench.view.debug
2024-11-06 12:08:30.250 [info] Added views:pr:github,issues:github in workbench.view.extension.github-pull-requests
2024-11-06 12:08:30.250 [info] Added views:issuesAndMrs in workbench.view.extension.gitlab-workflow
2024-11-06 12:08:30.250 [info] Added views:dockerContainers,dockerImages,dockerRegistries,dockerNetworks,dockerVolumes,vscode-docker.views.dockerContexts,vscode-docker.views.help in workbench.view.extension.dockerView
2024-11-06 12:08:30.250 [info] Added views:targetsContainers,devVolumes in workbench.view.remote
2024-11-06 12:08:30.865 [info] Added views:workbench.panel.repl.view in workbench.panel.repl
2024-11-06 12:08:39.825 [info] Added views:workbench.panel.comments in workbench.panel.comments
2024-11-06 12:08:40.287 [info] Added views:~remote.forwardedPorts in ~remote.forwardedPortsContainer
2024-11-06 12:08:40.762 [info] Added views:github:activePullRequest:welcome in workbench.view.extension.github-pull-request
2024-11-06 12:08:41.848 [info] Removed views:issues:github,pr:github from workbench.view.extension.github-pull-requests
2024-11-06 12:08:41.848 [info] Added views:github:login in workbench.view.extension.github-pull-requests
2024-11-06 12:08:42.382 [info] Removed views:github:activePullRequest:welcome from workbench.view.extension.github-pull-request
