2024-11-06T12:25:36:485 [info]: GitLab Language Server is starting (v6.13.0)
2024-11-06T12:25:36:532 [info]: [HttpServer]: server listening on http://127.0.0.1:37291/
2024-11-06T12:25:36:535 [info]: [Webview] Webview runtime setup completed successfully
2024-11-06T12:25:36:535 [info]: GitLab Language Server has started
2024-11-06T12:25:36:540 [warning]: Failed to parse user-configured Code Suggestions languages. Code Suggestions will still work for the default languages.
2024-11-06T12:25:36:542 [warning]: Invalid configuration for disabled Code Suggestions languages. All default languages remain enabled.
2024-11-06T12:25:36:547 [info]: Snowplow Telemetry: GitLab Duo Code Suggestions telemetry is enabled.
2024-11-06T12:25:36:548 [info]: Instance Telemetry: GitLab Duo Code Suggestions telemetry is enabled.
2024-11-06T12:25:36:549 [warning]: Failed to parse user-configured Code Suggestions languages. Code Suggestions will still work for the default languages.
2024-11-06T12:25:36:549 [warning]: Invalid configuration for disabled Code Suggestions languages. All default languages remain enabled.
2024-11-06T12:25:36:550 [info]: Snowplow Telemetry: GitLab Duo Code Suggestions telemetry is enabled.
2024-11-06T12:25:36:550 [info]: Instance Telemetry: GitLab Duo Code Suggestions telemetry is enabled.
2024-11-06T12:25:36:551 [warning]: Failed to parse user-configured Code Suggestions languages. Code Suggestions will still work for the default languages.
2024-11-06T12:25:36:551 [warning]: Invalid configuration for disabled Code Suggestions languages. All default languages remain enabled.
2024-11-06T12:25:36:552 [info]: Snowplow Telemetry: GitLab Duo Code Suggestions telemetry is enabled.
2024-11-06T12:25:36:552 [info]: Instance Telemetry: GitLab Duo Code Suggestions telemetry is enabled.
2024-11-06T12:25:36:552 [warning]: Failed to parse user-configured Code Suggestions languages. Code Suggestions will still work for the default languages.
2024-11-06T12:25:36:552 [warning]: Invalid configuration for disabled Code Suggestions languages. All default languages remain enabled.
2024-11-06T12:25:36:552 [info]: Snowplow Telemetry: GitLab Duo Code Suggestions telemetry is enabled.
2024-11-06T12:25:36:552 [info]: Instance Telemetry: GitLab Duo Code Suggestions telemetry is enabled.
2024-11-06T12:25:36:552 [warning]: Failed to parse user-configured Code Suggestions languages. Code Suggestions will still work for the default languages.
2024-11-06T12:25:36:553 [warning]: Invalid configuration for disabled Code Suggestions languages. All default languages remain enabled.
2024-11-06T12:25:36:553 [info]: Snowplow Telemetry: GitLab Duo Code Suggestions telemetry is enabled.
2024-11-06T12:25:36:553 [info]: Instance Telemetry: GitLab Duo Code Suggestions telemetry is enabled.
